.\Release_hl2mp\Server.pdb
c:\program files (x86)\steam\steamapps\SourceMods\contingency\bin\server.dll
C:\Users\James\Desktop\Source Code\contingency-src\src\game\server\.\Release_hl2mp\Server.dll
C:\USERS\JAMES\DESKTOP\SOURCE CODE\CONTINGENCY-SRC\SRC\GAME\SERVER\RELEASE_HL2MP\ACHIEVEMENT_SAVERESTORE.OBJ
C:\USERS\JAMES\DESKTOP\SOURCE CODE\CONTINGENCY-SRC\SRC\GAME\SERVER\RELEASE_HL2MP\ACHIEVEMENTMGR.OBJ
C:\USERS\JAMES\DESKTOP\SOURCE CODE\CONTINGENCY-SRC\SRC\GAME\SERVER\RELEASE_HL2MP\ACHIEVEMENTS_HLX.OBJ
C:\USERS\JAMES\DESKTOP\SOURCE CODE\CONTINGENCY-SRC\SRC\GAME\SERVER\RELEASE_HL2MP\ACTIVITYLIST.OBJ
C:\USERS\JAMES\DESKTOP\SOURCE CODE\CONTINGENCY-SRC\SRC\GAME\SERVER\RELEASE_HL2MP\AI_ACTIVITY.OBJ
C:\USERS\JAMES\DESKTOP\SOURCE CODE\CONTINGENCY-SRC\SRC\GAME\SERVER\RELEASE_HL2MP\AI_ALLYMANAGER.OBJ
C:\USERS\JAMES\DESKTOP\SOURCE CODE\CONTINGENCY-SRC\SRC\GAME\SERVER\RELEASE_HL2MP\AI_BASEACTOR.OBJ
C:\USERS\JAMES\DESKTOP\SOURCE CODE\CONTINGENCY-SRC\SRC\GAME\SERVER\RELEASE_HL2MP\AI_BASEHUMANOID.OBJ
C:\USERS\JAMES\DESKTOP\SOURCE CODE\CONTINGENCY-SRC\SRC\GAME\SERVER\RELEASE_HL2MP\AI_BASENPC.OBJ
C:\USERS\JAMES\DESKTOP\SOURCE CODE\CONTINGENCY-SRC\SRC\GAME\SERVER\RELEASE_HL2MP\AI_BASENPC_FLYER.OBJ
C:\USERS\JAMES\DESKTOP\SOURCE CODE\CONTINGENCY-SRC\SRC\GAME\SERVER\RELEASE_HL2MP\AI_BASENPC_FLYER_NEW.OBJ
C:\USERS\JAMES\DESKTOP\SOURCE CODE\CONTINGENCY-SRC\SRC\GAME\SERVER\RELEASE_HL2MP\AI_BASENPC_MOVEMENT.OBJ
C:\USERS\JAMES\DESKTOP\SOURCE CODE\CONTINGENCY-SRC\SRC\GAME\SERVER\RELEASE_HL2MP\AI_BASENPC_PHYSICSFLYER.OBJ
C:\USERS\JAMES\DESKTOP\SOURCE CODE\CONTINGENCY-SRC\SRC\GAME\SERVER\RELEASE_HL2MP\AI_BASENPC_SCHEDULE.OBJ
C:\USERS\JAMES\DESKTOP\SOURCE CODE\CONTINGENCY-SRC\SRC\GAME\SERVER\RELEASE_HL2MP\AI_BASENPC_SQUAD.OBJ
C:\USERS\JAMES\DESKTOP\SOURCE CODE\CONTINGENCY-SRC\SRC\GAME\SERVER\RELEASE_HL2MP\AI_BEHAVIOR.OBJ
C:\USERS\JAMES\DESKTOP\SOURCE CODE\CONTINGENCY-SRC\SRC\GAME\SERVER\RELEASE_HL2MP\AI_BEHAVIOR_ACTBUSY.OBJ
C:\USERS\JAMES\DESKTOP\SOURCE CODE\CONTINGENCY-SRC\SRC\GAME\SERVER\RELEASE_HL2MP\AI_BEHAVIOR_ASSAULT.OBJ
C:\USERS\JAMES\DESKTOP\SOURCE CODE\CONTINGENCY-SRC\SRC\GAME\SERVER\RELEASE_HL2MP\AI_BEHAVIOR_FEAR.OBJ
C:\USERS\JAMES\DESKTOP\SOURCE CODE\CONTINGENCY-SRC\SRC\GAME\SERVER\RELEASE_HL2MP\AI_BEHAVIOR_FOLLOW.OBJ
C:\USERS\JAMES\DESKTOP\SOURCE CODE\CONTINGENCY-SRC\SRC\GAME\SERVER\RELEASE_HL2MP\AI_BEHAVIOR_FUNCTANK.OBJ
C:\USERS\JAMES\DESKTOP\SOURCE CODE\CONTINGENCY-SRC\SRC\GAME\SERVER\RELEASE_HL2MP\AI_BEHAVIOR_HOLSTER.OBJ
C:\USERS\JAMES\DESKTOP\SOURCE CODE\CONTINGENCY-SRC\SRC\GAME\SERVER\RELEASE_HL2MP\AI_BEHAVIOR_LEAD.OBJ
C:\USERS\JAMES\DESKTOP\SOURCE CODE\CONTINGENCY-SRC\SRC\GAME\SERVER\RELEASE_HL2MP\AI_BEHAVIOR_POLICE.OBJ
C:\USERS\JAMES\DESKTOP\SOURCE CODE\CONTINGENCY-SRC\SRC\GAME\SERVER\RELEASE_HL2MP\AI_BEHAVIOR_RAPPEL.OBJ
C:\USERS\JAMES\DESKTOP\SOURCE CODE\CONTINGENCY-SRC\SRC\GAME\SERVER\RELEASE_HL2MP\AI_BEHAVIOR_STANDOFF.OBJ
C:\USERS\JAMES\DESKTOP\SOURCE CODE\CONTINGENCY-SRC\SRC\GAME\SERVER\RELEASE_HL2MP\AI_BLENDED_MOVEMENT.OBJ
C:\USERS\JAMES\DESKTOP\SOURCE CODE\CONTINGENCY-SRC\SRC\GAME\SERVER\RELEASE_HL2MP\AI_CONCOMMANDS.OBJ
C:\USERS\JAMES\DESKTOP\SOURCE CODE\CONTINGENCY-SRC\SRC\GAME\SERVER\RELEASE_HL2MP\AI_CONDITION.OBJ
C:\USERS\JAMES\DESKTOP\SOURCE CODE\CONTINGENCY-SRC\SRC\GAME\SERVER\RELEASE_HL2MP\AI_CRITERIA.OBJ
C:\USERS\JAMES\DESKTOP\SOURCE CODE\CONTINGENCY-SRC\SRC\GAME\SERVER\RELEASE_HL2MP\AI_DEFAULT.OBJ
C:\USERS\JAMES\DESKTOP\SOURCE CODE\CONTINGENCY-SRC\SRC\GAME\SERVER\RELEASE_HL2MP\AI_DYNAMICLINK.OBJ
C:\USERS\JAMES\DESKTOP\SOURCE CODE\CONTINGENCY-SRC\SRC\GAME\SERVER\RELEASE_HL2MP\AI_EVENT.OBJ
C:\USERS\JAMES\DESKTOP\SOURCE CODE\CONTINGENCY-SRC\SRC\GAME\SERVER\RELEASE_HL2MP\AI_GOAL_POLICE.OBJ
C:\USERS\JAMES\DESKTOP\SOURCE CODE\CONTINGENCY-SRC\SRC\GAME\SERVER\RELEASE_HL2MP\AI_GOALENTITY.OBJ
C:\USERS\JAMES\DESKTOP\SOURCE CODE\CONTINGENCY-SRC\SRC\GAME\SERVER\RELEASE_HL2MP\AI_HINT.OBJ
C:\USERS\JAMES\DESKTOP\SOURCE CODE\CONTINGENCY-SRC\SRC\GAME\SERVER\RELEASE_HL2MP\AI_HULL.OBJ
C:\USERS\JAMES\DESKTOP\SOURCE CODE\CONTINGENCY-SRC\SRC\GAME\SERVER\RELEASE_HL2MP\AI_INITUTILS.OBJ
C:\USERS\JAMES\DESKTOP\SOURCE CODE\CONTINGENCY-SRC\SRC\GAME\SERVER\RELEASE_HL2MP\AI_INTEREST_TARGET.OBJ
C:\USERS\JAMES\DESKTOP\SOURCE CODE\CONTINGENCY-SRC\SRC\GAME\SERVER\RELEASE_HL2MP\AI_LINK.OBJ
C:\USERS\JAMES\DESKTOP\SOURCE CODE\CONTINGENCY-SRC\SRC\GAME\SERVER\RELEASE_HL2MP\AI_LOCALNAVIGATOR.OBJ
C:\USERS\JAMES\DESKTOP\SOURCE CODE\CONTINGENCY-SRC\SRC\GAME\SERVER\RELEASE_HL2MP\AI_LOOKTARGET.OBJ
C:\USERS\JAMES\DESKTOP\SOURCE CODE\CONTINGENCY-SRC\SRC\GAME\SERVER\RELEASE_HL2MP\AI_MEMORY.OBJ
C:\USERS\JAMES\DESKTOP\SOURCE CODE\CONTINGENCY-SRC\SRC\GAME\SERVER\RELEASE_HL2MP\AI_MOTOR.OBJ
C:\USERS\JAMES\DESKTOP\SOURCE CODE\CONTINGENCY-SRC\SRC\GAME\SERVER\RELEASE_HL2MP\AI_MOVEPROBE.OBJ
C:\USERS\JAMES\DESKTOP\SOURCE CODE\CONTINGENCY-SRC\SRC\GAME\SERVER\RELEASE_HL2MP\AI_MOVESHOOT.OBJ
C:\USERS\JAMES\DESKTOP\SOURCE CODE\CONTINGENCY-SRC\SRC\GAME\SERVER\RELEASE_HL2MP\AI_MOVESOLVER.OBJ
C:\USERS\JAMES\DESKTOP\SOURCE CODE\CONTINGENCY-SRC\SRC\GAME\SERVER\RELEASE_HL2MP\AI_NAMESPACES.OBJ
C:\USERS\JAMES\DESKTOP\SOURCE CODE\CONTINGENCY-SRC\SRC\GAME\SERVER\RELEASE_HL2MP\AI_NAVIGATOR.OBJ
C:\USERS\JAMES\DESKTOP\SOURCE CODE\CONTINGENCY-SRC\SRC\GAME\SERVER\RELEASE_HL2MP\AI_NETWORK.OBJ
C:\USERS\JAMES\DESKTOP\SOURCE CODE\CONTINGENCY-SRC\SRC\GAME\SERVER\RELEASE_HL2MP\AI_NETWORKMANAGER.OBJ
C:\USERS\JAMES\DESKTOP\SOURCE CODE\CONTINGENCY-SRC\SRC\GAME\SERVER\RELEASE_HL2MP\AI_NODE.OBJ
C:\USERS\JAMES\DESKTOP\SOURCE CODE\CONTINGENCY-SRC\SRC\GAME\SERVER\RELEASE_HL2MP\AI_PATHFINDER.OBJ
C:\USERS\JAMES\DESKTOP\SOURCE CODE\CONTINGENCY-SRC\SRC\GAME\SERVER\RELEASE_HL2MP\AI_PLANESOLVER.OBJ
C:\USERS\JAMES\DESKTOP\SOURCE CODE\CONTINGENCY-SRC\SRC\GAME\SERVER\RELEASE_HL2MP\AI_PLAYERALLY.OBJ
C:\USERS\JAMES\DESKTOP\SOURCE CODE\CONTINGENCY-SRC\SRC\GAME\SERVER\RELEASE_HL2MP\AI_RELATIONSHIP.OBJ
C:\USERS\JAMES\DESKTOP\SOURCE CODE\CONTINGENCY-SRC\SRC\GAME\SERVER\RELEASE_HL2MP\AI_RESPONSESYSTEM.OBJ
C:\USERS\JAMES\DESKTOP\SOURCE CODE\CONTINGENCY-SRC\SRC\GAME\SERVER\RELEASE_HL2MP\AI_ROUTE.OBJ
C:\USERS\JAMES\DESKTOP\SOURCE CODE\CONTINGENCY-SRC\SRC\GAME\SERVER\RELEASE_HL2MP\AI_SAVERESTORE.OBJ
C:\USERS\JAMES\DESKTOP\SOURCE CODE\CONTINGENCY-SRC\SRC\GAME\SERVER\RELEASE_HL2MP\AI_SCHEDULE.OBJ
C:\USERS\JAMES\DESKTOP\SOURCE CODE\CONTINGENCY-SRC\SRC\GAME\SERVER\RELEASE_HL2MP\AI_SCRIPTCONDITIONS.OBJ
C:\USERS\JAMES\DESKTOP\SOURCE CODE\CONTINGENCY-SRC\SRC\GAME\SERVER\RELEASE_HL2MP\AI_SENSES.OBJ
C:\USERS\JAMES\DESKTOP\SOURCE CODE\CONTINGENCY-SRC\SRC\GAME\SERVER\RELEASE_HL2MP\AI_SENTENCE.OBJ
C:\USERS\JAMES\DESKTOP\SOURCE CODE\CONTINGENCY-SRC\SRC\GAME\SERVER\RELEASE_HL2MP\AI_SPEECH.OBJ
C:\USERS\JAMES\DESKTOP\SOURCE CODE\CONTINGENCY-SRC\SRC\GAME\SERVER\RELEASE_HL2MP\AI_SPEECHFILTER.OBJ
C:\USERS\JAMES\DESKTOP\SOURCE CODE\CONTINGENCY-SRC\SRC\GAME\SERVER\RELEASE_HL2MP\AI_SPOTLIGHT.OBJ
C:\USERS\JAMES\DESKTOP\SOURCE CODE\CONTINGENCY-SRC\SRC\GAME\SERVER\RELEASE_HL2MP\AI_SQUAD.OBJ
C:\USERS\JAMES\DESKTOP\SOURCE CODE\CONTINGENCY-SRC\SRC\GAME\SERVER\RELEASE_HL2MP\AI_SQUADSLOT.OBJ
C:\USERS\JAMES\DESKTOP\SOURCE CODE\CONTINGENCY-SRC\SRC\GAME\SERVER\RELEASE_HL2MP\AI_TACTICALSERVICES.OBJ
C:\USERS\JAMES\DESKTOP\SOURCE CODE\CONTINGENCY-SRC\SRC\GAME\SERVER\RELEASE_HL2MP\AI_TASK.OBJ
C:\USERS\JAMES\DESKTOP\SOURCE CODE\CONTINGENCY-SRC\SRC\GAME\SERVER\RELEASE_HL2MP\AI_TRACKPATHER.OBJ
C:\USERS\JAMES\DESKTOP\SOURCE CODE\CONTINGENCY-SRC\SRC\GAME\SERVER\RELEASE_HL2MP\AI_UTILS.OBJ
C:\USERS\JAMES\DESKTOP\SOURCE CODE\CONTINGENCY-SRC\SRC\GAME\SERVER\RELEASE_HL2MP\AI_WAYPOINT.OBJ
C:\USERS\JAMES\DESKTOP\SOURCE CODE\CONTINGENCY-SRC\SRC\GAME\SERVER\RELEASE_HL2MP\AMMODEF.OBJ
C:\USERS\JAMES\DESKTOP\SOURCE CODE\CONTINGENCY-SRC\SRC\GAME\SERVER\RELEASE_HL2MP\ANIMATION.OBJ
C:\USERS\JAMES\DESKTOP\SOURCE CODE\CONTINGENCY-SRC\SRC\GAME\SERVER\RELEASE_HL2MP\ANTLION_DUST.OBJ
C:\USERS\JAMES\DESKTOP\SOURCE CODE\CONTINGENCY-SRC\SRC\GAME\SERVER\RELEASE_HL2MP\ANTLION_MAKER.OBJ
C:\USERS\JAMES\DESKTOP\SOURCE CODE\CONTINGENCY-SRC\SRC\GAME\SERVER\RELEASE_HL2MP\AR2_EXPLOSION.OBJ
C:\USERS\JAMES\DESKTOP\SOURCE CODE\CONTINGENCY-SRC\SRC\GAME\SERVER\RELEASE_HL2MP\BASE_PLAYERANIMSTATE.OBJ
C:\USERS\JAMES\DESKTOP\SOURCE CODE\CONTINGENCY-SRC\SRC\GAME\SERVER\RELEASE_HL2MP\BASE_TRANSMIT_PROXY.OBJ
C:\USERS\JAMES\DESKTOP\SOURCE CODE\CONTINGENCY-SRC\SRC\GAME\SERVER\RELEASE_HL2MP\BASEACHIEVEMENT.OBJ
C:\USERS\JAMES\DESKTOP\SOURCE CODE\CONTINGENCY-SRC\SRC\GAME\SERVER\RELEASE_HL2MP\BASEANIMATING.OBJ
C:\USERS\JAMES\DESKTOP\SOURCE CODE\CONTINGENCY-SRC\SRC\GAME\SERVER\RELEASE_HL2MP\BASEANIMATINGOVERLAY.OBJ
C:\USERS\JAMES\DESKTOP\SOURCE CODE\CONTINGENCY-SRC\SRC\GAME\SERVER\RELEASE_HL2MP\BASEBLUDGEONWEAPON.OBJ
C:\USERS\JAMES\DESKTOP\SOURCE CODE\CONTINGENCY-SRC\SRC\GAME\SERVER\RELEASE_HL2MP\BASECOMBATCHARACTER.OBJ
C:\USERS\JAMES\DESKTOP\SOURCE CODE\CONTINGENCY-SRC\SRC\GAME\SERVER\RELEASE_HL2MP\BASECOMBATCHARACTER_SHARED.OBJ
C:\USERS\JAMES\DESKTOP\SOURCE CODE\CONTINGENCY-SRC\SRC\GAME\SERVER\RELEASE_HL2MP\BASECOMBATWEAPON.OBJ
C:\USERS\JAMES\DESKTOP\SOURCE CODE\CONTINGENCY-SRC\SRC\GAME\SERVER\RELEASE_HL2MP\BASECOMBATWEAPON_SHARED.OBJ
C:\USERS\JAMES\DESKTOP\SOURCE CODE\CONTINGENCY-SRC\SRC\GAME\SERVER\RELEASE_HL2MP\BASEENTITY.OBJ
C:\USERS\JAMES\DESKTOP\SOURCE CODE\CONTINGENCY-SRC\SRC\GAME\SERVER\RELEASE_HL2MP\BASEENTITY_SHARED.OBJ
C:\USERS\JAMES\DESKTOP\SOURCE CODE\CONTINGENCY-SRC\SRC\GAME\SERVER\RELEASE_HL2MP\BASEFLEX.OBJ
C:\USERS\JAMES\DESKTOP\SOURCE CODE\CONTINGENCY-SRC\SRC\GAME\SERVER\RELEASE_HL2MP\BASEGRENADE_CONCUSSION.OBJ
C:\USERS\JAMES\DESKTOP\SOURCE CODE\CONTINGENCY-SRC\SRC\GAME\SERVER\RELEASE_HL2MP\BASEGRENADE_CONTACT.OBJ
C:\USERS\JAMES\DESKTOP\SOURCE CODE\CONTINGENCY-SRC\SRC\GAME\SERVER\RELEASE_HL2MP\BASEGRENADE_SHARED.OBJ
C:\USERS\JAMES\DESKTOP\SOURCE CODE\CONTINGENCY-SRC\SRC\GAME\SERVER\RELEASE_HL2MP\BASEGRENADE_TIMED.OBJ
C:\USERS\JAMES\DESKTOP\SOURCE CODE\CONTINGENCY-SRC\SRC\GAME\SERVER\RELEASE_HL2MP\BASEHLCOMBATWEAPON.OBJ
C:\USERS\JAMES\DESKTOP\SOURCE CODE\CONTINGENCY-SRC\SRC\GAME\SERVER\RELEASE_HL2MP\BASEHLCOMBATWEAPON_SHARED.OBJ
C:\USERS\JAMES\DESKTOP\SOURCE CODE\CONTINGENCY-SRC\SRC\GAME\SERVER\RELEASE_HL2MP\BASEMULTIPLAYERPLAYER.OBJ
C:\USERS\JAMES\DESKTOP\SOURCE CODE\CONTINGENCY-SRC\SRC\GAME\SERVER\RELEASE_HL2MP\BASEPARTICLEENTITY.OBJ
C:\USERS\JAMES\DESKTOP\SOURCE CODE\CONTINGENCY-SRC\SRC\GAME\SERVER\RELEASE_HL2MP\BASEPLAYER_SHARED.OBJ
C:\USERS\JAMES\DESKTOP\SOURCE CODE\CONTINGENCY-SRC\SRC\GAME\SERVER\RELEASE_HL2MP\BASETEMPENTITY.OBJ
C:\USERS\JAMES\DESKTOP\SOURCE CODE\CONTINGENCY-SRC\SRC\GAME\SERVER\RELEASE_HL2MP\BASEVIEWMODEL.OBJ
C:\USERS\JAMES\DESKTOP\SOURCE CODE\CONTINGENCY-SRC\SRC\GAME\SERVER\RELEASE_HL2MP\BASEVIEWMODEL_SHARED.OBJ
C:\USERS\JAMES\DESKTOP\SOURCE CODE\CONTINGENCY-SRC\SRC\GAME\SERVER\RELEASE_HL2MP\BEAM_SHARED.OBJ
C:\USERS\JAMES\DESKTOP\SOURCE CODE\CONTINGENCY-SRC\SRC\GAME\SERVER\RELEASE_HL2MP\BITSTRING.OBJ
C:\USERS\JAMES\DESKTOP\SOURCE CODE\CONTINGENCY-SRC\SRC\GAME\SERVER\RELEASE_HL2MP\BMODELS.OBJ
C:\USERS\JAMES\DESKTOP\SOURCE CODE\CONTINGENCY-SRC\SRC\GAME\SERVER\RELEASE_HL2MP\BONE_SETUP.OBJ
C:\USERS\JAMES\DESKTOP\SOURCE CODE\CONTINGENCY-SRC\SRC\GAME\SERVER\RELEASE_HL2MP\BUTTONS.OBJ
C:\USERS\JAMES\DESKTOP\SOURCE CODE\CONTINGENCY-SRC\SRC\GAME\SERVER\RELEASE_HL2MP\CBASE.OBJ
C:\USERS\JAMES\DESKTOP\SOURCE CODE\CONTINGENCY-SRC\SRC\GAME\SERVER\RELEASE_HL2MP\CBASEHELICOPTER.OBJ
C:\USERS\JAMES\DESKTOP\SOURCE CODE\CONTINGENCY-SRC\SRC\GAME\SERVER\RELEASE_HL2MP\CBASESPRITEPROJECTILE.OBJ
C:\USERS\JAMES\DESKTOP\SOURCE CODE\CONTINGENCY-SRC\SRC\GAME\SERVER\RELEASE_HL2MP\CITADEL_EFFECTS.OBJ
C:\Users\James\Desktop\Source Code\contingency-src\src\game\server\Release_hl2mp\CL.1332.read.1.tlog
C:\Users\James\Desktop\Source Code\contingency-src\src\game\server\Release_hl2mp\CL.1332.write.1.tlog
C:\Users\James\Desktop\Source Code\contingency-src\src\game\server\Release_hl2mp\CL.184.read.1.tlog
C:\Users\James\Desktop\Source Code\contingency-src\src\game\server\Release_hl2mp\CL.184.write.1.tlog
C:\Users\James\Desktop\Source Code\contingency-src\src\game\server\Release_hl2mp\CL.1876.read.1.tlog
C:\Users\James\Desktop\Source Code\contingency-src\src\game\server\Release_hl2mp\CL.1876.write.1.tlog
C:\Users\James\Desktop\Source Code\contingency-src\src\game\server\Release_hl2mp\CL.2424.read.1.tlog
C:\Users\James\Desktop\Source Code\contingency-src\src\game\server\Release_hl2mp\CL.2424.write.1.tlog
C:\Users\James\Desktop\Source Code\contingency-src\src\game\server\Release_hl2mp\CL.2548.read.1.tlog
C:\Users\James\Desktop\Source Code\contingency-src\src\game\server\Release_hl2mp\CL.2548.write.1.tlog
C:\Users\James\Desktop\Source Code\contingency-src\src\game\server\Release_hl2mp\CL.2924.read.1.tlog
C:\Users\James\Desktop\Source Code\contingency-src\src\game\server\Release_hl2mp\CL.2924.write.1.tlog
C:\Users\James\Desktop\Source Code\contingency-src\src\game\server\Release_hl2mp\CL.3448.read.1.tlog
C:\Users\James\Desktop\Source Code\contingency-src\src\game\server\Release_hl2mp\CL.3448.write.1.tlog
C:\Users\James\Desktop\Source Code\contingency-src\src\game\server\Release_hl2mp\CL.3540.read.1.tlog
C:\Users\James\Desktop\Source Code\contingency-src\src\game\server\Release_hl2mp\CL.3540.write.1.tlog
C:\Users\James\Desktop\Source Code\contingency-src\src\game\server\Release_hl2mp\CL.3932.read.1.tlog
C:\Users\James\Desktop\Source Code\contingency-src\src\game\server\Release_hl2mp\CL.3932.write.1.tlog
C:\Users\James\Desktop\Source Code\contingency-src\src\game\server\Release_hl2mp\CL.4172.read.1.tlog
C:\Users\James\Desktop\Source Code\contingency-src\src\game\server\Release_hl2mp\CL.4172.write.1.tlog
C:\Users\James\Desktop\Source Code\contingency-src\src\game\server\Release_hl2mp\CL.5056.read.1.tlog
C:\Users\James\Desktop\Source Code\contingency-src\src\game\server\Release_hl2mp\CL.5056.write.1.tlog
C:\Users\James\Desktop\Source Code\contingency-src\src\game\server\Release_hl2mp\CL.5316.read.1.tlog
C:\Users\James\Desktop\Source Code\contingency-src\src\game\server\Release_hl2mp\CL.5316.write.1.tlog
C:\Users\James\Desktop\Source Code\contingency-src\src\game\server\Release_hl2mp\CL.5916.read.1.tlog
C:\Users\James\Desktop\Source Code\contingency-src\src\game\server\Release_hl2mp\CL.5916.write.1.tlog
C:\Users\James\Desktop\Source Code\contingency-src\src\game\server\Release_hl2mp\CL.6160.read.1.tlog
C:\Users\James\Desktop\Source Code\contingency-src\src\game\server\Release_hl2mp\CL.6160.write.1.tlog
C:\Users\James\Desktop\Source Code\contingency-src\src\game\server\Release_hl2mp\CL.6276.read.1.tlog
C:\Users\James\Desktop\Source Code\contingency-src\src\game\server\Release_hl2mp\CL.6276.write.1.tlog
C:\Users\James\Desktop\Source Code\contingency-src\src\game\server\Release_hl2mp\CL.6384.read.1.tlog
C:\Users\James\Desktop\Source Code\contingency-src\src\game\server\Release_hl2mp\CL.6384.write.1.tlog
C:\Users\James\Desktop\Source Code\contingency-src\src\game\server\Release_hl2mp\CL.6432.read.1.tlog
C:\Users\James\Desktop\Source Code\contingency-src\src\game\server\Release_hl2mp\CL.6432.write.1.tlog
C:\Users\James\Desktop\Source Code\contingency-src\src\game\server\Release_hl2mp\CL.6912.read.1.tlog
C:\Users\James\Desktop\Source Code\contingency-src\src\game\server\Release_hl2mp\CL.6912.write.1.tlog
C:\Users\James\Desktop\Source Code\contingency-src\src\game\server\Release_hl2mp\CL.7056.read.1.tlog
C:\Users\James\Desktop\Source Code\contingency-src\src\game\server\Release_hl2mp\CL.7056.write.1.tlog
C:\Users\James\Desktop\Source Code\contingency-src\src\game\server\Release_hl2mp\CL.7956.read.1.tlog
C:\Users\James\Desktop\Source Code\contingency-src\src\game\server\Release_hl2mp\CL.7956.write.1.tlog
C:\Users\James\Desktop\Source Code\contingency-src\src\game\server\Release_hl2mp\cl.command.1.tlog
C:\Users\James\Desktop\Source Code\contingency-src\src\game\server\Release_hl2mp\CL.read.1.tlog
C:\Users\James\Desktop\Source Code\contingency-src\src\game\server\Release_hl2mp\CL.write.1.tlog
C:\USERS\JAMES\DESKTOP\SOURCE CODE\CONTINGENCY-SRC\SRC\GAME\SERVER\RELEASE_HL2MP\CLIENT.OBJ
C:\USERS\JAMES\DESKTOP\SOURCE CODE\CONTINGENCY-SRC\SRC\GAME\SERVER\RELEASE_HL2MP\COLLISIONPROPERTY.OBJ
C:\USERS\JAMES\DESKTOP\SOURCE CODE\CONTINGENCY-SRC\SRC\GAME\SERVER\RELEASE_HL2MP\COLLISIONUTILS.OBJ
C:\USERS\JAMES\DESKTOP\SOURCE CODE\CONTINGENCY-SRC\SRC\GAME\SERVER\RELEASE_HL2MP\COLORCORRECTION.OBJ
C:\USERS\JAMES\DESKTOP\SOURCE CODE\CONTINGENCY-SRC\SRC\GAME\SERVER\RELEASE_HL2MP\COLORCORRECTIONVOLUME.OBJ
C:\USERS\JAMES\DESKTOP\SOURCE CODE\CONTINGENCY-SRC\SRC\GAME\SERVER\RELEASE_HL2MP\COMBINE_MINE.OBJ
C:\USERS\JAMES\DESKTOP\SOURCE CODE\CONTINGENCY-SRC\SRC\GAME\SERVER\RELEASE_HL2MP\COMMENTARYSYSTEM.OBJ
C:\USERS\JAMES\DESKTOP\SOURCE CODE\CONTINGENCY-SRC\SRC\GAME\SERVER\RELEASE_HL2MP\CONTINGENCY_BOSS_SPAWNER.OBJ
C:\USERS\JAMES\DESKTOP\SOURCE CODE\CONTINGENCY-SRC\SRC\GAME\SERVER\RELEASE_HL2MP\CONTINGENCY_CLIENT.OBJ
C:\USERS\JAMES\DESKTOP\SOURCE CODE\CONTINGENCY-SRC\SRC\GAME\SERVER\RELEASE_HL2MP\CONTINGENCY_CONFIGURATION.OBJ
C:\USERS\JAMES\DESKTOP\SOURCE CODE\CONTINGENCY-SRC\SRC\GAME\SERVER\RELEASE_HL2MP\CONTINGENCY_GAMEINTERFACE.OBJ
C:\USERS\JAMES\DESKTOP\SOURCE CODE\CONTINGENCY-SRC\SRC\GAME\SERVER\RELEASE_HL2MP\CONTINGENCY_GAMERULES.OBJ
C:\USERS\JAMES\DESKTOP\SOURCE CODE\CONTINGENCY-SRC\SRC\GAME\SERVER\RELEASE_HL2MP\CONTINGENCY_PLAYER.OBJ
C:\USERS\JAMES\DESKTOP\SOURCE CODE\CONTINGENCY-SRC\SRC\GAME\SERVER\RELEASE_HL2MP\CONTINGENCY_PLAYER_SHARED.OBJ
C:\USERS\JAMES\DESKTOP\SOURCE CODE\CONTINGENCY-SRC\SRC\GAME\SERVER\RELEASE_HL2MP\CONTINGENCY_RALLYPOINT.OBJ
C:\USERS\JAMES\DESKTOP\SOURCE CODE\CONTINGENCY-SRC\SRC\GAME\SERVER\RELEASE_HL2MP\CONTINGENCY_SUPPORT_WAVE_SPAWNER.OBJ
C:\USERS\JAMES\DESKTOP\SOURCE CODE\CONTINGENCY-SRC\SRC\GAME\SERVER\RELEASE_HL2MP\CONTINGENCY_WAVE_SPAWNER.OBJ
C:\USERS\JAMES\DESKTOP\SOURCE CODE\CONTINGENCY-SRC\SRC\GAME\SERVER\RELEASE_HL2MP\CONTROLENTITIES.OBJ
C:\USERS\JAMES\DESKTOP\SOURCE CODE\CONTINGENCY-SRC\SRC\GAME\SERVER\RELEASE_HL2MP\CPLANE.OBJ
C:\USERS\JAMES\DESKTOP\SOURCE CODE\CONTINGENCY-SRC\SRC\GAME\SERVER\RELEASE_HL2MP\CRAGDOLLMAGNET.OBJ
C:\USERS\JAMES\DESKTOP\SOURCE CODE\CONTINGENCY-SRC\SRC\GAME\SERVER\RELEASE_HL2MP\DAMAGEMODIFIER.OBJ
C:\USERS\JAMES\DESKTOP\SOURCE CODE\CONTINGENCY-SRC\SRC\GAME\SERVER\RELEASE_HL2MP\DEATH_POSE.OBJ
C:\USERS\JAMES\DESKTOP\SOURCE CODE\CONTINGENCY-SRC\SRC\GAME\SERVER\RELEASE_HL2MP\DEBUGOVERLAY_SHARED.OBJ
C:\USERS\JAMES\DESKTOP\SOURCE CODE\CONTINGENCY-SRC\SRC\GAME\SERVER\RELEASE_HL2MP\DECALS.OBJ
C:\USERS\JAMES\DESKTOP\SOURCE CODE\CONTINGENCY-SRC\SRC\GAME\SERVER\RELEASE_HL2MP\DOORS.OBJ
C:\USERS\JAMES\DESKTOP\SOURCE CODE\CONTINGENCY-SRC\SRC\GAME\SERVER\RELEASE_HL2MP\DT_SEND.OBJ
C:\USERS\JAMES\DESKTOP\SOURCE CODE\CONTINGENCY-SRC\SRC\GAME\SERVER\RELEASE_HL2MP\DT_UTLVECTOR_COMMON.OBJ
C:\USERS\JAMES\DESKTOP\SOURCE CODE\CONTINGENCY-SRC\SRC\GAME\SERVER\RELEASE_HL2MP\DT_UTLVECTOR_SEND.OBJ
C:\USERS\JAMES\DESKTOP\SOURCE CODE\CONTINGENCY-SRC\SRC\GAME\SERVER\RELEASE_HL2MP\DYNAMICLIGHT.OBJ
C:\USERS\JAMES\DESKTOP\SOURCE CODE\CONTINGENCY-SRC\SRC\GAME\SERVER\RELEASE_HL2MP\EDITOR_SENDCOMMAND.OBJ
C:\USERS\JAMES\DESKTOP\SOURCE CODE\CONTINGENCY-SRC\SRC\GAME\SERVER\RELEASE_HL2MP\EFFECT_DISPATCH_DATA.OBJ
C:\USERS\JAMES\DESKTOP\SOURCE CODE\CONTINGENCY-SRC\SRC\GAME\SERVER\RELEASE_HL2MP\EFFECTS.OBJ
C:\USERS\JAMES\DESKTOP\SOURCE CODE\CONTINGENCY-SRC\SRC\GAME\SERVER\RELEASE_HL2MP\EFFECTSSERVER.OBJ
C:\USERS\JAMES\DESKTOP\SOURCE CODE\CONTINGENCY-SRC\SRC\GAME\SERVER\RELEASE_HL2MP\EHANDLE.OBJ
C:\USERS\JAMES\DESKTOP\SOURCE CODE\CONTINGENCY-SRC\SRC\GAME\SERVER\RELEASE_HL2MP\ENTITY_TOOLS_SERVER.OBJ
C:\USERS\JAMES\DESKTOP\SOURCE CODE\CONTINGENCY-SRC\SRC\GAME\SERVER\RELEASE_HL2MP\ENTITYBLOCKER.OBJ
C:\USERS\JAMES\DESKTOP\SOURCE CODE\CONTINGENCY-SRC\SRC\GAME\SERVER\RELEASE_HL2MP\ENTITYDISSOLVE.OBJ
C:\USERS\JAMES\DESKTOP\SOURCE CODE\CONTINGENCY-SRC\SRC\GAME\SERVER\RELEASE_HL2MP\ENTITYFLAME.OBJ
C:\USERS\JAMES\DESKTOP\SOURCE CODE\CONTINGENCY-SRC\SRC\GAME\SERVER\RELEASE_HL2MP\ENTITYLIST.OBJ
C:\USERS\JAMES\DESKTOP\SOURCE CODE\CONTINGENCY-SRC\SRC\GAME\SERVER\RELEASE_HL2MP\ENTITYLIST_BASE.OBJ
C:\USERS\JAMES\DESKTOP\SOURCE CODE\CONTINGENCY-SRC\SRC\GAME\SERVER\RELEASE_HL2MP\ENTITYPARTICLETRAIL.OBJ
C:\USERS\JAMES\DESKTOP\SOURCE CODE\CONTINGENCY-SRC\SRC\GAME\SERVER\RELEASE_HL2MP\ENTITYPARTICLETRAIL_SHARED.OBJ
C:\USERS\JAMES\DESKTOP\SOURCE CODE\CONTINGENCY-SRC\SRC\GAME\SERVER\RELEASE_HL2MP\ENV_ALYXEMP.OBJ
C:\USERS\JAMES\DESKTOP\SOURCE CODE\CONTINGENCY-SRC\SRC\GAME\SERVER\RELEASE_HL2MP\ENV_DEBUGHISTORY.OBJ
C:\USERS\JAMES\DESKTOP\SOURCE CODE\CONTINGENCY-SRC\SRC\GAME\SERVER\RELEASE_HL2MP\ENV_DETAIL_CONTROLLER.OBJ
C:\USERS\JAMES\DESKTOP\SOURCE CODE\CONTINGENCY-SRC\SRC\GAME\SERVER\RELEASE_HL2MP\ENV_EFFECTSSCRIPT.OBJ
C:\USERS\JAMES\DESKTOP\SOURCE CODE\CONTINGENCY-SRC\SRC\GAME\SERVER\RELEASE_HL2MP\ENV_ENTITY_MAKER.OBJ
C:\USERS\JAMES\DESKTOP\SOURCE CODE\CONTINGENCY-SRC\SRC\GAME\SERVER\RELEASE_HL2MP\ENV_HEADCRABCANISTER.OBJ
C:\USERS\JAMES\DESKTOP\SOURCE CODE\CONTINGENCY-SRC\SRC\GAME\SERVER\RELEASE_HL2MP\ENV_HEADCRABCANISTER_SHARED.OBJ
C:\USERS\JAMES\DESKTOP\SOURCE CODE\CONTINGENCY-SRC\SRC\GAME\SERVER\RELEASE_HL2MP\ENV_PARTICLESCRIPT.OBJ
C:\USERS\JAMES\DESKTOP\SOURCE CODE\CONTINGENCY-SRC\SRC\GAME\SERVER\RELEASE_HL2MP\ENV_PLAYER_SURFACE_TRIGGER.OBJ
C:\USERS\JAMES\DESKTOP\SOURCE CODE\CONTINGENCY-SRC\SRC\GAME\SERVER\RELEASE_HL2MP\ENV_PROJECTEDTEXTURE.OBJ
C:\USERS\JAMES\DESKTOP\SOURCE CODE\CONTINGENCY-SRC\SRC\GAME\SERVER\RELEASE_HL2MP\ENV_SCREENOVERLAY.OBJ
C:\USERS\JAMES\DESKTOP\SOURCE CODE\CONTINGENCY-SRC\SRC\GAME\SERVER\RELEASE_HL2MP\ENV_SPEAKER.OBJ
C:\USERS\JAMES\DESKTOP\SOURCE CODE\CONTINGENCY-SRC\SRC\GAME\SERVER\RELEASE_HL2MP\ENV_STARFIELD.OBJ
C:\USERS\JAMES\DESKTOP\SOURCE CODE\CONTINGENCY-SRC\SRC\GAME\SERVER\RELEASE_HL2MP\ENV_TEXTURETOGGLE.OBJ
C:\USERS\JAMES\DESKTOP\SOURCE CODE\CONTINGENCY-SRC\SRC\GAME\SERVER\RELEASE_HL2MP\ENV_TONEMAP_CONTROLLER.OBJ
C:\USERS\JAMES\DESKTOP\SOURCE CODE\CONTINGENCY-SRC\SRC\GAME\SERVER\RELEASE_HL2MP\ENV_WIND_SHARED.OBJ
C:\USERS\JAMES\DESKTOP\SOURCE CODE\CONTINGENCY-SRC\SRC\GAME\SERVER\RELEASE_HL2MP\ENV_ZOOM.OBJ
C:\USERS\JAMES\DESKTOP\SOURCE CODE\CONTINGENCY-SRC\SRC\GAME\SERVER\RELEASE_HL2MP\ENVBEAM.OBJ
C:\USERS\JAMES\DESKTOP\SOURCE CODE\CONTINGENCY-SRC\SRC\GAME\SERVER\RELEASE_HL2MP\ENVFADE.OBJ
C:\USERS\JAMES\DESKTOP\SOURCE CODE\CONTINGENCY-SRC\SRC\GAME\SERVER\RELEASE_HL2MP\ENVHUDHINT.OBJ
C:\USERS\JAMES\DESKTOP\SOURCE CODE\CONTINGENCY-SRC\SRC\GAME\SERVER\RELEASE_HL2MP\ENVLASER.OBJ
C:\USERS\JAMES\DESKTOP\SOURCE CODE\CONTINGENCY-SRC\SRC\GAME\SERVER\RELEASE_HL2MP\ENVMESSAGE.OBJ
C:\USERS\JAMES\DESKTOP\SOURCE CODE\CONTINGENCY-SRC\SRC\GAME\SERVER\RELEASE_HL2MP\ENVMICROPHONE.OBJ
C:\USERS\JAMES\DESKTOP\SOURCE CODE\CONTINGENCY-SRC\SRC\GAME\SERVER\RELEASE_HL2MP\ENVSHAKE.OBJ
C:\USERS\JAMES\DESKTOP\SOURCE CODE\CONTINGENCY-SRC\SRC\GAME\SERVER\RELEASE_HL2MP\ENVSPARK.OBJ
C:\USERS\JAMES\DESKTOP\SOURCE CODE\CONTINGENCY-SRC\SRC\GAME\SERVER\RELEASE_HL2MP\EVENT_TEMPENTITY_TESTER.OBJ
C:\USERS\JAMES\DESKTOP\SOURCE CODE\CONTINGENCY-SRC\SRC\GAME\SERVER\RELEASE_HL2MP\EVENTLIST.OBJ
C:\USERS\JAMES\DESKTOP\SOURCE CODE\CONTINGENCY-SRC\SRC\GAME\SERVER\RELEASE_HL2MP\EVENTLOG.OBJ
C:\USERS\JAMES\DESKTOP\SOURCE CODE\CONTINGENCY-SRC\SRC\GAME\SERVER\RELEASE_HL2MP\EXPLODE.OBJ
C:\USERS\JAMES\DESKTOP\SOURCE CODE\CONTINGENCY-SRC\SRC\GAME\SERVER\RELEASE_HL2MP\FILESYSTEM_HELPERS.OBJ
C:\USERS\JAMES\DESKTOP\SOURCE CODE\CONTINGENCY-SRC\SRC\GAME\SERVER\RELEASE_HL2MP\FILTERS.OBJ
C:\USERS\JAMES\DESKTOP\SOURCE CODE\CONTINGENCY-SRC\SRC\GAME\SERVER\RELEASE_HL2MP\FIRE.OBJ
C:\USERS\JAMES\DESKTOP\SOURCE CODE\CONTINGENCY-SRC\SRC\GAME\SERVER\RELEASE_HL2MP\FIRE_SMOKE.OBJ
C:\USERS\JAMES\DESKTOP\SOURCE CODE\CONTINGENCY-SRC\SRC\GAME\SERVER\RELEASE_HL2MP\FISH.OBJ
C:\USERS\JAMES\DESKTOP\SOURCE CODE\CONTINGENCY-SRC\SRC\GAME\SERVER\RELEASE_HL2MP\FOGCONTROLLER.OBJ
C:\USERS\JAMES\DESKTOP\SOURCE CODE\CONTINGENCY-SRC\SRC\GAME\SERVER\RELEASE_HL2MP\FOURWHEELVEHICLEPHYSICS.OBJ
C:\USERS\JAMES\DESKTOP\SOURCE CODE\CONTINGENCY-SRC\SRC\GAME\SERVER\RELEASE_HL2MP\FUNC_AREAPORTAL.OBJ
C:\USERS\JAMES\DESKTOP\SOURCE CODE\CONTINGENCY-SRC\SRC\GAME\SERVER\RELEASE_HL2MP\FUNC_AREAPORTALBASE.OBJ
C:\USERS\JAMES\DESKTOP\SOURCE CODE\CONTINGENCY-SRC\SRC\GAME\SERVER\RELEASE_HL2MP\FUNC_AREAPORTALWINDOW.OBJ
C:\USERS\JAMES\DESKTOP\SOURCE CODE\CONTINGENCY-SRC\SRC\GAME\SERVER\RELEASE_HL2MP\FUNC_BREAK.OBJ
C:\USERS\JAMES\DESKTOP\SOURCE CODE\CONTINGENCY-SRC\SRC\GAME\SERVER\RELEASE_HL2MP\FUNC_BREAKABLESURF.OBJ
C:\USERS\JAMES\DESKTOP\SOURCE CODE\CONTINGENCY-SRC\SRC\GAME\SERVER\RELEASE_HL2MP\FUNC_DUST.OBJ
C:\USERS\JAMES\DESKTOP\SOURCE CODE\CONTINGENCY-SRC\SRC\GAME\SERVER\RELEASE_HL2MP\FUNC_LADDER.OBJ
C:\USERS\JAMES\DESKTOP\SOURCE CODE\CONTINGENCY-SRC\SRC\GAME\SERVER\RELEASE_HL2MP\FUNC_LADDER_ENDPOINT.OBJ
C:\USERS\JAMES\DESKTOP\SOURCE CODE\CONTINGENCY-SRC\SRC\GAME\SERVER\RELEASE_HL2MP\FUNC_LOD.OBJ
C:\USERS\JAMES\DESKTOP\SOURCE CODE\CONTINGENCY-SRC\SRC\GAME\SERVER\RELEASE_HL2MP\FUNC_MONITOR.OBJ
C:\USERS\JAMES\DESKTOP\SOURCE CODE\CONTINGENCY-SRC\SRC\GAME\SERVER\RELEASE_HL2MP\FUNC_MOVELINEAR.OBJ
C:\USERS\JAMES\DESKTOP\SOURCE CODE\CONTINGENCY-SRC\SRC\GAME\SERVER\RELEASE_HL2MP\FUNC_OCCLUDER.OBJ
C:\USERS\JAMES\DESKTOP\SOURCE CODE\CONTINGENCY-SRC\SRC\GAME\SERVER\RELEASE_HL2MP\FUNC_RECHARGE.OBJ
C:\USERS\JAMES\DESKTOP\SOURCE CODE\CONTINGENCY-SRC\SRC\GAME\SERVER\RELEASE_HL2MP\FUNC_REFLECTIVE_GLASS.OBJ
C:\USERS\JAMES\DESKTOP\SOURCE CODE\CONTINGENCY-SRC\SRC\GAME\SERVER\RELEASE_HL2MP\FUNC_SMOKEVOLUME.OBJ
C:\USERS\JAMES\DESKTOP\SOURCE CODE\CONTINGENCY-SRC\SRC\GAME\SERVER\RELEASE_HL2MP\FUNC_TANK.OBJ
C:\USERS\JAMES\DESKTOP\SOURCE CODE\CONTINGENCY-SRC\SRC\GAME\SERVER\RELEASE_HL2MP\GAME.OBJ
C:\USERS\JAMES\DESKTOP\SOURCE CODE\CONTINGENCY-SRC\SRC\GAME\SERVER\RELEASE_HL2MP\GAME_UI.OBJ
C:\USERS\JAMES\DESKTOP\SOURCE CODE\CONTINGENCY-SRC\SRC\GAME\SERVER\RELEASE_HL2MP\GAMEHANDLE.OBJ
C:\USERS\JAMES\DESKTOP\SOURCE CODE\CONTINGENCY-SRC\SRC\GAME\SERVER\RELEASE_HL2MP\GAMEINTERFACE.OBJ
C:\USERS\JAMES\DESKTOP\SOURCE CODE\CONTINGENCY-SRC\SRC\GAME\SERVER\RELEASE_HL2MP\GAMEMOVEMENT.OBJ
C:\USERS\JAMES\DESKTOP\SOURCE CODE\CONTINGENCY-SRC\SRC\GAME\SERVER\RELEASE_HL2MP\GAMERULES.OBJ
C:\USERS\JAMES\DESKTOP\SOURCE CODE\CONTINGENCY-SRC\SRC\GAME\SERVER\RELEASE_HL2MP\GAMERULES_REGISTER.OBJ
C:\USERS\JAMES\DESKTOP\SOURCE CODE\CONTINGENCY-SRC\SRC\GAME\SERVER\RELEASE_HL2MP\GAMESTATS.OBJ
C:\USERS\JAMES\DESKTOP\SOURCE CODE\CONTINGENCY-SRC\SRC\GAME\SERVER\RELEASE_HL2MP\GAMESTATS_BASICSTATSFUNCTIONS.OBJ
C:\USERS\JAMES\DESKTOP\SOURCE CODE\CONTINGENCY-SRC\SRC\GAME\SERVER\RELEASE_HL2MP\GAMESTRINGPOOL.OBJ
C:\USERS\JAMES\DESKTOP\SOURCE CODE\CONTINGENCY-SRC\SRC\GAME\SERVER\RELEASE_HL2MP\GAMETRACE_DLL.OBJ
C:\USERS\JAMES\DESKTOP\SOURCE CODE\CONTINGENCY-SRC\SRC\GAME\SERVER\RELEASE_HL2MP\GAMEVARS_SHARED.OBJ
C:\USERS\JAMES\DESKTOP\SOURCE CODE\CONTINGENCY-SRC\SRC\GAME\SERVER\RELEASE_HL2MP\GAMEWEAPONMANAGER.OBJ
C:\USERS\JAMES\DESKTOP\SOURCE CODE\CONTINGENCY-SRC\SRC\GAME\SERVER\RELEASE_HL2MP\GENERICACTOR.OBJ
C:\USERS\JAMES\DESKTOP\SOURCE CODE\CONTINGENCY-SRC\SRC\GAME\SERVER\RELEASE_HL2MP\GENERICMONSTER.OBJ
C:\USERS\JAMES\DESKTOP\SOURCE CODE\CONTINGENCY-SRC\SRC\GAME\SERVER\RELEASE_HL2MP\GIB.OBJ
C:\USERS\JAMES\DESKTOP\SOURCE CODE\CONTINGENCY-SRC\SRC\GAME\SERVER\RELEASE_HL2MP\GLOBALS.OBJ
C:\USERS\JAMES\DESKTOP\SOURCE CODE\CONTINGENCY-SRC\SRC\GAME\SERVER\RELEASE_HL2MP\GLOBALSTATE.OBJ
C:\USERS\JAMES\DESKTOP\SOURCE CODE\CONTINGENCY-SRC\SRC\GAME\SERVER\RELEASE_HL2MP\GRENADE_AR2.OBJ
C:\USERS\JAMES\DESKTOP\SOURCE CODE\CONTINGENCY-SRC\SRC\GAME\SERVER\RELEASE_HL2MP\GRENADE_BEAM.OBJ
C:\USERS\JAMES\DESKTOP\SOURCE CODE\CONTINGENCY-SRC\SRC\GAME\SERVER\RELEASE_HL2MP\GRENADE_BUGBAIT.OBJ
C:\USERS\JAMES\DESKTOP\SOURCE CODE\CONTINGENCY-SRC\SRC\GAME\SERVER\RELEASE_HL2MP\GRENADE_FRAG.OBJ
C:\USERS\JAMES\DESKTOP\SOURCE CODE\CONTINGENCY-SRC\SRC\GAME\SERVER\RELEASE_HL2MP\GRENADE_HOMER.OBJ
C:\USERS\JAMES\DESKTOP\SOURCE CODE\CONTINGENCY-SRC\SRC\GAME\SERVER\RELEASE_HL2MP\GRENADE_PATHFOLLOWER.OBJ
C:\USERS\JAMES\DESKTOP\SOURCE CODE\CONTINGENCY-SRC\SRC\GAME\SERVER\RELEASE_HL2MP\GRENADE_SATCHEL.OBJ
C:\USERS\JAMES\DESKTOP\SOURCE CODE\CONTINGENCY-SRC\SRC\GAME\SERVER\RELEASE_HL2MP\GRENADE_TRIPMINE.OBJ
C:\USERS\JAMES\DESKTOP\SOURCE CODE\CONTINGENCY-SRC\SRC\GAME\SERVER\RELEASE_HL2MP\GRENADETHROWN.OBJ
C:\USERS\JAMES\DESKTOP\SOURCE CODE\CONTINGENCY-SRC\SRC\GAME\SERVER\RELEASE_HL2MP\GUNTARGET.OBJ
C:\USERS\JAMES\DESKTOP\SOURCE CODE\CONTINGENCY-SRC\SRC\GAME\SERVER\RELEASE_HL2MP\H_AI.OBJ
C:\USERS\JAMES\DESKTOP\SOURCE CODE\CONTINGENCY-SRC\SRC\GAME\SERVER\RELEASE_HL2MP\H_CYCLER.OBJ
C:\USERS\JAMES\DESKTOP\SOURCE CODE\CONTINGENCY-SRC\SRC\GAME\SERVER\RELEASE_HL2MP\H_EXPORT.OBJ
C:\USERS\JAMES\DESKTOP\SOURCE CODE\CONTINGENCY-SRC\SRC\GAME\SERVER\RELEASE_HL2MP\HIERARCHY.OBJ
C:\USERS\JAMES\DESKTOP\SOURCE CODE\CONTINGENCY-SRC\SRC\GAME\SERVER\RELEASE_HL2MP\HINTMESSAGE.OBJ
C:\USERS\JAMES\DESKTOP\SOURCE CODE\CONTINGENCY-SRC\SRC\GAME\SERVER\RELEASE_HL2MP\HINTSYSTEM.OBJ
C:\USERS\JAMES\DESKTOP\SOURCE CODE\CONTINGENCY-SRC\SRC\GAME\SERVER\RELEASE_HL2MP\HL_GAMEMOVEMENT.OBJ
C:\USERS\JAMES\DESKTOP\SOURCE CODE\CONTINGENCY-SRC\SRC\GAME\SERVER\RELEASE_HL2MP\HL_PLAYERMOVE.OBJ
C:\USERS\JAMES\DESKTOP\SOURCE CODE\CONTINGENCY-SRC\SRC\GAME\SERVER\RELEASE_HL2MP\HL2_AI_NETWORK.OBJ
C:\USERS\JAMES\DESKTOP\SOURCE CODE\CONTINGENCY-SRC\SRC\GAME\SERVER\RELEASE_HL2MP\HL2_EVENTLOG.OBJ
C:\USERS\JAMES\DESKTOP\SOURCE CODE\CONTINGENCY-SRC\SRC\GAME\SERVER\RELEASE_HL2MP\HL2_GAMERULES.OBJ
C:\USERS\JAMES\DESKTOP\SOURCE CODE\CONTINGENCY-SRC\SRC\GAME\SERVER\RELEASE_HL2MP\HL2_PLAYER.OBJ
C:\USERS\JAMES\DESKTOP\SOURCE CODE\CONTINGENCY-SRC\SRC\GAME\SERVER\RELEASE_HL2MP\HL2_PLAYERLOCALDATA.OBJ
C:\USERS\JAMES\DESKTOP\SOURCE CODE\CONTINGENCY-SRC\SRC\GAME\SERVER\RELEASE_HL2MP\HL2_TRIGGERS.OBJ
C:\USERS\JAMES\DESKTOP\SOURCE CODE\CONTINGENCY-SRC\SRC\GAME\SERVER\RELEASE_HL2MP\HL2_USERMESSAGES.OBJ
C:\USERS\JAMES\DESKTOP\SOURCE CODE\CONTINGENCY-SRC\SRC\GAME\SERVER\RELEASE_HL2MP\HL2MP_BOT_TEMP.OBJ
C:\USERS\JAMES\DESKTOP\SOURCE CODE\CONTINGENCY-SRC\SRC\GAME\SERVER\RELEASE_HL2MP\HL2MP_CVARS.OBJ
C:\USERS\JAMES\DESKTOP\SOURCE CODE\CONTINGENCY-SRC\SRC\GAME\SERVER\RELEASE_HL2MP\HL2MP_GAMERULES.OBJ
C:\USERS\JAMES\DESKTOP\SOURCE CODE\CONTINGENCY-SRC\SRC\GAME\SERVER\RELEASE_HL2MP\HL2MP_PLAYER.OBJ
C:\USERS\JAMES\DESKTOP\SOURCE CODE\CONTINGENCY-SRC\SRC\GAME\SERVER\RELEASE_HL2MP\HL2MP_PLAYER_SHARED.OBJ
C:\USERS\JAMES\DESKTOP\SOURCE CODE\CONTINGENCY-SRC\SRC\GAME\SERVER\RELEASE_HL2MP\HL2MP_PLAYERANIMSTATE.OBJ
C:\USERS\JAMES\DESKTOP\SOURCE CODE\CONTINGENCY-SRC\SRC\GAME\SERVER\RELEASE_HL2MP\HL2MP_WEAPON_PARSE.OBJ
C:\USERS\JAMES\DESKTOP\SOURCE CODE\CONTINGENCY-SRC\SRC\GAME\SERVER\RELEASE_HL2MP\HLTVDIRECTOR.OBJ
C:\USERS\JAMES\DESKTOP\SOURCE CODE\CONTINGENCY-SRC\SRC\GAME\SERVER\RELEASE_HL2MP\IGAMESYSTEM.OBJ
C:\USERS\JAMES\DESKTOP\SOURCE CODE\CONTINGENCY-SRC\SRC\GAME\SERVER\RELEASE_HL2MP\INFO_CAMERA_LINK.OBJ
C:\USERS\JAMES\DESKTOP\SOURCE CODE\CONTINGENCY-SRC\SRC\GAME\SERVER\RELEASE_HL2MP\INFO_OVERLAY_ACCESSOR.OBJ
C:\USERS\JAMES\DESKTOP\SOURCE CODE\CONTINGENCY-SRC\SRC\GAME\SERVER\RELEASE_HL2MP\INFO_TELEPORTER_COUNTDOWN.OBJ
C:\USERS\JAMES\DESKTOP\SOURCE CODE\CONTINGENCY-SRC\SRC\GAME\SERVER\RELEASE_HL2MP\INIT_FACTORY.OBJ
C:\USERS\JAMES\DESKTOP\SOURCE CODE\CONTINGENCY-SRC\SRC\GAME\SERVER\RELEASE_HL2MP\INTERMISSION.OBJ
C:\USERS\JAMES\DESKTOP\SOURCE CODE\CONTINGENCY-SRC\SRC\GAME\SERVER\RELEASE_HL2MP\INTERPOLATORTYPES.OBJ
C:\USERS\JAMES\DESKTOP\SOURCE CODE\CONTINGENCY-SRC\SRC\GAME\SERVER\RELEASE_HL2MP\INTERVAL.OBJ
C:\USERS\JAMES\DESKTOP\SOURCE CODE\CONTINGENCY-SRC\SRC\GAME\SERVER\RELEASE_HL2MP\ITEM_AMMO.OBJ
C:\USERS\JAMES\DESKTOP\SOURCE CODE\CONTINGENCY-SRC\SRC\GAME\SERVER\RELEASE_HL2MP\ITEM_DYNAMIC_RESUPPLY.OBJ
C:\USERS\JAMES\DESKTOP\SOURCE CODE\CONTINGENCY-SRC\SRC\GAME\SERVER\RELEASE_HL2MP\ITEM_HEALTHKIT.OBJ
C:\USERS\JAMES\DESKTOP\SOURCE CODE\CONTINGENCY-SRC\SRC\GAME\SERVER\RELEASE_HL2MP\ITEM_ITEMCRATE.OBJ
C:\USERS\JAMES\DESKTOP\SOURCE CODE\CONTINGENCY-SRC\SRC\GAME\SERVER\RELEASE_HL2MP\ITEM_SUIT.OBJ
C:\USERS\JAMES\DESKTOP\SOURCE CODE\CONTINGENCY-SRC\SRC\GAME\SERVER\RELEASE_HL2MP\ITEM_WORLD.OBJ
C:\USERS\JAMES\DESKTOP\SOURCE CODE\CONTINGENCY-SRC\SRC\GAME\SERVER\RELEASE_HL2MP\KEYFRAME.OBJ
C:\USERS\JAMES\DESKTOP\SOURCE CODE\CONTINGENCY-SRC\SRC\GAME\SERVER\RELEASE_HL2MP\LIGHTGLOW.OBJ
C:\USERS\JAMES\DESKTOP\SOURCE CODE\CONTINGENCY-SRC\SRC\GAME\SERVER\RELEASE_HL2MP\LIGHTS.OBJ
C:\Users\James\Desktop\Source Code\contingency-src\src\game\server\Release_hl2mp\link.command.1.tlog
C:\Users\James\Desktop\Source Code\contingency-src\src\game\server\Release_hl2mp\link.read.1.tlog
C:\Users\James\Desktop\Source Code\contingency-src\src\game\server\Release_hl2mp\link.write.1.tlog
C:\USERS\JAMES\DESKTOP\SOURCE CODE\CONTINGENCY-SRC\SRC\GAME\SERVER\RELEASE_HL2MP\LOGIC_MEASURE_MOVEMENT.OBJ
C:\USERS\JAMES\DESKTOP\SOURCE CODE\CONTINGENCY-SRC\SRC\GAME\SERVER\RELEASE_HL2MP\LOGIC_NAVIGATION.OBJ
C:\USERS\JAMES\DESKTOP\SOURCE CODE\CONTINGENCY-SRC\SRC\GAME\SERVER\RELEASE_HL2MP\LOGICAUTO.OBJ
C:\USERS\JAMES\DESKTOP\SOURCE CODE\CONTINGENCY-SRC\SRC\GAME\SERVER\RELEASE_HL2MP\LOGICENTITIES.OBJ
C:\USERS\JAMES\DESKTOP\SOURCE CODE\CONTINGENCY-SRC\SRC\GAME\SERVER\RELEASE_HL2MP\LOGICRELAY.OBJ
C:\USERS\JAMES\DESKTOP\SOURCE CODE\CONTINGENCY-SRC\SRC\GAME\SERVER\RELEASE_HL2MP\LOOK_DOOR.OBJ
C:\USERS\JAMES\DESKTOP\SOURCE CODE\CONTINGENCY-SRC\SRC\GAME\SERVER\RELEASE_HL2MP\MAP_UTILS.OBJ
C:\USERS\JAMES\DESKTOP\SOURCE CODE\CONTINGENCY-SRC\SRC\GAME\SERVER\RELEASE_HL2MP\MAPENTITIES.OBJ
C:\USERS\JAMES\DESKTOP\SOURCE CODE\CONTINGENCY-SRC\SRC\GAME\SERVER\RELEASE_HL2MP\MAPENTITIES_SHARED.OBJ
C:\USERS\JAMES\DESKTOP\SOURCE CODE\CONTINGENCY-SRC\SRC\GAME\SERVER\RELEASE_HL2MP\MAPRULES.OBJ
C:\USERS\JAMES\DESKTOP\SOURCE CODE\CONTINGENCY-SRC\SRC\GAME\SERVER\RELEASE_HL2MP\MATERIALMODIFYCONTROL.OBJ
C:\USERS\JAMES\DESKTOP\SOURCE CODE\CONTINGENCY-SRC\SRC\GAME\SERVER\RELEASE_HL2MP\MEMOVERRIDE.OBJ
C:\USERS\JAMES\DESKTOP\SOURCE CODE\CONTINGENCY-SRC\SRC\GAME\SERVER\RELEASE_HL2MP\MESSAGE_ENTITY.OBJ
C:\USERS\JAMES\DESKTOP\SOURCE CODE\CONTINGENCY-SRC\SRC\GAME\SERVER\RELEASE_HL2MP\MODELENTITIES.OBJ
C:\USERS\JAMES\DESKTOP\SOURCE CODE\CONTINGENCY-SRC\SRC\GAME\SERVER\RELEASE_HL2MP\MODELSOUNDSCACHE.OBJ
C:\USERS\JAMES\DESKTOP\SOURCE CODE\CONTINGENCY-SRC\SRC\GAME\SERVER\RELEASE_HL2MP\MONSTER_DUMMY.OBJ
C:\USERS\JAMES\DESKTOP\SOURCE CODE\CONTINGENCY-SRC\SRC\GAME\SERVER\RELEASE_HL2MP\MONSTERMAKER.OBJ
C:\USERS\JAMES\DESKTOP\SOURCE CODE\CONTINGENCY-SRC\SRC\GAME\SERVER\RELEASE_HL2MP\MOVEHELPER_SERVER.OBJ
C:\USERS\JAMES\DESKTOP\SOURCE CODE\CONTINGENCY-SRC\SRC\GAME\SERVER\RELEASE_HL2MP\MOVEMENT.OBJ
C:\USERS\JAMES\DESKTOP\SOURCE CODE\CONTINGENCY-SRC\SRC\GAME\SERVER\RELEASE_HL2MP\MOVEVARS_SHARED.OBJ
C:\USERS\JAMES\DESKTOP\SOURCE CODE\CONTINGENCY-SRC\SRC\GAME\SERVER\RELEASE_HL2MP\MOVIE_EXPLOSION.OBJ
C:\USERS\JAMES\DESKTOP\SOURCE CODE\CONTINGENCY-SRC\SRC\GAME\SERVER\RELEASE_HL2MP\MP_SHAREDDEFS.OBJ
C:\USERS\JAMES\DESKTOP\SOURCE CODE\CONTINGENCY-SRC\SRC\GAME\SERVER\RELEASE_HL2MP\MULTIPLAY_GAMERULES.OBJ
C:\USERS\JAMES\DESKTOP\SOURCE CODE\CONTINGENCY-SRC\SRC\GAME\SERVER\RELEASE_HL2MP\MULTIPLAYER_ANIMSTATE.OBJ
C:\USERS\JAMES\DESKTOP\SOURCE CODE\CONTINGENCY-SRC\SRC\GAME\SERVER\RELEASE_HL2MP\NAV_AREA.OBJ
C:\USERS\JAMES\DESKTOP\SOURCE CODE\CONTINGENCY-SRC\SRC\GAME\SERVER\RELEASE_HL2MP\NAV_COLORS.OBJ
C:\USERS\JAMES\DESKTOP\SOURCE CODE\CONTINGENCY-SRC\SRC\GAME\SERVER\RELEASE_HL2MP\NAV_EDIT.OBJ
C:\USERS\JAMES\DESKTOP\SOURCE CODE\CONTINGENCY-SRC\SRC\GAME\SERVER\RELEASE_HL2MP\NAV_FILE.OBJ
C:\USERS\JAMES\DESKTOP\SOURCE CODE\CONTINGENCY-SRC\SRC\GAME\SERVER\RELEASE_HL2MP\NAV_GENERATE.OBJ
C:\USERS\JAMES\DESKTOP\SOURCE CODE\CONTINGENCY-SRC\SRC\GAME\SERVER\RELEASE_HL2MP\NAV_LADDER.OBJ
C:\USERS\JAMES\DESKTOP\SOURCE CODE\CONTINGENCY-SRC\SRC\GAME\SERVER\RELEASE_HL2MP\NAV_MESH.OBJ
C:\USERS\JAMES\DESKTOP\SOURCE CODE\CONTINGENCY-SRC\SRC\GAME\SERVER\RELEASE_HL2MP\NAV_NODE.OBJ
C:\USERS\JAMES\DESKTOP\SOURCE CODE\CONTINGENCY-SRC\SRC\GAME\SERVER\RELEASE_HL2MP\NDEBUGOVERLAY.OBJ
C:\USERS\JAMES\DESKTOP\SOURCE CODE\CONTINGENCY-SRC\SRC\GAME\SERVER\RELEASE_HL2MP\NETWORKVAR.OBJ
C:\USERS\JAMES\DESKTOP\SOURCE CODE\CONTINGENCY-SRC\SRC\GAME\SERVER\RELEASE_HL2MP\NPC_ALYX.OBJ
C:\USERS\JAMES\DESKTOP\SOURCE CODE\CONTINGENCY-SRC\SRC\GAME\SERVER\RELEASE_HL2MP\NPC_ANTLION.OBJ
C:\USERS\JAMES\DESKTOP\SOURCE CODE\CONTINGENCY-SRC\SRC\GAME\SERVER\RELEASE_HL2MP\NPC_ANTLIONGUARD.OBJ
C:\USERS\JAMES\DESKTOP\SOURCE CODE\CONTINGENCY-SRC\SRC\GAME\SERVER\RELEASE_HL2MP\NPC_APCDRIVER.OBJ
C:\USERS\JAMES\DESKTOP\SOURCE CODE\CONTINGENCY-SRC\SRC\GAME\SERVER\RELEASE_HL2MP\NPC_ATTACKCHOPPER.OBJ
C:\USERS\JAMES\DESKTOP\SOURCE CODE\CONTINGENCY-SRC\SRC\GAME\SERVER\RELEASE_HL2MP\NPC_BARNACLE.OBJ
C:\USERS\JAMES\DESKTOP\SOURCE CODE\CONTINGENCY-SRC\SRC\GAME\SERVER\RELEASE_HL2MP\NPC_BARNEY.OBJ
C:\USERS\JAMES\DESKTOP\SOURCE CODE\CONTINGENCY-SRC\SRC\GAME\SERVER\RELEASE_HL2MP\NPC_BASESCANNER.OBJ
C:\USERS\JAMES\DESKTOP\SOURCE CODE\CONTINGENCY-SRC\SRC\GAME\SERVER\RELEASE_HL2MP\NPC_BASEZOMBIE.OBJ
C:\USERS\JAMES\DESKTOP\SOURCE CODE\CONTINGENCY-SRC\SRC\GAME\SERVER\RELEASE_HL2MP\NPC_BREEN.OBJ
C:\USERS\JAMES\DESKTOP\SOURCE CODE\CONTINGENCY-SRC\SRC\GAME\SERVER\RELEASE_HL2MP\NPC_BULLSEYE.OBJ
C:\USERS\JAMES\DESKTOP\SOURCE CODE\CONTINGENCY-SRC\SRC\GAME\SERVER\RELEASE_HL2MP\NPC_CITIZEN17.OBJ
C:\USERS\JAMES\DESKTOP\SOURCE CODE\CONTINGENCY-SRC\SRC\GAME\SERVER\RELEASE_HL2MP\NPC_COMBINE.OBJ
C:\USERS\JAMES\DESKTOP\SOURCE CODE\CONTINGENCY-SRC\SRC\GAME\SERVER\RELEASE_HL2MP\NPC_COMBINECAMERA.OBJ
C:\USERS\JAMES\DESKTOP\SOURCE CODE\CONTINGENCY-SRC\SRC\GAME\SERVER\RELEASE_HL2MP\NPC_COMBINEDROPSHIP.OBJ
C:\USERS\JAMES\DESKTOP\SOURCE CODE\CONTINGENCY-SRC\SRC\GAME\SERVER\RELEASE_HL2MP\NPC_COMBINEGUNSHIP.OBJ
C:\USERS\JAMES\DESKTOP\SOURCE CODE\CONTINGENCY-SRC\SRC\GAME\SERVER\RELEASE_HL2MP\NPC_COMBINES.OBJ
C:\USERS\JAMES\DESKTOP\SOURCE CODE\CONTINGENCY-SRC\SRC\GAME\SERVER\RELEASE_HL2MP\NPC_CONTINGENCY_STALKER.OBJ
C:\USERS\JAMES\DESKTOP\SOURCE CODE\CONTINGENCY-SRC\SRC\GAME\SERVER\RELEASE_HL2MP\NPC_CRANEDRIVER.OBJ
C:\USERS\JAMES\DESKTOP\SOURCE CODE\CONTINGENCY-SRC\SRC\GAME\SERVER\RELEASE_HL2MP\NPC_CROW.OBJ
C:\USERS\JAMES\DESKTOP\SOURCE CODE\CONTINGENCY-SRC\SRC\GAME\SERVER\RELEASE_HL2MP\NPC_DOG.OBJ
C:\USERS\JAMES\DESKTOP\SOURCE CODE\CONTINGENCY-SRC\SRC\GAME\SERVER\RELEASE_HL2MP\NPC_ELI.OBJ
C:\USERS\JAMES\DESKTOP\SOURCE CODE\CONTINGENCY-SRC\SRC\GAME\SERVER\RELEASE_HL2MP\NPC_ENEMYFINDER.OBJ
C:\USERS\JAMES\DESKTOP\SOURCE CODE\CONTINGENCY-SRC\SRC\GAME\SERVER\RELEASE_HL2MP\NPC_FASTZOMBIE.OBJ
C:\USERS\JAMES\DESKTOP\SOURCE CODE\CONTINGENCY-SRC\SRC\GAME\SERVER\RELEASE_HL2MP\NPC_FISHERMAN.OBJ
C:\USERS\JAMES\DESKTOP\SOURCE CODE\CONTINGENCY-SRC\SRC\GAME\SERVER\RELEASE_HL2MP\NPC_GMAN.OBJ
C:\USERS\JAMES\DESKTOP\SOURCE CODE\CONTINGENCY-SRC\SRC\GAME\SERVER\RELEASE_HL2MP\NPC_HEADCRAB.OBJ
C:\USERS\JAMES\DESKTOP\SOURCE CODE\CONTINGENCY-SRC\SRC\GAME\SERVER\RELEASE_HL2MP\NPC_ICHTHYOSAUR.OBJ
C:\USERS\JAMES\DESKTOP\SOURCE CODE\CONTINGENCY-SRC\SRC\GAME\SERVER\RELEASE_HL2MP\NPC_KLEINER.OBJ
C:\USERS\JAMES\DESKTOP\SOURCE CODE\CONTINGENCY-SRC\SRC\GAME\SERVER\RELEASE_HL2MP\NPC_LAUNCHER.OBJ
C:\USERS\JAMES\DESKTOP\SOURCE CODE\CONTINGENCY-SRC\SRC\GAME\SERVER\RELEASE_HL2MP\NPC_MANHACK.OBJ
C:\USERS\JAMES\DESKTOP\SOURCE CODE\CONTINGENCY-SRC\SRC\GAME\SERVER\RELEASE_HL2MP\NPC_METROPOLICE.OBJ
C:\USERS\JAMES\DESKTOP\SOURCE CODE\CONTINGENCY-SRC\SRC\GAME\SERVER\RELEASE_HL2MP\NPC_MONK.OBJ
C:\USERS\JAMES\DESKTOP\SOURCE CODE\CONTINGENCY-SRC\SRC\GAME\SERVER\RELEASE_HL2MP\NPC_MOSSMAN.OBJ
C:\USERS\JAMES\DESKTOP\SOURCE CODE\CONTINGENCY-SRC\SRC\GAME\SERVER\RELEASE_HL2MP\NPC_PLAYERCOMPANION.OBJ
C:\USERS\JAMES\DESKTOP\SOURCE CODE\CONTINGENCY-SRC\SRC\GAME\SERVER\RELEASE_HL2MP\NPC_POISONZOMBIE.OBJ
C:\USERS\JAMES\DESKTOP\SOURCE CODE\CONTINGENCY-SRC\SRC\GAME\SERVER\RELEASE_HL2MP\NPC_ROLLERMINE.OBJ
C:\USERS\JAMES\DESKTOP\SOURCE CODE\CONTINGENCY-SRC\SRC\GAME\SERVER\RELEASE_HL2MP\NPC_SCANNER.OBJ
C:\USERS\JAMES\DESKTOP\SOURCE CODE\CONTINGENCY-SRC\SRC\GAME\SERVER\RELEASE_HL2MP\NPC_STRIDER.OBJ
C:\USERS\JAMES\DESKTOP\SOURCE CODE\CONTINGENCY-SRC\SRC\GAME\SERVER\RELEASE_HL2MP\NPC_TALKER.OBJ
C:\USERS\JAMES\DESKTOP\SOURCE CODE\CONTINGENCY-SRC\SRC\GAME\SERVER\RELEASE_HL2MP\NPC_TURRET_CEILING.OBJ
C:\USERS\JAMES\DESKTOP\SOURCE CODE\CONTINGENCY-SRC\SRC\GAME\SERVER\RELEASE_HL2MP\NPC_TURRET_FLOOR.OBJ
C:\USERS\JAMES\DESKTOP\SOURCE CODE\CONTINGENCY-SRC\SRC\GAME\SERVER\RELEASE_HL2MP\NPC_TURRET_GROUND.OBJ
C:\USERS\JAMES\DESKTOP\SOURCE CODE\CONTINGENCY-SRC\SRC\GAME\SERVER\RELEASE_HL2MP\NPC_VEHICLEDRIVER.OBJ
C:\USERS\JAMES\DESKTOP\SOURCE CODE\CONTINGENCY-SRC\SRC\GAME\SERVER\RELEASE_HL2MP\NPC_VORTIGAUNT_EPISODIC.OBJ
C:\USERS\JAMES\DESKTOP\SOURCE CODE\CONTINGENCY-SRC\SRC\GAME\SERVER\RELEASE_HL2MP\NPC_ZOMBIE.OBJ
C:\USERS\JAMES\DESKTOP\SOURCE CODE\CONTINGENCY-SRC\SRC\GAME\SERVER\RELEASE_HL2MP\OBSTACLE_PUSHAWAY.OBJ
C:\USERS\JAMES\DESKTOP\SOURCE CODE\CONTINGENCY-SRC\SRC\GAME\SERVER\RELEASE_HL2MP\PARTICLE_FIRE.OBJ
C:\USERS\JAMES\DESKTOP\SOURCE CODE\CONTINGENCY-SRC\SRC\GAME\SERVER\RELEASE_HL2MP\PARTICLE_LIGHT.OBJ
C:\USERS\JAMES\DESKTOP\SOURCE CODE\CONTINGENCY-SRC\SRC\GAME\SERVER\RELEASE_HL2MP\PARTICLE_PARSE.OBJ
C:\USERS\JAMES\DESKTOP\SOURCE CODE\CONTINGENCY-SRC\SRC\GAME\SERVER\RELEASE_HL2MP\PARTICLE_SMOKEGRENADE.OBJ
C:\USERS\JAMES\DESKTOP\SOURCE CODE\CONTINGENCY-SRC\SRC\GAME\SERVER\RELEASE_HL2MP\PARTICLE_SYSTEM.OBJ
C:\USERS\JAMES\DESKTOP\SOURCE CODE\CONTINGENCY-SRC\SRC\GAME\SERVER\RELEASE_HL2MP\PARTICLESYSTEMQUERY.OBJ
C:\USERS\JAMES\DESKTOP\SOURCE CODE\CONTINGENCY-SRC\SRC\GAME\SERVER\RELEASE_HL2MP\PATHCORNER.OBJ
C:\USERS\JAMES\DESKTOP\SOURCE CODE\CONTINGENCY-SRC\SRC\GAME\SERVER\RELEASE_HL2MP\PATHTRACK.OBJ
C:\USERS\JAMES\DESKTOP\SOURCE CODE\CONTINGENCY-SRC\SRC\GAME\SERVER\RELEASE_HL2MP\PHYS_CONTROLLER.OBJ
C:\USERS\JAMES\DESKTOP\SOURCE CODE\CONTINGENCY-SRC\SRC\GAME\SERVER\RELEASE_HL2MP\PHYSCONSTRAINT.OBJ
C:\USERS\JAMES\DESKTOP\SOURCE CODE\CONTINGENCY-SRC\SRC\GAME\SERVER\RELEASE_HL2MP\PHYSICS.OBJ
C:\USERS\JAMES\DESKTOP\SOURCE CODE\CONTINGENCY-SRC\SRC\GAME\SERVER\RELEASE_HL2MP\PHYSICS_BONE_FOLLOWER.OBJ
C:\USERS\JAMES\DESKTOP\SOURCE CODE\CONTINGENCY-SRC\SRC\GAME\SERVER\RELEASE_HL2MP\PHYSICS_CANNISTER.OBJ
C:\USERS\JAMES\DESKTOP\SOURCE CODE\CONTINGENCY-SRC\SRC\GAME\SERVER\RELEASE_HL2MP\PHYSICS_FX.OBJ
C:\USERS\JAMES\DESKTOP\SOURCE CODE\CONTINGENCY-SRC\SRC\GAME\SERVER\RELEASE_HL2MP\PHYSICS_IMPACT_DAMAGE.OBJ
C:\USERS\JAMES\DESKTOP\SOURCE CODE\CONTINGENCY-SRC\SRC\GAME\SERVER\RELEASE_HL2MP\PHYSICS_MAIN.OBJ
C:\USERS\JAMES\DESKTOP\SOURCE CODE\CONTINGENCY-SRC\SRC\GAME\SERVER\RELEASE_HL2MP\PHYSICS_MAIN_SHARED.OBJ
C:\USERS\JAMES\DESKTOP\SOURCE CODE\CONTINGENCY-SRC\SRC\GAME\SERVER\RELEASE_HL2MP\PHYSICS_NPC_SOLVER.OBJ
C:\USERS\JAMES\DESKTOP\SOURCE CODE\CONTINGENCY-SRC\SRC\GAME\SERVER\RELEASE_HL2MP\PHYSICS_PROP_RAGDOLL.OBJ
C:\USERS\JAMES\DESKTOP\SOURCE CODE\CONTINGENCY-SRC\SRC\GAME\SERVER\RELEASE_HL2MP\PHYSICS_SAVERESTORE.OBJ
C:\USERS\JAMES\DESKTOP\SOURCE CODE\CONTINGENCY-SRC\SRC\GAME\SERVER\RELEASE_HL2MP\PHYSICS_SHARED.OBJ
C:\USERS\JAMES\DESKTOP\SOURCE CODE\CONTINGENCY-SRC\SRC\GAME\SERVER\RELEASE_HL2MP\PHYSOBJ.OBJ
C:\USERS\JAMES\DESKTOP\SOURCE CODE\CONTINGENCY-SRC\SRC\GAME\SERVER\RELEASE_HL2MP\PLASMA.OBJ
C:\USERS\JAMES\DESKTOP\SOURCE CODE\CONTINGENCY-SRC\SRC\GAME\SERVER\RELEASE_HL2MP\PLAYER.OBJ
C:\USERS\JAMES\DESKTOP\SOURCE CODE\CONTINGENCY-SRC\SRC\GAME\SERVER\RELEASE_HL2MP\PLAYER_COMMAND.OBJ
C:\USERS\JAMES\DESKTOP\SOURCE CODE\CONTINGENCY-SRC\SRC\GAME\SERVER\RELEASE_HL2MP\PLAYER_LAGCOMPENSATION.OBJ
C:\USERS\JAMES\DESKTOP\SOURCE CODE\CONTINGENCY-SRC\SRC\GAME\SERVER\RELEASE_HL2MP\PLAYER_PICKUP.OBJ
C:\USERS\JAMES\DESKTOP\SOURCE CODE\CONTINGENCY-SRC\SRC\GAME\SERVER\RELEASE_HL2MP\PLAYER_RESOURCE.OBJ
C:\USERS\JAMES\DESKTOP\SOURCE CODE\CONTINGENCY-SRC\SRC\GAME\SERVER\RELEASE_HL2MP\PLAYERINFOMANAGER.OBJ
C:\USERS\JAMES\DESKTOP\SOURCE CODE\CONTINGENCY-SRC\SRC\GAME\SERVER\RELEASE_HL2MP\PLAYERLOCALDATA.OBJ
C:\USERS\JAMES\DESKTOP\SOURCE CODE\CONTINGENCY-SRC\SRC\GAME\SERVER\RELEASE_HL2MP\PLUGIN_CHECK.OBJ
C:\USERS\JAMES\DESKTOP\SOURCE CODE\CONTINGENCY-SRC\SRC\GAME\SERVER\RELEASE_HL2MP\POINT_APC_CONTROLLER.OBJ
C:\USERS\JAMES\DESKTOP\SOURCE CODE\CONTINGENCY-SRC\SRC\GAME\SERVER\RELEASE_HL2MP\POINT_BONUSMAPS_ACCESSOR.OBJ
C:\USERS\JAMES\DESKTOP\SOURCE CODE\CONTINGENCY-SRC\SRC\GAME\SERVER\RELEASE_HL2MP\POINT_CAMERA.OBJ
C:\USERS\JAMES\DESKTOP\SOURCE CODE\CONTINGENCY-SRC\SRC\GAME\SERVER\RELEASE_HL2MP\POINT_DEVSHOT_CAMERA.OBJ
C:\USERS\JAMES\DESKTOP\SOURCE CODE\CONTINGENCY-SRC\SRC\GAME\SERVER\RELEASE_HL2MP\POINT_PLAYERMOVECONSTRAINT.OBJ
C:\USERS\JAMES\DESKTOP\SOURCE CODE\CONTINGENCY-SRC\SRC\GAME\SERVER\RELEASE_HL2MP\POINT_POSECONTROLLER.OBJ
C:\USERS\JAMES\DESKTOP\SOURCE CODE\CONTINGENCY-SRC\SRC\GAME\SERVER\RELEASE_HL2MP\POINT_SPOTLIGHT.OBJ
C:\USERS\JAMES\DESKTOP\SOURCE CODE\CONTINGENCY-SRC\SRC\GAME\SERVER\RELEASE_HL2MP\POINT_TEMPLATE.OBJ
C:\USERS\JAMES\DESKTOP\SOURCE CODE\CONTINGENCY-SRC\SRC\GAME\SERVER\RELEASE_HL2MP\POINTANGLESENSOR.OBJ
C:\USERS\JAMES\DESKTOP\SOURCE CODE\CONTINGENCY-SRC\SRC\GAME\SERVER\RELEASE_HL2MP\POINTANGULARVELOCITYSENSOR.OBJ
C:\USERS\JAMES\DESKTOP\SOURCE CODE\CONTINGENCY-SRC\SRC\GAME\SERVER\RELEASE_HL2MP\POINTHURT.OBJ
C:\USERS\JAMES\DESKTOP\SOURCE CODE\CONTINGENCY-SRC\SRC\GAME\SERVER\RELEASE_HL2MP\POINTTELEPORT.OBJ
C:\USERS\JAMES\DESKTOP\SOURCE CODE\CONTINGENCY-SRC\SRC\GAME\SERVER\RELEASE_HL2MP\PRECACHE_REGISTER.OBJ
C:\USERS\JAMES\DESKTOP\SOURCE CODE\CONTINGENCY-SRC\SRC\GAME\SERVER\RELEASE_HL2MP\PREDICTABLEID.OBJ
C:\USERS\JAMES\DESKTOP\SOURCE CODE\CONTINGENCY-SRC\SRC\GAME\SERVER\RELEASE_HL2MP\PREDICTED_VIEWMODEL.OBJ
C:\USERS\JAMES\DESKTOP\SOURCE CODE\CONTINGENCY-SRC\SRC\GAME\SERVER\RELEASE_HL2MP\PROP_COMBINE_BALL.OBJ
C:\USERS\JAMES\DESKTOP\SOURCE CODE\CONTINGENCY-SRC\SRC\GAME\SERVER\RELEASE_HL2MP\PROP_THUMPER.OBJ
C:\USERS\JAMES\DESKTOP\SOURCE CODE\CONTINGENCY-SRC\SRC\GAME\SERVER\RELEASE_HL2MP\PROPS.OBJ
C:\USERS\JAMES\DESKTOP\SOURCE CODE\CONTINGENCY-SRC\SRC\GAME\SERVER\RELEASE_HL2MP\PROPS_SHARED.OBJ
C:\USERS\JAMES\DESKTOP\SOURCE CODE\CONTINGENCY-SRC\SRC\GAME\SERVER\RELEASE_HL2MP\PROTO_SNIPER.OBJ
C:\USERS\JAMES\DESKTOP\SOURCE CODE\CONTINGENCY-SRC\SRC\GAME\SERVER\RELEASE_HL2MP\RAGDOLL_MANAGER.OBJ
C:\USERS\JAMES\DESKTOP\SOURCE CODE\CONTINGENCY-SRC\SRC\GAME\SERVER\RELEASE_HL2MP\RAGDOLL_SHARED.OBJ
C:\USERS\JAMES\DESKTOP\SOURCE CODE\CONTINGENCY-SRC\SRC\GAME\SERVER\RELEASE_HL2MP\RAGDOLLBOOGIE.OBJ
C:\USERS\JAMES\DESKTOP\SOURCE CODE\CONTINGENCY-SRC\SRC\GAME\SERVER\RELEASE_HL2MP\RANDOVERRIDE.OBJ
C:\USERS\JAMES\DESKTOP\SOURCE CODE\CONTINGENCY-SRC\SRC\GAME\SERVER\RELEASE_HL2MP\RECIPIENTFILTER.OBJ
C:\USERS\JAMES\DESKTOP\SOURCE CODE\CONTINGENCY-SRC\SRC\GAME\SERVER\RELEASE_HL2MP\REGISTRY.OBJ
C:\USERS\JAMES\DESKTOP\SOURCE CODE\CONTINGENCY-SRC\SRC\GAME\SERVER\RELEASE_HL2MP\ROPE.OBJ
C:\USERS\JAMES\DESKTOP\SOURCE CODE\CONTINGENCY-SRC\SRC\GAME\SERVER\RELEASE_HL2MP\ROPE_HELPERS.OBJ
C:\USERS\JAMES\DESKTOP\SOURCE CODE\CONTINGENCY-SRC\SRC\GAME\SERVER\RELEASE_HL2MP\ROPE_PHYSICS.OBJ
C:\USERS\JAMES\DESKTOP\SOURCE CODE\CONTINGENCY-SRC\SRC\GAME\SERVER\RELEASE_HL2MP\ROTORWASH.OBJ
C:\USERS\JAMES\DESKTOP\SOURCE CODE\CONTINGENCY-SRC\SRC\GAME\SERVER\RELEASE_HL2MP\SAVERESTORE.OBJ
C:\USERS\JAMES\DESKTOP\SOURCE CODE\CONTINGENCY-SRC\SRC\GAME\SERVER\RELEASE_HL2MP\SAVERESTORE_GAMEDLL.OBJ
C:\USERS\JAMES\DESKTOP\SOURCE CODE\CONTINGENCY-SRC\SRC\GAME\SERVER\RELEASE_HL2MP\SCENECACHE.OBJ
C:\USERS\JAMES\DESKTOP\SOURCE CODE\CONTINGENCY-SRC\SRC\GAME\SERVER\RELEASE_HL2MP\SCENEENTITY.OBJ
C:\USERS\JAMES\DESKTOP\SOURCE CODE\CONTINGENCY-SRC\SRC\GAME\SERVER\RELEASE_HL2MP\SCENEENTITY_SHARED.OBJ
C:\USERS\JAMES\DESKTOP\SOURCE CODE\CONTINGENCY-SRC\SRC\GAME\SERVER\RELEASE_HL2MP\SCRATCHPAD_GAMEDLL_HELPERS.OBJ
C:\USERS\JAMES\DESKTOP\SOURCE CODE\CONTINGENCY-SRC\SRC\GAME\SERVER\RELEASE_HL2MP\SCRATCHPAD3D.OBJ
C:\USERS\JAMES\DESKTOP\SOURCE CODE\CONTINGENCY-SRC\SRC\GAME\SERVER\RELEASE_HL2MP\SCRATCHPADUTILS.OBJ
C:\USERS\JAMES\DESKTOP\SOURCE CODE\CONTINGENCY-SRC\SRC\GAME\SERVER\RELEASE_HL2MP\SCRIPT_INTRO.OBJ
C:\USERS\JAMES\DESKTOP\SOURCE CODE\CONTINGENCY-SRC\SRC\GAME\SERVER\RELEASE_HL2MP\SCRIPT_INTRO_SHARED.OBJ
C:\USERS\JAMES\DESKTOP\SOURCE CODE\CONTINGENCY-SRC\SRC\GAME\SERVER\RELEASE_HL2MP\SCRIPTED.OBJ
C:\USERS\JAMES\DESKTOP\SOURCE CODE\CONTINGENCY-SRC\SRC\GAME\SERVER\RELEASE_HL2MP\SCRIPTEDTARGET.OBJ
C:\USERS\JAMES\DESKTOP\SOURCE CODE\CONTINGENCY-SRC\SRC\GAME\SERVER\RELEASE_HL2MP\SENDPROXY.OBJ
C:\USERS\JAMES\DESKTOP\SOURCE CODE\CONTINGENCY-SRC\SRC\GAME\SERVER\RELEASE_HL2MP\SEQUENCE_TRANSITIONER.OBJ
C:\USERS\JAMES\DESKTOP\SOURCE CODE\CONTINGENCY-SRC\SRC\GAME\SERVER\RELEASE_HL2MP\SERVER.DLL
C:\Users\James\Desktop\Source Code\contingency-src\src\game\server\Release_hl2mp\Server.exp
C:\Users\James\Desktop\Source Code\contingency-src\src\game\server\Release_hl2mp\Server.lib
C:\USERS\JAMES\DESKTOP\SOURCE CODE\CONTINGENCY-SRC\SRC\GAME\SERVER\RELEASE_HL2MP\SERVER.MAP
C:\USERS\JAMES\DESKTOP\SOURCE CODE\CONTINGENCY-SRC\SRC\GAME\SERVER\RELEASE_HL2MP\SERVER.PCH
C:\USERS\JAMES\DESKTOP\SOURCE CODE\CONTINGENCY-SRC\SRC\GAME\SERVER\RELEASE_HL2MP\SERVER.PDB
C:\Users\James\Desktop\Source Code\contingency-src\src\game\server\Release_hl2mp\Server.write.1.tlog
C:\USERS\JAMES\DESKTOP\SOURCE CODE\CONTINGENCY-SRC\SRC\GAME\SERVER\RELEASE_HL2MP\SERVER_CLASS.OBJ
C:\USERS\JAMES\DESKTOP\SOURCE CODE\CONTINGENCY-SRC\SRC\GAME\SERVER\RELEASE_HL2MP\SERVERBENCHMARK_BASE.OBJ
C:\USERS\JAMES\DESKTOP\SOURCE CODE\CONTINGENCY-SRC\SRC\GAME\SERVER\RELEASE_HL2MP\SERVERNETWORKPROPERTY.OBJ
C:\USERS\JAMES\DESKTOP\SOURCE CODE\CONTINGENCY-SRC\SRC\GAME\SERVER\RELEASE_HL2MP\SHADOWCONTROL.OBJ
C:\USERS\JAMES\DESKTOP\SOURCE CODE\CONTINGENCY-SRC\SRC\GAME\SERVER\RELEASE_HL2MP\SHEETSIMULATOR.OBJ
C:\USERS\JAMES\DESKTOP\SOURCE CODE\CONTINGENCY-SRC\SRC\GAME\SERVER\RELEASE_HL2MP\SIMPLE_PHYSICS.OBJ
C:\USERS\JAMES\DESKTOP\SOURCE CODE\CONTINGENCY-SRC\SRC\GAME\SERVER\RELEASE_HL2MP\SIMTIMER.OBJ
C:\USERS\JAMES\DESKTOP\SOURCE CODE\CONTINGENCY-SRC\SRC\GAME\SERVER\RELEASE_HL2MP\SINGLEPLAY_GAMERULES.OBJ
C:\USERS\JAMES\DESKTOP\SOURCE CODE\CONTINGENCY-SRC\SRC\GAME\SERVER\RELEASE_HL2MP\SKYCAMERA.OBJ
C:\USERS\JAMES\DESKTOP\SOURCE CODE\CONTINGENCY-SRC\SRC\GAME\SERVER\RELEASE_HL2MP\SLIDESHOW_DISPLAY.OBJ
C:\USERS\JAMES\DESKTOP\SOURCE CODE\CONTINGENCY-SRC\SRC\GAME\SERVER\RELEASE_HL2MP\SMOKE_TRAIL.OBJ
C:\USERS\JAMES\DESKTOP\SOURCE CODE\CONTINGENCY-SRC\SRC\GAME\SERVER\RELEASE_HL2MP\SMOKESTACK.OBJ
C:\USERS\JAMES\DESKTOP\SOURCE CODE\CONTINGENCY-SRC\SRC\GAME\SERVER\RELEASE_HL2MP\SOUND.OBJ
C:\USERS\JAMES\DESKTOP\SOURCE CODE\CONTINGENCY-SRC\SRC\GAME\SERVER\RELEASE_HL2MP\SOUNDEMITTERSYSTEM.OBJ
C:\USERS\JAMES\DESKTOP\SOURCE CODE\CONTINGENCY-SRC\SRC\GAME\SERVER\RELEASE_HL2MP\SOUNDENT.OBJ
C:\USERS\JAMES\DESKTOP\SOURCE CODE\CONTINGENCY-SRC\SRC\GAME\SERVER\RELEASE_HL2MP\SOUNDENVELOPE.OBJ
C:\USERS\JAMES\DESKTOP\SOURCE CODE\CONTINGENCY-SRC\SRC\GAME\SERVER\RELEASE_HL2MP\SOUNDPARAMETERSINTERNAL.OBJ
C:\USERS\JAMES\DESKTOP\SOURCE CODE\CONTINGENCY-SRC\SRC\GAME\SERVER\RELEASE_HL2MP\SOUNDSCAPE.OBJ
C:\USERS\JAMES\DESKTOP\SOURCE CODE\CONTINGENCY-SRC\SRC\GAME\SERVER\RELEASE_HL2MP\SOUNDSCAPE_SYSTEM.OBJ
C:\USERS\JAMES\DESKTOP\SOURCE CODE\CONTINGENCY-SRC\SRC\GAME\SERVER\RELEASE_HL2MP\SPOTLIGHTEND.OBJ
C:\USERS\JAMES\DESKTOP\SOURCE CODE\CONTINGENCY-SRC\SRC\GAME\SERVER\RELEASE_HL2MP\SPRITE.OBJ
C:\USERS\JAMES\DESKTOP\SOURCE CODE\CONTINGENCY-SRC\SRC\GAME\SERVER\RELEASE_HL2MP\SPRITE_PERFMONITOR.OBJ
C:\USERS\JAMES\DESKTOP\SOURCE CODE\CONTINGENCY-SRC\SRC\GAME\SERVER\RELEASE_HL2MP\SPRITETRAIL.OBJ
C:\USERS\JAMES\DESKTOP\SOURCE CODE\CONTINGENCY-SRC\SRC\GAME\SERVER\RELEASE_HL2MP\STDAFX.OBJ
C:\USERS\JAMES\DESKTOP\SOURCE CODE\CONTINGENCY-SRC\SRC\GAME\SERVER\RELEASE_HL2MP\STEAMJET.OBJ
C:\USERS\JAMES\DESKTOP\SOURCE CODE\CONTINGENCY-SRC\SRC\GAME\SERVER\RELEASE_HL2MP\STRINGREGISTRY.OBJ
C:\USERS\JAMES\DESKTOP\SOURCE CODE\CONTINGENCY-SRC\SRC\GAME\SERVER\RELEASE_HL2MP\STUDIO.OBJ
C:\USERS\JAMES\DESKTOP\SOURCE CODE\CONTINGENCY-SRC\SRC\GAME\SERVER\RELEASE_HL2MP\STUDIO_SHARED.OBJ
C:\USERS\JAMES\DESKTOP\SOURCE CODE\CONTINGENCY-SRC\SRC\GAME\SERVER\RELEASE_HL2MP\SUBS.OBJ
C:\USERS\JAMES\DESKTOP\SOURCE CODE\CONTINGENCY-SRC\SRC\GAME\SERVER\RELEASE_HL2MP\SUN.OBJ
C:\USERS\JAMES\DESKTOP\SOURCE CODE\CONTINGENCY-SRC\SRC\GAME\SERVER\RELEASE_HL2MP\SURVIVAL_GAMERULES.OBJ
C:\USERS\JAMES\DESKTOP\SOURCE CODE\CONTINGENCY-SRC\SRC\GAME\SERVER\RELEASE_HL2MP\TAKEDAMAGEINFO.OBJ
C:\USERS\JAMES\DESKTOP\SOURCE CODE\CONTINGENCY-SRC\SRC\GAME\SERVER\RELEASE_HL2MP\TANKTRAIN.OBJ
C:\USERS\JAMES\DESKTOP\SOURCE CODE\CONTINGENCY-SRC\SRC\GAME\SERVER\RELEASE_HL2MP\TE.OBJ
C:\USERS\JAMES\DESKTOP\SOURCE CODE\CONTINGENCY-SRC\SRC\GAME\SERVER\RELEASE_HL2MP\TE_ARMORRICOCHET.OBJ
C:\USERS\JAMES\DESKTOP\SOURCE CODE\CONTINGENCY-SRC\SRC\GAME\SERVER\RELEASE_HL2MP\TE_BASEBEAM.OBJ
C:\USERS\JAMES\DESKTOP\SOURCE CODE\CONTINGENCY-SRC\SRC\GAME\SERVER\RELEASE_HL2MP\TE_BEAMENTPOINT.OBJ
C:\USERS\JAMES\DESKTOP\SOURCE CODE\CONTINGENCY-SRC\SRC\GAME\SERVER\RELEASE_HL2MP\TE_BEAMENTS.OBJ
C:\USERS\JAMES\DESKTOP\SOURCE CODE\CONTINGENCY-SRC\SRC\GAME\SERVER\RELEASE_HL2MP\TE_BEAMFOLLOW.OBJ
C:\USERS\JAMES\DESKTOP\SOURCE CODE\CONTINGENCY-SRC\SRC\GAME\SERVER\RELEASE_HL2MP\TE_BEAMLASER.OBJ
C:\USERS\JAMES\DESKTOP\SOURCE CODE\CONTINGENCY-SRC\SRC\GAME\SERVER\RELEASE_HL2MP\TE_BEAMPOINTS.OBJ
C:\USERS\JAMES\DESKTOP\SOURCE CODE\CONTINGENCY-SRC\SRC\GAME\SERVER\RELEASE_HL2MP\TE_BEAMRING.OBJ
C:\USERS\JAMES\DESKTOP\SOURCE CODE\CONTINGENCY-SRC\SRC\GAME\SERVER\RELEASE_HL2MP\TE_BEAMRINGPOINT.OBJ
C:\USERS\JAMES\DESKTOP\SOURCE CODE\CONTINGENCY-SRC\SRC\GAME\SERVER\RELEASE_HL2MP\TE_BEAMSPLINE.OBJ
C:\USERS\JAMES\DESKTOP\SOURCE CODE\CONTINGENCY-SRC\SRC\GAME\SERVER\RELEASE_HL2MP\TE_BLOODSPRITE.OBJ
C:\USERS\JAMES\DESKTOP\SOURCE CODE\CONTINGENCY-SRC\SRC\GAME\SERVER\RELEASE_HL2MP\TE_BLOODSTREAM.OBJ
C:\USERS\JAMES\DESKTOP\SOURCE CODE\CONTINGENCY-SRC\SRC\GAME\SERVER\RELEASE_HL2MP\TE_BREAKMODEL.OBJ
C:\USERS\JAMES\DESKTOP\SOURCE CODE\CONTINGENCY-SRC\SRC\GAME\SERVER\RELEASE_HL2MP\TE_BSPDECAL.OBJ
C:\USERS\JAMES\DESKTOP\SOURCE CODE\CONTINGENCY-SRC\SRC\GAME\SERVER\RELEASE_HL2MP\TE_BUBBLES.OBJ
C:\USERS\JAMES\DESKTOP\SOURCE CODE\CONTINGENCY-SRC\SRC\GAME\SERVER\RELEASE_HL2MP\TE_BUBBLETRAIL.OBJ
C:\USERS\JAMES\DESKTOP\SOURCE CODE\CONTINGENCY-SRC\SRC\GAME\SERVER\RELEASE_HL2MP\TE_CLIENTPROJECTILE.OBJ
C:\USERS\JAMES\DESKTOP\SOURCE CODE\CONTINGENCY-SRC\SRC\GAME\SERVER\RELEASE_HL2MP\TE_DECAL.OBJ
C:\USERS\JAMES\DESKTOP\SOURCE CODE\CONTINGENCY-SRC\SRC\GAME\SERVER\RELEASE_HL2MP\TE_DYNAMICLIGHT.OBJ
C:\USERS\JAMES\DESKTOP\SOURCE CODE\CONTINGENCY-SRC\SRC\GAME\SERVER\RELEASE_HL2MP\TE_EFFECT_DISPATCH.OBJ
C:\USERS\JAMES\DESKTOP\SOURCE CODE\CONTINGENCY-SRC\SRC\GAME\SERVER\RELEASE_HL2MP\TE_ENERGYSPLASH.OBJ
C:\USERS\JAMES\DESKTOP\SOURCE CODE\CONTINGENCY-SRC\SRC\GAME\SERVER\RELEASE_HL2MP\TE_EXPLOSION.OBJ
C:\USERS\JAMES\DESKTOP\SOURCE CODE\CONTINGENCY-SRC\SRC\GAME\SERVER\RELEASE_HL2MP\TE_FIZZ.OBJ
C:\USERS\JAMES\DESKTOP\SOURCE CODE\CONTINGENCY-SRC\SRC\GAME\SERVER\RELEASE_HL2MP\TE_FOOTPRINTDECAL.OBJ
C:\USERS\JAMES\DESKTOP\SOURCE CODE\CONTINGENCY-SRC\SRC\GAME\SERVER\RELEASE_HL2MP\TE_GAUSSEXPLOSION.OBJ
C:\USERS\JAMES\DESKTOP\SOURCE CODE\CONTINGENCY-SRC\SRC\GAME\SERVER\RELEASE_HL2MP\TE_GLASSSHATTER.OBJ
C:\USERS\JAMES\DESKTOP\SOURCE CODE\CONTINGENCY-SRC\SRC\GAME\SERVER\RELEASE_HL2MP\TE_GLOWSPRITE.OBJ
C:\USERS\JAMES\DESKTOP\SOURCE CODE\CONTINGENCY-SRC\SRC\GAME\SERVER\RELEASE_HL2MP\TE_HL2MP_SHOTGUN_SHOT.OBJ
C:\USERS\JAMES\DESKTOP\SOURCE CODE\CONTINGENCY-SRC\SRC\GAME\SERVER\RELEASE_HL2MP\TE_IMPACT.OBJ
C:\USERS\JAMES\DESKTOP\SOURCE CODE\CONTINGENCY-SRC\SRC\GAME\SERVER\RELEASE_HL2MP\TE_KILLPLAYERATTACHMENTS.OBJ
C:\USERS\JAMES\DESKTOP\SOURCE CODE\CONTINGENCY-SRC\SRC\GAME\SERVER\RELEASE_HL2MP\TE_LARGEFUNNEL.OBJ
C:\USERS\JAMES\DESKTOP\SOURCE CODE\CONTINGENCY-SRC\SRC\GAME\SERVER\RELEASE_HL2MP\TE_MUZZLEFLASH.OBJ
C:\USERS\JAMES\DESKTOP\SOURCE CODE\CONTINGENCY-SRC\SRC\GAME\SERVER\RELEASE_HL2MP\TE_PARTICLESYSTEM.OBJ
C:\USERS\JAMES\DESKTOP\SOURCE CODE\CONTINGENCY-SRC\SRC\GAME\SERVER\RELEASE_HL2MP\TE_PHYSICSPROP.OBJ
C:\USERS\JAMES\DESKTOP\SOURCE CODE\CONTINGENCY-SRC\SRC\GAME\SERVER\RELEASE_HL2MP\TE_PLAYERDECAL.OBJ
C:\USERS\JAMES\DESKTOP\SOURCE CODE\CONTINGENCY-SRC\SRC\GAME\SERVER\RELEASE_HL2MP\TE_PROJECTEDDECAL.OBJ
C:\USERS\JAMES\DESKTOP\SOURCE CODE\CONTINGENCY-SRC\SRC\GAME\SERVER\RELEASE_HL2MP\TE_SHOWLINE.OBJ
C:\USERS\JAMES\DESKTOP\SOURCE CODE\CONTINGENCY-SRC\SRC\GAME\SERVER\RELEASE_HL2MP\TE_SMOKE.OBJ
C:\USERS\JAMES\DESKTOP\SOURCE CODE\CONTINGENCY-SRC\SRC\GAME\SERVER\RELEASE_HL2MP\TE_SPARKS.OBJ
C:\USERS\JAMES\DESKTOP\SOURCE CODE\CONTINGENCY-SRC\SRC\GAME\SERVER\RELEASE_HL2MP\TE_SPRITE.OBJ
C:\USERS\JAMES\DESKTOP\SOURCE CODE\CONTINGENCY-SRC\SRC\GAME\SERVER\RELEASE_HL2MP\TE_SPRITESPRAY.OBJ
C:\USERS\JAMES\DESKTOP\SOURCE CODE\CONTINGENCY-SRC\SRC\GAME\SERVER\RELEASE_HL2MP\TE_WORLDDECAL.OBJ
C:\USERS\JAMES\DESKTOP\SOURCE CODE\CONTINGENCY-SRC\SRC\GAME\SERVER\RELEASE_HL2MP\TEAM.OBJ
C:\USERS\JAMES\DESKTOP\SOURCE CODE\CONTINGENCY-SRC\SRC\GAME\SERVER\RELEASE_HL2MP\TEAM_SPAWNPOINT.OBJ
C:\USERS\JAMES\DESKTOP\SOURCE CODE\CONTINGENCY-SRC\SRC\GAME\SERVER\RELEASE_HL2MP\TEAMPLAY_GAMERULES.OBJ
C:\USERS\JAMES\DESKTOP\SOURCE CODE\CONTINGENCY-SRC\SRC\GAME\SERVER\RELEASE_HL2MP\TEMPLATEENTITIES.OBJ
C:\USERS\JAMES\DESKTOP\SOURCE CODE\CONTINGENCY-SRC\SRC\GAME\SERVER\RELEASE_HL2MP\TEMPMONSTER.OBJ
C:\USERS\JAMES\DESKTOP\SOURCE CODE\CONTINGENCY-SRC\SRC\GAME\SERVER\RELEASE_HL2MP\TESLA.OBJ
C:\USERS\JAMES\DESKTOP\SOURCE CODE\CONTINGENCY-SRC\SRC\GAME\SERVER\RELEASE_HL2MP\TEST_EHANDLE.OBJ
C:\USERS\JAMES\DESKTOP\SOURCE CODE\CONTINGENCY-SRC\SRC\GAME\SERVER\RELEASE_HL2MP\TEST_PROXYTOGGLE.OBJ
C:\USERS\JAMES\DESKTOP\SOURCE CODE\CONTINGENCY-SRC\SRC\GAME\SERVER\RELEASE_HL2MP\TEST_STRESSENTITIES.OBJ
C:\USERS\JAMES\DESKTOP\SOURCE CODE\CONTINGENCY-SRC\SRC\GAME\SERVER\RELEASE_HL2MP\TESTFUNCTIONS.OBJ
C:\USERS\JAMES\DESKTOP\SOURCE CODE\CONTINGENCY-SRC\SRC\GAME\SERVER\RELEASE_HL2MP\TESTTRACELINE.OBJ
C:\USERS\JAMES\DESKTOP\SOURCE CODE\CONTINGENCY-SRC\SRC\GAME\SERVER\RELEASE_HL2MP\TEXTSTATSMGR.OBJ
C:\USERS\JAMES\DESKTOP\SOURCE CODE\CONTINGENCY-SRC\SRC\GAME\SERVER\RELEASE_HL2MP\TIMEDEVENTMGR.OBJ
C:\USERS\JAMES\DESKTOP\SOURCE CODE\CONTINGENCY-SRC\SRC\GAME\SERVER\RELEASE_HL2MP\TOOLFRAMEWORK_SERVER.OBJ
C:\USERS\JAMES\DESKTOP\SOURCE CODE\CONTINGENCY-SRC\SRC\GAME\SERVER\RELEASE_HL2MP\TRAINS.OBJ
C:\USERS\JAMES\DESKTOP\SOURCE CODE\CONTINGENCY-SRC\SRC\GAME\SERVER\RELEASE_HL2MP\TRIGGERS.OBJ
C:\USERS\JAMES\DESKTOP\SOURCE CODE\CONTINGENCY-SRC\SRC\GAME\SERVER\RELEASE_HL2MP\USERCMD.OBJ
C:\USERS\JAMES\DESKTOP\SOURCE CODE\CONTINGENCY-SRC\SRC\GAME\SERVER\RELEASE_HL2MP\USERMESSAGES.OBJ
C:\USERS\JAMES\DESKTOP\SOURCE CODE\CONTINGENCY-SRC\SRC\GAME\SERVER\RELEASE_HL2MP\UTIL.OBJ
C:\USERS\JAMES\DESKTOP\SOURCE CODE\CONTINGENCY-SRC\SRC\GAME\SERVER\RELEASE_HL2MP\UTIL_SHARED.OBJ
C:\USERS\JAMES\DESKTOP\SOURCE CODE\CONTINGENCY-SRC\SRC\GAME\SERVER\RELEASE_HL2MP\VARIANT_T.OBJ
C:\USERS\JAMES\DESKTOP\SOURCE CODE\CONTINGENCY-SRC\SRC\GAME\SERVER\RELEASE_HL2MP\VC100.PDB
C:\USERS\JAMES\DESKTOP\SOURCE CODE\CONTINGENCY-SRC\SRC\GAME\SERVER\RELEASE_HL2MP\VEHICLE_AIRBOAT.OBJ
C:\USERS\JAMES\DESKTOP\SOURCE CODE\CONTINGENCY-SRC\SRC\GAME\SERVER\RELEASE_HL2MP\VEHICLE_APC.OBJ
C:\USERS\JAMES\DESKTOP\SOURCE CODE\CONTINGENCY-SRC\SRC\GAME\SERVER\RELEASE_HL2MP\VEHICLE_BASE.OBJ
C:\USERS\JAMES\DESKTOP\SOURCE CODE\CONTINGENCY-SRC\SRC\GAME\SERVER\RELEASE_HL2MP\VEHICLE_BASESERVER.OBJ
C:\USERS\JAMES\DESKTOP\SOURCE CODE\CONTINGENCY-SRC\SRC\GAME\SERVER\RELEASE_HL2MP\VEHICLE_CRANE.OBJ
C:\USERS\JAMES\DESKTOP\SOURCE CODE\CONTINGENCY-SRC\SRC\GAME\SERVER\RELEASE_HL2MP\VEHICLE_PRISONER_POD.OBJ
C:\USERS\JAMES\DESKTOP\SOURCE CODE\CONTINGENCY-SRC\SRC\GAME\SERVER\RELEASE_HL2MP\VEHICLE_VIEWBLEND_SHARED.OBJ
C:\USERS\JAMES\DESKTOP\SOURCE CODE\CONTINGENCY-SRC\SRC\GAME\SERVER\RELEASE_HL2MP\VEHICLE_VIEWCONTROLLER.OBJ
C:\USERS\JAMES\DESKTOP\SOURCE CODE\CONTINGENCY-SRC\SRC\GAME\SERVER\RELEASE_HL2MP\VGUISCREEN.OBJ
C:\USERS\JAMES\DESKTOP\SOURCE CODE\CONTINGENCY-SRC\SRC\GAME\SERVER\RELEASE_HL2MP\VOICE_GAMEMGR.OBJ
C:\USERS\JAMES\DESKTOP\SOURCE CODE\CONTINGENCY-SRC\SRC\GAME\SERVER\RELEASE_HL2MP\WATERBULLET.OBJ
C:\USERS\JAMES\DESKTOP\SOURCE CODE\CONTINGENCY-SRC\SRC\GAME\SERVER\RELEASE_HL2MP\WATERLODCONTROL.OBJ
C:\USERS\JAMES\DESKTOP\SOURCE CODE\CONTINGENCY-SRC\SRC\GAME\SERVER\RELEASE_HL2MP\WCEDIT.OBJ
C:\USERS\JAMES\DESKTOP\SOURCE CODE\CONTINGENCY-SRC\SRC\GAME\SERVER\RELEASE_HL2MP\WEAPON_357.OBJ
C:\USERS\JAMES\DESKTOP\SOURCE CODE\CONTINGENCY-SRC\SRC\GAME\SERVER\RELEASE_HL2MP\WEAPON_ANNABELLE.OBJ
C:\USERS\JAMES\DESKTOP\SOURCE CODE\CONTINGENCY-SRC\SRC\GAME\SERVER\RELEASE_HL2MP\WEAPON_AR2.OBJ
C:\USERS\JAMES\DESKTOP\SOURCE CODE\CONTINGENCY-SRC\SRC\GAME\SERVER\RELEASE_HL2MP\WEAPON_BUGBAIT.OBJ
C:\USERS\JAMES\DESKTOP\SOURCE CODE\CONTINGENCY-SRC\SRC\GAME\SERVER\RELEASE_HL2MP\WEAPON_CGUARD.OBJ
C:\USERS\JAMES\DESKTOP\SOURCE CODE\CONTINGENCY-SRC\SRC\GAME\SERVER\RELEASE_HL2MP\WEAPON_CROSSBOW.OBJ
C:\USERS\JAMES\DESKTOP\SOURCE CODE\CONTINGENCY-SRC\SRC\GAME\SERVER\RELEASE_HL2MP\WEAPON_CROWBAR.OBJ
C:\USERS\JAMES\DESKTOP\SOURCE CODE\CONTINGENCY-SRC\SRC\GAME\SERVER\RELEASE_HL2MP\WEAPON_CUBEMAP.OBJ
C:\USERS\JAMES\DESKTOP\SOURCE CODE\CONTINGENCY-SRC\SRC\GAME\SERVER\RELEASE_HL2MP\WEAPON_FLAREGUN.OBJ
C:\USERS\JAMES\DESKTOP\SOURCE CODE\CONTINGENCY-SRC\SRC\GAME\SERVER\RELEASE_HL2MP\WEAPON_FRAG.OBJ
C:\USERS\JAMES\DESKTOP\SOURCE CODE\CONTINGENCY-SRC\SRC\GAME\SERVER\RELEASE_HL2MP\WEAPON_HEALTHKIT.OBJ
C:\USERS\JAMES\DESKTOP\SOURCE CODE\CONTINGENCY-SRC\SRC\GAME\SERVER\RELEASE_HL2MP\WEAPON_HL2MPBASE.OBJ
C:\USERS\JAMES\DESKTOP\SOURCE CODE\CONTINGENCY-SRC\SRC\GAME\SERVER\RELEASE_HL2MP\WEAPON_HL2MPBASE_MACHINEGUN.OBJ
C:\USERS\JAMES\DESKTOP\SOURCE CODE\CONTINGENCY-SRC\SRC\GAME\SERVER\RELEASE_HL2MP\WEAPON_HL2MPBASEBASEBLUDGEON.OBJ
C:\USERS\JAMES\DESKTOP\SOURCE CODE\CONTINGENCY-SRC\SRC\GAME\SERVER\RELEASE_HL2MP\WEAPON_HL2MPBASEHLMPCOMBATWEAPON.OBJ
C:\USERS\JAMES\DESKTOP\SOURCE CODE\CONTINGENCY-SRC\SRC\GAME\SERVER\RELEASE_HL2MP\WEAPON_NYANGUN.OBJ
C:\USERS\JAMES\DESKTOP\SOURCE CODE\CONTINGENCY-SRC\SRC\GAME\SERVER\RELEASE_HL2MP\WEAPON_PARSE.OBJ
C:\USERS\JAMES\DESKTOP\SOURCE CODE\CONTINGENCY-SRC\SRC\GAME\SERVER\RELEASE_HL2MP\WEAPON_PHYSCANNON.OBJ
C:\USERS\JAMES\DESKTOP\SOURCE CODE\CONTINGENCY-SRC\SRC\GAME\SERVER\RELEASE_HL2MP\WEAPON_PISTOL.OBJ
C:\USERS\JAMES\DESKTOP\SOURCE CODE\CONTINGENCY-SRC\SRC\GAME\SERVER\RELEASE_HL2MP\WEAPON_PROFICIENCY.OBJ
C:\USERS\JAMES\DESKTOP\SOURCE CODE\CONTINGENCY-SRC\SRC\GAME\SERVER\RELEASE_HL2MP\WEAPON_RPG.OBJ
C:\USERS\JAMES\DESKTOP\SOURCE CODE\CONTINGENCY-SRC\SRC\GAME\SERVER\RELEASE_HL2MP\WEAPON_SHOTGUN.OBJ
C:\USERS\JAMES\DESKTOP\SOURCE CODE\CONTINGENCY-SRC\SRC\GAME\SERVER\RELEASE_HL2MP\WEAPON_SLAM.OBJ
C:\USERS\JAMES\DESKTOP\SOURCE CODE\CONTINGENCY-SRC\SRC\GAME\SERVER\RELEASE_HL2MP\WEAPON_SMG1.OBJ
C:\USERS\JAMES\DESKTOP\SOURCE CODE\CONTINGENCY-SRC\SRC\GAME\SERVER\RELEASE_HL2MP\WEAPON_STUNSTICK.OBJ
C:\USERS\JAMES\DESKTOP\SOURCE CODE\CONTINGENCY-SRC\SRC\GAME\SERVER\RELEASE_HL2MP\WEIGHT_BUTTON.OBJ
C:\USERS\JAMES\DESKTOP\SOURCE CODE\CONTINGENCY-SRC\SRC\GAME\SERVER\RELEASE_HL2MP\WORLD.OBJ
