.\Release_hl2mp\Client.pdb
c:\program files (x86)\steam\steamapps\SourceMods\contingency\bin\client.dll
C:\Users\James\Desktop\Source Code\contingency-src\src\game\client\.\Release_hl2mp\Client.dll
C:\USERS\JAMES\DESKTOP\SOURCE CODE\CONTINGENCY-SRC\SRC\GAME\CLIENT\RELEASE_HL2MP\ACHIEVEMENT_NOTIFICATION_PANEL.OBJ
C:\USERS\JAMES\DESKTOP\SOURCE CODE\CONTINGENCY-SRC\SRC\GAME\CLIENT\RELEASE_HL2MP\ACHIEVEMENT_SAVERESTORE.OBJ
C:\USERS\JAMES\DESKTOP\SOURCE CODE\CONTINGENCY-SRC\SRC\GAME\CLIENT\RELEASE_HL2MP\ACHIEVEMENTMGR.OBJ
C:\USERS\JAMES\DESKTOP\SOURCE CODE\CONTINGENCY-SRC\SRC\GAME\CLIENT\RELEASE_HL2MP\ACHIEVEMENTS_HLX.OBJ
C:\USERS\JAMES\DESKTOP\SOURCE CODE\CONTINGENCY-SRC\SRC\GAME\CLIENT\RELEASE_HL2MP\ACTIVITYLIST.OBJ
C:\USERS\JAMES\DESKTOP\SOURCE CODE\CONTINGENCY-SRC\SRC\GAME\CLIENT\RELEASE_HL2MP\ALPHAMATERIALPROXY.OBJ
C:\USERS\JAMES\DESKTOP\SOURCE CODE\CONTINGENCY-SRC\SRC\GAME\CLIENT\RELEASE_HL2MP\AMMODEF.OBJ
C:\USERS\JAMES\DESKTOP\SOURCE CODE\CONTINGENCY-SRC\SRC\GAME\CLIENT\RELEASE_HL2MP\ANIMATEDENTITYTEXTUREPROXY.OBJ
C:\USERS\JAMES\DESKTOP\SOURCE CODE\CONTINGENCY-SRC\SRC\GAME\CLIENT\RELEASE_HL2MP\ANIMATEDOFFSETTEXTUREPROXY.OBJ
C:\USERS\JAMES\DESKTOP\SOURCE CODE\CONTINGENCY-SRC\SRC\GAME\CLIENT\RELEASE_HL2MP\ANIMATEDTEXTUREPROXY.OBJ
C:\USERS\JAMES\DESKTOP\SOURCE CODE\CONTINGENCY-SRC\SRC\GAME\CLIENT\RELEASE_HL2MP\ANIMATESPECIFICTEXTUREPROXY.OBJ
C:\USERS\JAMES\DESKTOP\SOURCE CODE\CONTINGENCY-SRC\SRC\GAME\CLIENT\RELEASE_HL2MP\ANIMATION.OBJ
C:\USERS\JAMES\DESKTOP\SOURCE CODE\CONTINGENCY-SRC\SRC\GAME\CLIENT\RELEASE_HL2MP\BACKGROUNDPANEL.OBJ
C:\USERS\JAMES\DESKTOP\SOURCE CODE\CONTINGENCY-SRC\SRC\GAME\CLIENT\RELEASE_HL2MP\BASE_PLAYERANIMSTATE.OBJ
C:\USERS\JAMES\DESKTOP\SOURCE CODE\CONTINGENCY-SRC\SRC\GAME\CLIENT\RELEASE_HL2MP\BASEACHIEVEMENT.OBJ
C:\USERS\JAMES\DESKTOP\SOURCE CODE\CONTINGENCY-SRC\SRC\GAME\CLIENT\RELEASE_HL2MP\BASEANIMATEDTEXTUREPROXY.OBJ
C:\USERS\JAMES\DESKTOP\SOURCE CODE\CONTINGENCY-SRC\SRC\GAME\CLIENT\RELEASE_HL2MP\BASECLIENTRENDERTARGETS.OBJ
C:\USERS\JAMES\DESKTOP\SOURCE CODE\CONTINGENCY-SRC\SRC\GAME\CLIENT\RELEASE_HL2MP\BASECOMBATCHARACTER_SHARED.OBJ
C:\USERS\JAMES\DESKTOP\SOURCE CODE\CONTINGENCY-SRC\SRC\GAME\CLIENT\RELEASE_HL2MP\BASECOMBATWEAPON_SHARED.OBJ
C:\USERS\JAMES\DESKTOP\SOURCE CODE\CONTINGENCY-SRC\SRC\GAME\CLIENT\RELEASE_HL2MP\BASEENTITY_SHARED.OBJ
C:\USERS\JAMES\DESKTOP\SOURCE CODE\CONTINGENCY-SRC\SRC\GAME\CLIENT\RELEASE_HL2MP\BASEGRENADE_SHARED.OBJ
C:\USERS\JAMES\DESKTOP\SOURCE CODE\CONTINGENCY-SRC\SRC\GAME\CLIENT\RELEASE_HL2MP\BASEHLCOMBATWEAPON_SHARED.OBJ
C:\USERS\JAMES\DESKTOP\SOURCE CODE\CONTINGENCY-SRC\SRC\GAME\CLIENT\RELEASE_HL2MP\BASEMODEL_PANEL.OBJ
C:\USERS\JAMES\DESKTOP\SOURCE CODE\CONTINGENCY-SRC\SRC\GAME\CLIENT\RELEASE_HL2MP\BASEMODELPANEL.OBJ
C:\USERS\JAMES\DESKTOP\SOURCE CODE\CONTINGENCY-SRC\SRC\GAME\CLIENT\RELEASE_HL2MP\BASEPARTICLEENTITY.OBJ
C:\USERS\JAMES\DESKTOP\SOURCE CODE\CONTINGENCY-SRC\SRC\GAME\CLIENT\RELEASE_HL2MP\BASEPLAYER_SHARED.OBJ
C:\USERS\JAMES\DESKTOP\SOURCE CODE\CONTINGENCY-SRC\SRC\GAME\CLIENT\RELEASE_HL2MP\BASEPRESENCE.OBJ
C:\USERS\JAMES\DESKTOP\SOURCE CODE\CONTINGENCY-SRC\SRC\GAME\CLIENT\RELEASE_HL2MP\BASEVIEWMODEL_SHARED.OBJ
C:\USERS\JAMES\DESKTOP\SOURCE CODE\CONTINGENCY-SRC\SRC\GAME\CLIENT\RELEASE_HL2MP\BASEVIEWPORT.OBJ
C:\USERS\JAMES\DESKTOP\SOURCE CODE\CONTINGENCY-SRC\SRC\GAME\CLIENT\RELEASE_HL2MP\BEAM_SHARED.OBJ
C:\USERS\JAMES\DESKTOP\SOURCE CODE\CONTINGENCY-SRC\SRC\GAME\CLIENT\RELEASE_HL2MP\BEAMDRAW.OBJ
C:\USERS\JAMES\DESKTOP\SOURCE CODE\CONTINGENCY-SRC\SRC\GAME\CLIENT\RELEASE_HL2MP\BONE_ACCESSOR.OBJ
C:\USERS\JAMES\DESKTOP\SOURCE CODE\CONTINGENCY-SRC\SRC\GAME\CLIENT\RELEASE_HL2MP\BONE_MERGE_CACHE.OBJ
C:\USERS\JAMES\DESKTOP\SOURCE CODE\CONTINGENCY-SRC\SRC\GAME\CLIENT\RELEASE_HL2MP\BONE_SETUP.OBJ
C:\USERS\JAMES\DESKTOP\SOURCE CODE\CONTINGENCY-SRC\SRC\GAME\CLIENT\RELEASE_HL2MP\BONELIST.OBJ
C:\USERS\JAMES\DESKTOP\SOURCE CODE\CONTINGENCY-SRC\SRC\GAME\CLIENT\RELEASE_HL2MP\C_AI_BASEHUMANOID.OBJ
C:\USERS\JAMES\DESKTOP\SOURCE CODE\CONTINGENCY-SRC\SRC\GAME\CLIENT\RELEASE_HL2MP\C_AI_BASENPC.OBJ
C:\USERS\JAMES\DESKTOP\SOURCE CODE\CONTINGENCY-SRC\SRC\GAME\CLIENT\RELEASE_HL2MP\C_ANTLION_DUST.OBJ
C:\USERS\JAMES\DESKTOP\SOURCE CODE\CONTINGENCY-SRC\SRC\GAME\CLIENT\RELEASE_HL2MP\C_AR2_EXPLOSION.OBJ
C:\USERS\JAMES\DESKTOP\SOURCE CODE\CONTINGENCY-SRC\SRC\GAME\CLIENT\RELEASE_HL2MP\C_BARNACLE.OBJ
C:\USERS\JAMES\DESKTOP\SOURCE CODE\CONTINGENCY-SRC\SRC\GAME\CLIENT\RELEASE_HL2MP\C_BARNEY.OBJ
C:\USERS\JAMES\DESKTOP\SOURCE CODE\CONTINGENCY-SRC\SRC\GAME\CLIENT\RELEASE_HL2MP\C_BASEANIMATING.OBJ
C:\USERS\JAMES\DESKTOP\SOURCE CODE\CONTINGENCY-SRC\SRC\GAME\CLIENT\RELEASE_HL2MP\C_BASEANIMATINGOVERLAY.OBJ
C:\USERS\JAMES\DESKTOP\SOURCE CODE\CONTINGENCY-SRC\SRC\GAME\CLIENT\RELEASE_HL2MP\C_BASECOMBATCHARACTER.OBJ
C:\USERS\JAMES\DESKTOP\SOURCE CODE\CONTINGENCY-SRC\SRC\GAME\CLIENT\RELEASE_HL2MP\C_BASECOMBATWEAPON.OBJ
C:\USERS\JAMES\DESKTOP\SOURCE CODE\CONTINGENCY-SRC\SRC\GAME\CLIENT\RELEASE_HL2MP\C_BASEDOOR.OBJ
C:\USERS\JAMES\DESKTOP\SOURCE CODE\CONTINGENCY-SRC\SRC\GAME\CLIENT\RELEASE_HL2MP\C_BASEENTITY.OBJ
C:\USERS\JAMES\DESKTOP\SOURCE CODE\CONTINGENCY-SRC\SRC\GAME\CLIENT\RELEASE_HL2MP\C_BASEFLEX.OBJ
C:\USERS\JAMES\DESKTOP\SOURCE CODE\CONTINGENCY-SRC\SRC\GAME\CLIENT\RELEASE_HL2MP\C_BASEHELICOPTER.OBJ
C:\USERS\JAMES\DESKTOP\SOURCE CODE\CONTINGENCY-SRC\SRC\GAME\CLIENT\RELEASE_HL2MP\C_BASEHLCOMBATWEAPON.OBJ
C:\USERS\JAMES\DESKTOP\SOURCE CODE\CONTINGENCY-SRC\SRC\GAME\CLIENT\RELEASE_HL2MP\C_BASEHLPLAYER.OBJ
C:\USERS\JAMES\DESKTOP\SOURCE CODE\CONTINGENCY-SRC\SRC\GAME\CLIENT\RELEASE_HL2MP\C_BASEPLAYER.OBJ
C:\USERS\JAMES\DESKTOP\SOURCE CODE\CONTINGENCY-SRC\SRC\GAME\CLIENT\RELEASE_HL2MP\C_BASETEMPENTITY.OBJ
C:\USERS\JAMES\DESKTOP\SOURCE CODE\CONTINGENCY-SRC\SRC\GAME\CLIENT\RELEASE_HL2MP\C_BASEVIEWMODEL.OBJ
C:\USERS\JAMES\DESKTOP\SOURCE CODE\CONTINGENCY-SRC\SRC\GAME\CLIENT\RELEASE_HL2MP\C_BREAKABLEPROP.OBJ
C:\USERS\JAMES\DESKTOP\SOURCE CODE\CONTINGENCY-SRC\SRC\GAME\CLIENT\RELEASE_HL2MP\C_CITADEL_EFFECTS.OBJ
C:\USERS\JAMES\DESKTOP\SOURCE CODE\CONTINGENCY-SRC\SRC\GAME\CLIENT\RELEASE_HL2MP\C_COLORCORRECTION.OBJ
C:\USERS\JAMES\DESKTOP\SOURCE CODE\CONTINGENCY-SRC\SRC\GAME\CLIENT\RELEASE_HL2MP\C_COLORCORRECTIONVOLUME.OBJ
C:\USERS\JAMES\DESKTOP\SOURCE CODE\CONTINGENCY-SRC\SRC\GAME\CLIENT\RELEASE_HL2MP\C_CONTINGENCY_PLAYER.OBJ
C:\USERS\JAMES\DESKTOP\SOURCE CODE\CONTINGENCY-SRC\SRC\GAME\CLIENT\RELEASE_HL2MP\C_CORPSE.OBJ
C:\USERS\JAMES\DESKTOP\SOURCE CODE\CONTINGENCY-SRC\SRC\GAME\CLIENT\RELEASE_HL2MP\C_DYNAMICLIGHT.OBJ
C:\USERS\JAMES\DESKTOP\SOURCE CODE\CONTINGENCY-SRC\SRC\GAME\CLIENT\RELEASE_HL2MP\C_EFFECTS.OBJ
C:\USERS\JAMES\DESKTOP\SOURCE CODE\CONTINGENCY-SRC\SRC\GAME\CLIENT\RELEASE_HL2MP\C_ENTITYDISSOLVE.OBJ
C:\USERS\JAMES\DESKTOP\SOURCE CODE\CONTINGENCY-SRC\SRC\GAME\CLIENT\RELEASE_HL2MP\C_ENTITYPARTICLETRAIL.OBJ
C:\USERS\JAMES\DESKTOP\SOURCE CODE\CONTINGENCY-SRC\SRC\GAME\CLIENT\RELEASE_HL2MP\C_ENV_ALYXTEMP.OBJ
C:\USERS\JAMES\DESKTOP\SOURCE CODE\CONTINGENCY-SRC\SRC\GAME\CLIENT\RELEASE_HL2MP\C_ENV_FOG_CONTROLLER.OBJ
C:\USERS\JAMES\DESKTOP\SOURCE CODE\CONTINGENCY-SRC\SRC\GAME\CLIENT\RELEASE_HL2MP\C_ENV_HEADCRABCANISTER.OBJ
C:\USERS\JAMES\DESKTOP\SOURCE CODE\CONTINGENCY-SRC\SRC\GAME\CLIENT\RELEASE_HL2MP\C_ENV_PARTICLESCRIPT.OBJ
C:\USERS\JAMES\DESKTOP\SOURCE CODE\CONTINGENCY-SRC\SRC\GAME\CLIENT\RELEASE_HL2MP\C_ENV_PROJECTEDTEXTURE.OBJ
C:\USERS\JAMES\DESKTOP\SOURCE CODE\CONTINGENCY-SRC\SRC\GAME\CLIENT\RELEASE_HL2MP\C_ENV_SCREENOVERLAY.OBJ
C:\USERS\JAMES\DESKTOP\SOURCE CODE\CONTINGENCY-SRC\SRC\GAME\CLIENT\RELEASE_HL2MP\C_ENV_STARFIELD.OBJ
C:\USERS\JAMES\DESKTOP\SOURCE CODE\CONTINGENCY-SRC\SRC\GAME\CLIENT\RELEASE_HL2MP\C_ENV_TONEMAP_CONTROLLER.OBJ
C:\USERS\JAMES\DESKTOP\SOURCE CODE\CONTINGENCY-SRC\SRC\GAME\CLIENT\RELEASE_HL2MP\C_FIRE_SMOKE.OBJ
C:\USERS\JAMES\DESKTOP\SOURCE CODE\CONTINGENCY-SRC\SRC\GAME\CLIENT\RELEASE_HL2MP\C_FISH.OBJ
C:\USERS\JAMES\DESKTOP\SOURCE CODE\CONTINGENCY-SRC\SRC\GAME\CLIENT\RELEASE_HL2MP\C_FUNC_AREAPORTALWINDOW.OBJ
C:\USERS\JAMES\DESKTOP\SOURCE CODE\CONTINGENCY-SRC\SRC\GAME\CLIENT\RELEASE_HL2MP\C_FUNC_BREAKABLESURF.OBJ
C:\USERS\JAMES\DESKTOP\SOURCE CODE\CONTINGENCY-SRC\SRC\GAME\CLIENT\RELEASE_HL2MP\C_FUNC_CONVEYOR.OBJ
C:\USERS\JAMES\DESKTOP\SOURCE CODE\CONTINGENCY-SRC\SRC\GAME\CLIENT\RELEASE_HL2MP\C_FUNC_DUST.OBJ
C:\USERS\JAMES\DESKTOP\SOURCE CODE\CONTINGENCY-SRC\SRC\GAME\CLIENT\RELEASE_HL2MP\C_FUNC_LOD.OBJ
C:\USERS\JAMES\DESKTOP\SOURCE CODE\CONTINGENCY-SRC\SRC\GAME\CLIENT\RELEASE_HL2MP\C_FUNC_MONITOR.OBJ
C:\USERS\JAMES\DESKTOP\SOURCE CODE\CONTINGENCY-SRC\SRC\GAME\CLIENT\RELEASE_HL2MP\C_FUNC_OCCLUDER.OBJ
C:\USERS\JAMES\DESKTOP\SOURCE CODE\CONTINGENCY-SRC\SRC\GAME\CLIENT\RELEASE_HL2MP\C_FUNC_REFLECTIVE_GLASS.OBJ
C:\USERS\JAMES\DESKTOP\SOURCE CODE\CONTINGENCY-SRC\SRC\GAME\CLIENT\RELEASE_HL2MP\C_FUNC_ROTATING.OBJ
C:\USERS\JAMES\DESKTOP\SOURCE CODE\CONTINGENCY-SRC\SRC\GAME\CLIENT\RELEASE_HL2MP\C_FUNC_SMOKEVOLUME.OBJ
C:\USERS\JAMES\DESKTOP\SOURCE CODE\CONTINGENCY-SRC\SRC\GAME\CLIENT\RELEASE_HL2MP\C_FUNC_TANKMORTAR.OBJ
C:\USERS\JAMES\DESKTOP\SOURCE CODE\CONTINGENCY-SRC\SRC\GAME\CLIENT\RELEASE_HL2MP\C_FUNC_TRACKTRAIN.OBJ
C:\USERS\JAMES\DESKTOP\SOURCE CODE\CONTINGENCY-SRC\SRC\GAME\CLIENT\RELEASE_HL2MP\C_GIB.OBJ
C:\USERS\JAMES\DESKTOP\SOURCE CODE\CONTINGENCY-SRC\SRC\GAME\CLIENT\RELEASE_HL2MP\C_HAIRBALL.OBJ
C:\USERS\JAMES\DESKTOP\SOURCE CODE\CONTINGENCY-SRC\SRC\GAME\CLIENT\RELEASE_HL2MP\C_HL2_PLAYERLOCALDATA.OBJ
C:\USERS\JAMES\DESKTOP\SOURCE CODE\CONTINGENCY-SRC\SRC\GAME\CLIENT\RELEASE_HL2MP\C_HL2MP_PLAYER.OBJ
C:\USERS\JAMES\DESKTOP\SOURCE CODE\CONTINGENCY-SRC\SRC\GAME\CLIENT\RELEASE_HL2MP\C_IMPACT_EFFECTS.OBJ
C:\USERS\JAMES\DESKTOP\SOURCE CODE\CONTINGENCY-SRC\SRC\GAME\CLIENT\RELEASE_HL2MP\C_INFO_OVERLAY_ACCESSOR.OBJ
C:\USERS\JAMES\DESKTOP\SOURCE CODE\CONTINGENCY-SRC\SRC\GAME\CLIENT\RELEASE_HL2MP\C_INFO_TELEPORTER_COUNTDOWN.OBJ
C:\USERS\JAMES\DESKTOP\SOURCE CODE\CONTINGENCY-SRC\SRC\GAME\CLIENT\RELEASE_HL2MP\C_LIGHTGLOW.OBJ
C:\USERS\JAMES\DESKTOP\SOURCE CODE\CONTINGENCY-SRC\SRC\GAME\CLIENT\RELEASE_HL2MP\C_MATERIALMODIFYCONTROL.OBJ
C:\USERS\JAMES\DESKTOP\SOURCE CODE\CONTINGENCY-SRC\SRC\GAME\CLIENT\RELEASE_HL2MP\C_MOVIE_EXPLOSION.OBJ
C:\USERS\JAMES\DESKTOP\SOURCE CODE\CONTINGENCY-SRC\SRC\GAME\CLIENT\RELEASE_HL2MP\C_NPC_ANTLIONGUARD.OBJ
C:\USERS\JAMES\DESKTOP\SOURCE CODE\CONTINGENCY-SRC\SRC\GAME\CLIENT\RELEASE_HL2MP\C_NPC_COMBINEGUNSHIP.OBJ
C:\USERS\JAMES\DESKTOP\SOURCE CODE\CONTINGENCY-SRC\SRC\GAME\CLIENT\RELEASE_HL2MP\C_NPC_MANHACK.OBJ
C:\USERS\JAMES\DESKTOP\SOURCE CODE\CONTINGENCY-SRC\SRC\GAME\CLIENT\RELEASE_HL2MP\C_NPC_ROLLERMINE.OBJ
C:\USERS\JAMES\DESKTOP\SOURCE CODE\CONTINGENCY-SRC\SRC\GAME\CLIENT\RELEASE_HL2MP\C_PARTICLE_FIRE.OBJ
C:\USERS\JAMES\DESKTOP\SOURCE CODE\CONTINGENCY-SRC\SRC\GAME\CLIENT\RELEASE_HL2MP\C_PARTICLE_SMOKEGRENADE.OBJ
C:\USERS\JAMES\DESKTOP\SOURCE CODE\CONTINGENCY-SRC\SRC\GAME\CLIENT\RELEASE_HL2MP\C_PARTICLE_SYSTEM.OBJ
C:\USERS\JAMES\DESKTOP\SOURCE CODE\CONTINGENCY-SRC\SRC\GAME\CLIENT\RELEASE_HL2MP\C_PHYSBOX.OBJ
C:\USERS\JAMES\DESKTOP\SOURCE CODE\CONTINGENCY-SRC\SRC\GAME\CLIENT\RELEASE_HL2MP\C_PHYSICSPROP.OBJ
C:\USERS\JAMES\DESKTOP\SOURCE CODE\CONTINGENCY-SRC\SRC\GAME\CLIENT\RELEASE_HL2MP\C_PHYSMAGNET.OBJ
C:\USERS\JAMES\DESKTOP\SOURCE CODE\CONTINGENCY-SRC\SRC\GAME\CLIENT\RELEASE_HL2MP\C_PIXEL_VISIBILITY.OBJ
C:\USERS\JAMES\DESKTOP\SOURCE CODE\CONTINGENCY-SRC\SRC\GAME\CLIENT\RELEASE_HL2MP\C_PLASMA.OBJ
C:\USERS\JAMES\DESKTOP\SOURCE CODE\CONTINGENCY-SRC\SRC\GAME\CLIENT\RELEASE_HL2MP\C_PLASMA_BEAM_NODE.OBJ
C:\USERS\JAMES\DESKTOP\SOURCE CODE\CONTINGENCY-SRC\SRC\GAME\CLIENT\RELEASE_HL2MP\C_PLAYERRESOURCE.OBJ
C:\USERS\JAMES\DESKTOP\SOURCE CODE\CONTINGENCY-SRC\SRC\GAME\CLIENT\RELEASE_HL2MP\C_POINT_CAMERA.OBJ
C:\USERS\JAMES\DESKTOP\SOURCE CODE\CONTINGENCY-SRC\SRC\GAME\CLIENT\RELEASE_HL2MP\C_POINT_COMMENTARY_NODE.OBJ
C:\USERS\JAMES\DESKTOP\SOURCE CODE\CONTINGENCY-SRC\SRC\GAME\CLIENT\RELEASE_HL2MP\C_PROP_COMBINE_BALL.OBJ
C:\USERS\JAMES\DESKTOP\SOURCE CODE\CONTINGENCY-SRC\SRC\GAME\CLIENT\RELEASE_HL2MP\C_PROP_VEHICLE.OBJ
C:\USERS\JAMES\DESKTOP\SOURCE CODE\CONTINGENCY-SRC\SRC\GAME\CLIENT\RELEASE_HL2MP\C_PROPS.OBJ
C:\USERS\JAMES\DESKTOP\SOURCE CODE\CONTINGENCY-SRC\SRC\GAME\CLIENT\RELEASE_HL2MP\C_RAGDOLL_MANAGER.OBJ
C:\USERS\JAMES\DESKTOP\SOURCE CODE\CONTINGENCY-SRC\SRC\GAME\CLIENT\RELEASE_HL2MP\C_RECIPIENTFILTER.OBJ
C:\USERS\JAMES\DESKTOP\SOURCE CODE\CONTINGENCY-SRC\SRC\GAME\CLIENT\RELEASE_HL2MP\C_ROPE.OBJ
C:\USERS\JAMES\DESKTOP\SOURCE CODE\CONTINGENCY-SRC\SRC\GAME\CLIENT\RELEASE_HL2MP\C_ROTORWASH.OBJ
C:\USERS\JAMES\DESKTOP\SOURCE CODE\CONTINGENCY-SRC\SRC\GAME\CLIENT\RELEASE_HL2MP\C_RUMBLE.OBJ
C:\USERS\JAMES\DESKTOP\SOURCE CODE\CONTINGENCY-SRC\SRC\GAME\CLIENT\RELEASE_HL2MP\C_SCENEENTITY.OBJ
C:\USERS\JAMES\DESKTOP\SOURCE CODE\CONTINGENCY-SRC\SRC\GAME\CLIENT\RELEASE_HL2MP\C_SCRIPT_INTRO.OBJ
C:\USERS\JAMES\DESKTOP\SOURCE CODE\CONTINGENCY-SRC\SRC\GAME\CLIENT\RELEASE_HL2MP\C_SHADOWCONTROL.OBJ
C:\USERS\JAMES\DESKTOP\SOURCE CODE\CONTINGENCY-SRC\SRC\GAME\CLIENT\RELEASE_HL2MP\C_SLIDESHOW_DISPLAY.OBJ
C:\USERS\JAMES\DESKTOP\SOURCE CODE\CONTINGENCY-SRC\SRC\GAME\CLIENT\RELEASE_HL2MP\C_SMOKE_TRAIL.OBJ
C:\USERS\JAMES\DESKTOP\SOURCE CODE\CONTINGENCY-SRC\SRC\GAME\CLIENT\RELEASE_HL2MP\C_SMOKESTACK.OBJ
C:\USERS\JAMES\DESKTOP\SOURCE CODE\CONTINGENCY-SRC\SRC\GAME\CLIENT\RELEASE_HL2MP\C_SOUNDSCAPE.OBJ
C:\USERS\JAMES\DESKTOP\SOURCE CODE\CONTINGENCY-SRC\SRC\GAME\CLIENT\RELEASE_HL2MP\C_SPOTLIGHT_END.OBJ
C:\USERS\JAMES\DESKTOP\SOURCE CODE\CONTINGENCY-SRC\SRC\GAME\CLIENT\RELEASE_HL2MP\C_SPRITE.OBJ
C:\USERS\JAMES\DESKTOP\SOURCE CODE\CONTINGENCY-SRC\SRC\GAME\CLIENT\RELEASE_HL2MP\C_SPRITE_PERFMONITOR.OBJ
C:\USERS\JAMES\DESKTOP\SOURCE CODE\CONTINGENCY-SRC\SRC\GAME\CLIENT\RELEASE_HL2MP\C_STEAMJET.OBJ
C:\USERS\JAMES\DESKTOP\SOURCE CODE\CONTINGENCY-SRC\SRC\GAME\CLIENT\RELEASE_HL2MP\C_STICKYBOLT.OBJ
C:\USERS\JAMES\DESKTOP\SOURCE CODE\CONTINGENCY-SRC\SRC\GAME\CLIENT\RELEASE_HL2MP\C_STRIDER.OBJ
C:\USERS\JAMES\DESKTOP\SOURCE CODE\CONTINGENCY-SRC\SRC\GAME\CLIENT\RELEASE_HL2MP\C_SUN.OBJ
C:\USERS\JAMES\DESKTOP\SOURCE CODE\CONTINGENCY-SRC\SRC\GAME\CLIENT\RELEASE_HL2MP\C_TE.OBJ
C:\USERS\JAMES\DESKTOP\SOURCE CODE\CONTINGENCY-SRC\SRC\GAME\CLIENT\RELEASE_HL2MP\C_TE_ARMORRICOCHET.OBJ
C:\USERS\JAMES\DESKTOP\SOURCE CODE\CONTINGENCY-SRC\SRC\GAME\CLIENT\RELEASE_HL2MP\C_TE_BASEBEAM.OBJ
C:\USERS\JAMES\DESKTOP\SOURCE CODE\CONTINGENCY-SRC\SRC\GAME\CLIENT\RELEASE_HL2MP\C_TE_BEAMENTPOINT.OBJ
C:\USERS\JAMES\DESKTOP\SOURCE CODE\CONTINGENCY-SRC\SRC\GAME\CLIENT\RELEASE_HL2MP\C_TE_BEAMENTS.OBJ
C:\USERS\JAMES\DESKTOP\SOURCE CODE\CONTINGENCY-SRC\SRC\GAME\CLIENT\RELEASE_HL2MP\C_TE_BEAMFOLLOW.OBJ
C:\USERS\JAMES\DESKTOP\SOURCE CODE\CONTINGENCY-SRC\SRC\GAME\CLIENT\RELEASE_HL2MP\C_TE_BEAMLASER.OBJ
C:\USERS\JAMES\DESKTOP\SOURCE CODE\CONTINGENCY-SRC\SRC\GAME\CLIENT\RELEASE_HL2MP\C_TE_BEAMPOINTS.OBJ
C:\USERS\JAMES\DESKTOP\SOURCE CODE\CONTINGENCY-SRC\SRC\GAME\CLIENT\RELEASE_HL2MP\C_TE_BEAMRING.OBJ
C:\USERS\JAMES\DESKTOP\SOURCE CODE\CONTINGENCY-SRC\SRC\GAME\CLIENT\RELEASE_HL2MP\C_TE_BEAMRINGPOINT.OBJ
C:\USERS\JAMES\DESKTOP\SOURCE CODE\CONTINGENCY-SRC\SRC\GAME\CLIENT\RELEASE_HL2MP\C_TE_BEAMSPLINE.OBJ
C:\USERS\JAMES\DESKTOP\SOURCE CODE\CONTINGENCY-SRC\SRC\GAME\CLIENT\RELEASE_HL2MP\C_TE_BLOODSPRITE.OBJ
C:\USERS\JAMES\DESKTOP\SOURCE CODE\CONTINGENCY-SRC\SRC\GAME\CLIENT\RELEASE_HL2MP\C_TE_BLOODSTREAM.OBJ
C:\USERS\JAMES\DESKTOP\SOURCE CODE\CONTINGENCY-SRC\SRC\GAME\CLIENT\RELEASE_HL2MP\C_TE_BREAKMODEL.OBJ
C:\USERS\JAMES\DESKTOP\SOURCE CODE\CONTINGENCY-SRC\SRC\GAME\CLIENT\RELEASE_HL2MP\C_TE_BSPDECAL.OBJ
C:\USERS\JAMES\DESKTOP\SOURCE CODE\CONTINGENCY-SRC\SRC\GAME\CLIENT\RELEASE_HL2MP\C_TE_BUBBLES.OBJ
C:\USERS\JAMES\DESKTOP\SOURCE CODE\CONTINGENCY-SRC\SRC\GAME\CLIENT\RELEASE_HL2MP\C_TE_BUBBLETRAIL.OBJ
C:\USERS\JAMES\DESKTOP\SOURCE CODE\CONTINGENCY-SRC\SRC\GAME\CLIENT\RELEASE_HL2MP\C_TE_CLIENTPROJECTILE.OBJ
C:\USERS\JAMES\DESKTOP\SOURCE CODE\CONTINGENCY-SRC\SRC\GAME\CLIENT\RELEASE_HL2MP\C_TE_CONCUSSIVEEXPLOSION.OBJ
C:\USERS\JAMES\DESKTOP\SOURCE CODE\CONTINGENCY-SRC\SRC\GAME\CLIENT\RELEASE_HL2MP\C_TE_DECAL.OBJ
C:\USERS\JAMES\DESKTOP\SOURCE CODE\CONTINGENCY-SRC\SRC\GAME\CLIENT\RELEASE_HL2MP\C_TE_DYNAMICLIGHT.OBJ
C:\USERS\JAMES\DESKTOP\SOURCE CODE\CONTINGENCY-SRC\SRC\GAME\CLIENT\RELEASE_HL2MP\C_TE_EFFECT_DISPATCH.OBJ
C:\USERS\JAMES\DESKTOP\SOURCE CODE\CONTINGENCY-SRC\SRC\GAME\CLIENT\RELEASE_HL2MP\C_TE_ENERGYSPLASH.OBJ
C:\USERS\JAMES\DESKTOP\SOURCE CODE\CONTINGENCY-SRC\SRC\GAME\CLIENT\RELEASE_HL2MP\C_TE_EXPLOSION.OBJ
C:\USERS\JAMES\DESKTOP\SOURCE CODE\CONTINGENCY-SRC\SRC\GAME\CLIENT\RELEASE_HL2MP\C_TE_FIZZ.OBJ
C:\USERS\JAMES\DESKTOP\SOURCE CODE\CONTINGENCY-SRC\SRC\GAME\CLIENT\RELEASE_HL2MP\C_TE_FLARE.OBJ
C:\USERS\JAMES\DESKTOP\SOURCE CODE\CONTINGENCY-SRC\SRC\GAME\CLIENT\RELEASE_HL2MP\C_TE_FOOTPRINT.OBJ
C:\USERS\JAMES\DESKTOP\SOURCE CODE\CONTINGENCY-SRC\SRC\GAME\CLIENT\RELEASE_HL2MP\C_TE_GLASSSHATTER.OBJ
C:\USERS\JAMES\DESKTOP\SOURCE CODE\CONTINGENCY-SRC\SRC\GAME\CLIENT\RELEASE_HL2MP\C_TE_GLOWSPRITE.OBJ
C:\USERS\JAMES\DESKTOP\SOURCE CODE\CONTINGENCY-SRC\SRC\GAME\CLIENT\RELEASE_HL2MP\C_TE_HL2MP_SHOTGUN_SHOT.OBJ
C:\USERS\JAMES\DESKTOP\SOURCE CODE\CONTINGENCY-SRC\SRC\GAME\CLIENT\RELEASE_HL2MP\C_TE_IMPACT.OBJ
C:\USERS\JAMES\DESKTOP\SOURCE CODE\CONTINGENCY-SRC\SRC\GAME\CLIENT\RELEASE_HL2MP\C_TE_KILLPLAYERATTACHMENTS.OBJ
C:\USERS\JAMES\DESKTOP\SOURCE CODE\CONTINGENCY-SRC\SRC\GAME\CLIENT\RELEASE_HL2MP\C_TE_LARGEFUNNEL.OBJ
C:\USERS\JAMES\DESKTOP\SOURCE CODE\CONTINGENCY-SRC\SRC\GAME\CLIENT\RELEASE_HL2MP\C_TE_LEGACYTEMPENTS.OBJ
C:\USERS\JAMES\DESKTOP\SOURCE CODE\CONTINGENCY-SRC\SRC\GAME\CLIENT\RELEASE_HL2MP\C_TE_MUZZLEFLASH.OBJ
C:\USERS\JAMES\DESKTOP\SOURCE CODE\CONTINGENCY-SRC\SRC\GAME\CLIENT\RELEASE_HL2MP\C_TE_PARTICLESYSTEM.OBJ
C:\USERS\JAMES\DESKTOP\SOURCE CODE\CONTINGENCY-SRC\SRC\GAME\CLIENT\RELEASE_HL2MP\C_TE_PHYSICSPROP.OBJ
C:\USERS\JAMES\DESKTOP\SOURCE CODE\CONTINGENCY-SRC\SRC\GAME\CLIENT\RELEASE_HL2MP\C_TE_PLAYERDECAL.OBJ
C:\USERS\JAMES\DESKTOP\SOURCE CODE\CONTINGENCY-SRC\SRC\GAME\CLIENT\RELEASE_HL2MP\C_TE_PROJECTEDDECAL.OBJ
C:\USERS\JAMES\DESKTOP\SOURCE CODE\CONTINGENCY-SRC\SRC\GAME\CLIENT\RELEASE_HL2MP\C_TE_SHOWLINE.OBJ
C:\USERS\JAMES\DESKTOP\SOURCE CODE\CONTINGENCY-SRC\SRC\GAME\CLIENT\RELEASE_HL2MP\C_TE_SMOKE.OBJ
C:\USERS\JAMES\DESKTOP\SOURCE CODE\CONTINGENCY-SRC\SRC\GAME\CLIENT\RELEASE_HL2MP\C_TE_SPARKS.OBJ
C:\USERS\JAMES\DESKTOP\SOURCE CODE\CONTINGENCY-SRC\SRC\GAME\CLIENT\RELEASE_HL2MP\C_TE_SPRITE.OBJ
C:\USERS\JAMES\DESKTOP\SOURCE CODE\CONTINGENCY-SRC\SRC\GAME\CLIENT\RELEASE_HL2MP\C_TE_SPRITESPRAY.OBJ
C:\USERS\JAMES\DESKTOP\SOURCE CODE\CONTINGENCY-SRC\SRC\GAME\CLIENT\RELEASE_HL2MP\C_TE_WORLDDECAL.OBJ
C:\USERS\JAMES\DESKTOP\SOURCE CODE\CONTINGENCY-SRC\SRC\GAME\CLIENT\RELEASE_HL2MP\C_TEAM.OBJ
C:\USERS\JAMES\DESKTOP\SOURCE CODE\CONTINGENCY-SRC\SRC\GAME\CLIENT\RELEASE_HL2MP\C_TESLA.OBJ
C:\USERS\JAMES\DESKTOP\SOURCE CODE\CONTINGENCY-SRC\SRC\GAME\CLIENT\RELEASE_HL2MP\C_TEST_PROXYTOGGLE.OBJ
C:\USERS\JAMES\DESKTOP\SOURCE CODE\CONTINGENCY-SRC\SRC\GAME\CLIENT\RELEASE_HL2MP\C_TESTTRACELINE.OBJ
C:\USERS\JAMES\DESKTOP\SOURCE CODE\CONTINGENCY-SRC\SRC\GAME\CLIENT\RELEASE_HL2MP\C_THUMPER_DUST.OBJ
C:\USERS\JAMES\DESKTOP\SOURCE CODE\CONTINGENCY-SRC\SRC\GAME\CLIENT\RELEASE_HL2MP\C_TRACER.OBJ
C:\USERS\JAMES\DESKTOP\SOURCE CODE\CONTINGENCY-SRC\SRC\GAME\CLIENT\RELEASE_HL2MP\C_USER_MESSAGE_REGISTER.OBJ
C:\USERS\JAMES\DESKTOP\SOURCE CODE\CONTINGENCY-SRC\SRC\GAME\CLIENT\RELEASE_HL2MP\C_VEHICLE_AIRBOAT.OBJ
C:\USERS\JAMES\DESKTOP\SOURCE CODE\CONTINGENCY-SRC\SRC\GAME\CLIENT\RELEASE_HL2MP\C_VEHICLE_CANNON.OBJ
C:\USERS\JAMES\DESKTOP\SOURCE CODE\CONTINGENCY-SRC\SRC\GAME\CLIENT\RELEASE_HL2MP\C_VEHICLE_CHOREO_GENERIC.OBJ
C:\USERS\JAMES\DESKTOP\SOURCE CODE\CONTINGENCY-SRC\SRC\GAME\CLIENT\RELEASE_HL2MP\C_VEHICLE_CRANE.OBJ
C:\USERS\JAMES\DESKTOP\SOURCE CODE\CONTINGENCY-SRC\SRC\GAME\CLIENT\RELEASE_HL2MP\C_VEHICLE_JEEP.OBJ
C:\USERS\JAMES\DESKTOP\SOURCE CODE\CONTINGENCY-SRC\SRC\GAME\CLIENT\RELEASE_HL2MP\C_VEHICLE_PRISONER_POD.OBJ
C:\USERS\JAMES\DESKTOP\SOURCE CODE\CONTINGENCY-SRC\SRC\GAME\CLIENT\RELEASE_HL2MP\C_VGUISCREEN.OBJ
C:\USERS\JAMES\DESKTOP\SOURCE CODE\CONTINGENCY-SRC\SRC\GAME\CLIENT\RELEASE_HL2MP\C_VORT_CHARGE_TOKEN.OBJ
C:\USERS\JAMES\DESKTOP\SOURCE CODE\CONTINGENCY-SRC\SRC\GAME\CLIENT\RELEASE_HL2MP\C_WATERBULLET.OBJ
C:\USERS\JAMES\DESKTOP\SOURCE CODE\CONTINGENCY-SRC\SRC\GAME\CLIENT\RELEASE_HL2MP\C_WATERLODCONTROL.OBJ
C:\USERS\JAMES\DESKTOP\SOURCE CODE\CONTINGENCY-SRC\SRC\GAME\CLIENT\RELEASE_HL2MP\C_WEAPON__STUBS_HL2.OBJ
C:\USERS\JAMES\DESKTOP\SOURCE CODE\CONTINGENCY-SRC\SRC\GAME\CLIENT\RELEASE_HL2MP\C_WEAPON_CROSSBOW.OBJ
C:\USERS\JAMES\DESKTOP\SOURCE CODE\CONTINGENCY-SRC\SRC\GAME\CLIENT\RELEASE_HL2MP\C_WORLD.OBJ
C:\USERS\JAMES\DESKTOP\SOURCE CODE\CONTINGENCY-SRC\SRC\GAME\CLIENT\RELEASE_HL2MP\CAMOMATERIALPROXY.OBJ
C:\USERS\JAMES\DESKTOP\SOURCE CODE\CONTINGENCY-SRC\SRC\GAME\CLIENT\RELEASE_HL2MP\CDLL_BOUNDED_CVARS.OBJ
C:\USERS\JAMES\DESKTOP\SOURCE CODE\CONTINGENCY-SRC\SRC\GAME\CLIENT\RELEASE_HL2MP\CDLL_CLIENT_INT.OBJ
C:\USERS\JAMES\DESKTOP\SOURCE CODE\CONTINGENCY-SRC\SRC\GAME\CLIENT\RELEASE_HL2MP\CDLL_UTIL.OBJ
C:\Users\James\Desktop\Source Code\contingency-src\src\game\client\Release_hl2mp\CL.1432.read.1.tlog
C:\Users\James\Desktop\Source Code\contingency-src\src\game\client\Release_hl2mp\CL.1432.write.1.tlog
C:\Users\James\Desktop\Source Code\contingency-src\src\game\client\Release_hl2mp\CL.1488.read.1.tlog
C:\Users\James\Desktop\Source Code\contingency-src\src\game\client\Release_hl2mp\CL.1488.write.1.tlog
C:\Users\James\Desktop\Source Code\contingency-src\src\game\client\Release_hl2mp\CL.2032.read.1.tlog
C:\Users\James\Desktop\Source Code\contingency-src\src\game\client\Release_hl2mp\CL.2032.write.1.tlog
C:\Users\James\Desktop\Source Code\contingency-src\src\game\client\Release_hl2mp\CL.2200.read.1.tlog
C:\Users\James\Desktop\Source Code\contingency-src\src\game\client\Release_hl2mp\CL.2200.write.1.tlog
C:\Users\James\Desktop\Source Code\contingency-src\src\game\client\Release_hl2mp\CL.2804.read.1.tlog
C:\Users\James\Desktop\Source Code\contingency-src\src\game\client\Release_hl2mp\CL.2804.write.1.tlog
C:\Users\James\Desktop\Source Code\contingency-src\src\game\client\Release_hl2mp\CL.3168.read.1.tlog
C:\Users\James\Desktop\Source Code\contingency-src\src\game\client\Release_hl2mp\CL.3168.write.1.tlog
C:\Users\James\Desktop\Source Code\contingency-src\src\game\client\Release_hl2mp\CL.3284.read.1.tlog
C:\Users\James\Desktop\Source Code\contingency-src\src\game\client\Release_hl2mp\CL.3284.write.1.tlog
C:\Users\James\Desktop\Source Code\contingency-src\src\game\client\Release_hl2mp\CL.3328.read.1.tlog
C:\Users\James\Desktop\Source Code\contingency-src\src\game\client\Release_hl2mp\CL.3328.write.1.tlog
C:\Users\James\Desktop\Source Code\contingency-src\src\game\client\Release_hl2mp\CL.3520.read.1.tlog
C:\Users\James\Desktop\Source Code\contingency-src\src\game\client\Release_hl2mp\CL.3520.write.1.tlog
C:\Users\James\Desktop\Source Code\contingency-src\src\game\client\Release_hl2mp\CL.3892.read.1.tlog
C:\Users\James\Desktop\Source Code\contingency-src\src\game\client\Release_hl2mp\CL.3892.write.1.tlog
C:\Users\James\Desktop\Source Code\contingency-src\src\game\client\Release_hl2mp\CL.5168.read.1.tlog
C:\Users\James\Desktop\Source Code\contingency-src\src\game\client\Release_hl2mp\CL.5168.write.1.tlog
C:\Users\James\Desktop\Source Code\contingency-src\src\game\client\Release_hl2mp\CL.6120.read.1.tlog
C:\Users\James\Desktop\Source Code\contingency-src\src\game\client\Release_hl2mp\CL.6120.write.1.tlog
C:\Users\James\Desktop\Source Code\contingency-src\src\game\client\Release_hl2mp\CL.6360.read.1.tlog
C:\Users\James\Desktop\Source Code\contingency-src\src\game\client\Release_hl2mp\CL.6360.write.1.tlog
C:\Users\James\Desktop\Source Code\contingency-src\src\game\client\Release_hl2mp\CL.6384.read.1.tlog
C:\Users\James\Desktop\Source Code\contingency-src\src\game\client\Release_hl2mp\CL.6384.write.1.tlog
C:\Users\James\Desktop\Source Code\contingency-src\src\game\client\Release_hl2mp\CL.6604.read.1.tlog
C:\Users\James\Desktop\Source Code\contingency-src\src\game\client\Release_hl2mp\CL.6604.write.1.tlog
C:\Users\James\Desktop\Source Code\contingency-src\src\game\client\Release_hl2mp\CL.6624.read.1.tlog
C:\Users\James\Desktop\Source Code\contingency-src\src\game\client\Release_hl2mp\CL.6624.write.1.tlog
C:\Users\James\Desktop\Source Code\contingency-src\src\game\client\Release_hl2mp\CL.7024.read.1.tlog
C:\Users\James\Desktop\Source Code\contingency-src\src\game\client\Release_hl2mp\CL.7024.write.1.tlog
C:\Users\James\Desktop\Source Code\contingency-src\src\game\client\Release_hl2mp\CL.7124.read.1.tlog
C:\Users\James\Desktop\Source Code\contingency-src\src\game\client\Release_hl2mp\CL.7124.write.1.tlog
C:\Users\James\Desktop\Source Code\contingency-src\src\game\client\Release_hl2mp\CL.7808.read.1.tlog
C:\Users\James\Desktop\Source Code\contingency-src\src\game\client\Release_hl2mp\CL.7808.write.1.tlog
C:\Users\James\Desktop\Source Code\contingency-src\src\game\client\Release_hl2mp\CL.8132.read.1.tlog
C:\Users\James\Desktop\Source Code\contingency-src\src\game\client\Release_hl2mp\CL.8132.write.1.tlog
C:\Users\James\Desktop\Source Code\contingency-src\src\game\client\Release_hl2mp\cl.command.1.tlog
C:\Users\James\Desktop\Source Code\contingency-src\src\game\client\Release_hl2mp\CL.read.1.tlog
C:\Users\James\Desktop\Source Code\contingency-src\src\game\client\Release_hl2mp\CL.write.1.tlog
C:\USERS\JAMES\DESKTOP\SOURCE CODE\CONTINGENCY-SRC\SRC\GAME\CLIENT\RELEASE_HL2MP\CL_MAT_STUB.OBJ
C:\USERS\JAMES\DESKTOP\SOURCE CODE\CONTINGENCY-SRC\SRC\GAME\CLIENT\RELEASE_HL2MP\CLASSMAP.OBJ
C:\USERS\JAMES\DESKTOP\SOURCE CODE\CONTINGENCY-SRC\SRC\GAME\CLIENT\RELEASE_HL2MP\CLASSMENU.OBJ
C:\USERS\JAMES\DESKTOP\SOURCE CODE\CONTINGENCY-SRC\SRC\GAME\CLIENT\RELEASE_HL2MP\CLIENT.DLL
C:\Users\James\Desktop\Source Code\contingency-src\src\game\client\Release_hl2mp\Client.exp
C:\Users\James\Desktop\Source Code\contingency-src\src\game\client\Release_hl2mp\Client.lib
C:\USERS\JAMES\DESKTOP\SOURCE CODE\CONTINGENCY-SRC\SRC\GAME\CLIENT\RELEASE_HL2MP\CLIENT.MAP
C:\USERS\JAMES\DESKTOP\SOURCE CODE\CONTINGENCY-SRC\SRC\GAME\CLIENT\RELEASE_HL2MP\CLIENT.PCH
C:\USERS\JAMES\DESKTOP\SOURCE CODE\CONTINGENCY-SRC\SRC\GAME\CLIENT\RELEASE_HL2MP\CLIENT.PDB
C:\Users\James\Desktop\Source Code\contingency-src\src\game\client\Release_hl2mp\Client.write.1.tlog
C:\USERS\JAMES\DESKTOP\SOURCE CODE\CONTINGENCY-SRC\SRC\GAME\CLIENT\RELEASE_HL2MP\CLIENT_CLASS.OBJ
C:\USERS\JAMES\DESKTOP\SOURCE CODE\CONTINGENCY-SRC\SRC\GAME\CLIENT\RELEASE_HL2MP\CLIENT_FACTORYLIST.OBJ
C:\USERS\JAMES\DESKTOP\SOURCE CODE\CONTINGENCY-SRC\SRC\GAME\CLIENT\RELEASE_HL2MP\CLIENT_THINKLIST.OBJ
C:\USERS\JAMES\DESKTOP\SOURCE CODE\CONTINGENCY-SRC\SRC\GAME\CLIENT\RELEASE_HL2MP\CLIENTEFFECTPRECACHESYSTEM.OBJ
C:\USERS\JAMES\DESKTOP\SOURCE CODE\CONTINGENCY-SRC\SRC\GAME\CLIENT\RELEASE_HL2MP\CLIENTENTITYLIST.OBJ
C:\USERS\JAMES\DESKTOP\SOURCE CODE\CONTINGENCY-SRC\SRC\GAME\CLIENT\RELEASE_HL2MP\CLIENTLEAFSYSTEM.OBJ
C:\USERS\JAMES\DESKTOP\SOURCE CODE\CONTINGENCY-SRC\SRC\GAME\CLIENT\RELEASE_HL2MP\CLIENTMODE_HL2MPNORMAL.OBJ
C:\USERS\JAMES\DESKTOP\SOURCE CODE\CONTINGENCY-SRC\SRC\GAME\CLIENT\RELEASE_HL2MP\CLIENTMODE_SHARED.OBJ
C:\USERS\JAMES\DESKTOP\SOURCE CODE\CONTINGENCY-SRC\SRC\GAME\CLIENT\RELEASE_HL2MP\CLIENTSCOREBOARDDIALOG.OBJ
C:\USERS\JAMES\DESKTOP\SOURCE CODE\CONTINGENCY-SRC\SRC\GAME\CLIENT\RELEASE_HL2MP\CLIENTSHADOWMGR.OBJ
C:\USERS\JAMES\DESKTOP\SOURCE CODE\CONTINGENCY-SRC\SRC\GAME\CLIENT\RELEASE_HL2MP\CLIENTSIDEEFFECTS.OBJ
C:\USERS\JAMES\DESKTOP\SOURCE CODE\CONTINGENCY-SRC\SRC\GAME\CLIENT\RELEASE_HL2MP\CLIENTSIDEEFFECTS_TEST.OBJ
C:\USERS\JAMES\DESKTOP\SOURCE CODE\CONTINGENCY-SRC\SRC\GAME\CLIENT\RELEASE_HL2MP\COLLISIONPROPERTY.OBJ
C:\USERS\JAMES\DESKTOP\SOURCE CODE\CONTINGENCY-SRC\SRC\GAME\CLIENT\RELEASE_HL2MP\COLLISIONUTILS.OBJ
C:\USERS\JAMES\DESKTOP\SOURCE CODE\CONTINGENCY-SRC\SRC\GAME\CLIENT\RELEASE_HL2MP\COLORCORRECTIONMGR.OBJ
C:\USERS\JAMES\DESKTOP\SOURCE CODE\CONTINGENCY-SRC\SRC\GAME\CLIENT\RELEASE_HL2MP\COMMANDMENU.OBJ
C:\USERS\JAMES\DESKTOP\SOURCE CODE\CONTINGENCY-SRC\SRC\GAME\CLIENT\RELEASE_HL2MP\COMMENTARY_MODELVIEWER.OBJ
C:\USERS\JAMES\DESKTOP\SOURCE CODE\CONTINGENCY-SRC\SRC\GAME\CLIENT\RELEASE_HL2MP\COMPILEDCAPTIONSWAP.OBJ
C:\USERS\JAMES\DESKTOP\SOURCE CODE\CONTINGENCY-SRC\SRC\GAME\CLIENT\RELEASE_HL2MP\CONTINGENCY_GAMERULES.OBJ
C:\USERS\JAMES\DESKTOP\SOURCE CODE\CONTINGENCY-SRC\SRC\GAME\CLIENT\RELEASE_HL2MP\CONTINGENCY_LOADINGTIPS.OBJ
C:\USERS\JAMES\DESKTOP\SOURCE CODE\CONTINGENCY-SRC\SRC\GAME\CLIENT\RELEASE_HL2MP\CONTINGENCY_PLAYER_SHARED.OBJ
C:\USERS\JAMES\DESKTOP\SOURCE CODE\CONTINGENCY-SRC\SRC\GAME\CLIENT\RELEASE_HL2MP\CRTMEMDEBUG.OBJ
C:\USERS\JAMES\DESKTOP\SOURCE CODE\CONTINGENCY-SRC\SRC\GAME\CLIENT\RELEASE_HL2MP\DEATH_POSE.OBJ
C:\USERS\JAMES\DESKTOP\SOURCE CODE\CONTINGENCY-SRC\SRC\GAME\CLIENT\RELEASE_HL2MP\DEBUGOVERLAY_SHARED.OBJ
C:\USERS\JAMES\DESKTOP\SOURCE CODE\CONTINGENCY-SRC\SRC\GAME\CLIENT\RELEASE_HL2MP\DECALS.OBJ
C:\USERS\JAMES\DESKTOP\SOURCE CODE\CONTINGENCY-SRC\SRC\GAME\CLIENT\RELEASE_HL2MP\DETAILOBJECTSYSTEM.OBJ
C:\USERS\JAMES\DESKTOP\SOURCE CODE\CONTINGENCY-SRC\SRC\GAME\CLIENT\RELEASE_HL2MP\DT_RECV.OBJ
C:\USERS\JAMES\DESKTOP\SOURCE CODE\CONTINGENCY-SRC\SRC\GAME\CLIENT\RELEASE_HL2MP\DT_UTLVECTOR_COMMON.OBJ
C:\USERS\JAMES\DESKTOP\SOURCE CODE\CONTINGENCY-SRC\SRC\GAME\CLIENT\RELEASE_HL2MP\DT_UTLVECTOR_RECV.OBJ
C:\USERS\JAMES\DESKTOP\SOURCE CODE\CONTINGENCY-SRC\SRC\GAME\CLIENT\RELEASE_HL2MP\DUMMYPROXY.OBJ
C:\USERS\JAMES\DESKTOP\SOURCE CODE\CONTINGENCY-SRC\SRC\GAME\CLIENT\RELEASE_HL2MP\EFFECT_DISPATCH_DATA.OBJ
C:\USERS\JAMES\DESKTOP\SOURCE CODE\CONTINGENCY-SRC\SRC\GAME\CLIENT\RELEASE_HL2MP\EFFECTSCLIENT.OBJ
C:\USERS\JAMES\DESKTOP\SOURCE CODE\CONTINGENCY-SRC\SRC\GAME\CLIENT\RELEASE_HL2MP\EHANDLE.OBJ
C:\USERS\JAMES\DESKTOP\SOURCE CODE\CONTINGENCY-SRC\SRC\GAME\CLIENT\RELEASE_HL2MP\ENTITY_CLIENT_TOOLS.OBJ
C:\USERS\JAMES\DESKTOP\SOURCE CODE\CONTINGENCY-SRC\SRC\GAME\CLIENT\RELEASE_HL2MP\ENTITYLIST_BASE.OBJ
C:\USERS\JAMES\DESKTOP\SOURCE CODE\CONTINGENCY-SRC\SRC\GAME\CLIENT\RELEASE_HL2MP\ENTITYORIGINMATERIALPROXY.OBJ
C:\USERS\JAMES\DESKTOP\SOURCE CODE\CONTINGENCY-SRC\SRC\GAME\CLIENT\RELEASE_HL2MP\ENTITYPARTICLETRAIL_SHARED.OBJ
C:\USERS\JAMES\DESKTOP\SOURCE CODE\CONTINGENCY-SRC\SRC\GAME\CLIENT\RELEASE_HL2MP\ENV_DETAIL_CONTROLLER.OBJ
C:\USERS\JAMES\DESKTOP\SOURCE CODE\CONTINGENCY-SRC\SRC\GAME\CLIENT\RELEASE_HL2MP\ENV_HEADCRABCANISTER_SHARED.OBJ
C:\USERS\JAMES\DESKTOP\SOURCE CODE\CONTINGENCY-SRC\SRC\GAME\CLIENT\RELEASE_HL2MP\ENV_WIND_SHARED.OBJ
C:\USERS\JAMES\DESKTOP\SOURCE CODE\CONTINGENCY-SRC\SRC\GAME\CLIENT\RELEASE_HL2MP\EVENTLIST.OBJ
C:\USERS\JAMES\DESKTOP\SOURCE CODE\CONTINGENCY-SRC\SRC\GAME\CLIENT\RELEASE_HL2MP\FILESYSTEM_HELPERS.OBJ
C:\USERS\JAMES\DESKTOP\SOURCE CODE\CONTINGENCY-SRC\SRC\GAME\CLIENT\RELEASE_HL2MP\FLASHLIGHTEFFECT.OBJ
C:\USERS\JAMES\DESKTOP\SOURCE CODE\CONTINGENCY-SRC\SRC\GAME\CLIENT\RELEASE_HL2MP\FUNC_LADDER.OBJ
C:\USERS\JAMES\DESKTOP\SOURCE CODE\CONTINGENCY-SRC\SRC\GAME\CLIENT\RELEASE_HL2MP\FUNCTIONPROXY.OBJ
C:\USERS\JAMES\DESKTOP\SOURCE CODE\CONTINGENCY-SRC\SRC\GAME\CLIENT\RELEASE_HL2MP\FX.OBJ
C:\USERS\JAMES\DESKTOP\SOURCE CODE\CONTINGENCY-SRC\SRC\GAME\CLIENT\RELEASE_HL2MP\FX_ANTLION.OBJ
C:\USERS\JAMES\DESKTOP\SOURCE CODE\CONTINGENCY-SRC\SRC\GAME\CLIENT\RELEASE_HL2MP\FX_BLOOD.OBJ
C:\USERS\JAMES\DESKTOP\SOURCE CODE\CONTINGENCY-SRC\SRC\GAME\CLIENT\RELEASE_HL2MP\FX_BUGBAIT.OBJ
C:\USERS\JAMES\DESKTOP\SOURCE CODE\CONTINGENCY-SRC\SRC\GAME\CLIENT\RELEASE_HL2MP\FX_CUBE.OBJ
C:\USERS\JAMES\DESKTOP\SOURCE CODE\CONTINGENCY-SRC\SRC\GAME\CLIENT\RELEASE_HL2MP\FX_DISCREETLINE.OBJ
C:\USERS\JAMES\DESKTOP\SOURCE CODE\CONTINGENCY-SRC\SRC\GAME\CLIENT\RELEASE_HL2MP\FX_ENVELOPE.OBJ
C:\USERS\JAMES\DESKTOP\SOURCE CODE\CONTINGENCY-SRC\SRC\GAME\CLIENT\RELEASE_HL2MP\FX_EXPLOSION.OBJ
C:\USERS\JAMES\DESKTOP\SOURCE CODE\CONTINGENCY-SRC\SRC\GAME\CLIENT\RELEASE_HL2MP\FX_FLECK.OBJ
C:\USERS\JAMES\DESKTOP\SOURCE CODE\CONTINGENCY-SRC\SRC\GAME\CLIENT\RELEASE_HL2MP\FX_HL2_IMPACTS.OBJ
C:\USERS\JAMES\DESKTOP\SOURCE CODE\CONTINGENCY-SRC\SRC\GAME\CLIENT\RELEASE_HL2MP\FX_HL2_TRACERS.OBJ
C:\USERS\JAMES\DESKTOP\SOURCE CODE\CONTINGENCY-SRC\SRC\GAME\CLIENT\RELEASE_HL2MP\FX_IMPACT.OBJ
C:\USERS\JAMES\DESKTOP\SOURCE CODE\CONTINGENCY-SRC\SRC\GAME\CLIENT\RELEASE_HL2MP\FX_INTERPVALUE.OBJ
C:\USERS\JAMES\DESKTOP\SOURCE CODE\CONTINGENCY-SRC\SRC\GAME\CLIENT\RELEASE_HL2MP\FX_LINE.OBJ
C:\USERS\JAMES\DESKTOP\SOURCE CODE\CONTINGENCY-SRC\SRC\GAME\CLIENT\RELEASE_HL2MP\FX_QUAD.OBJ
C:\USERS\JAMES\DESKTOP\SOURCE CODE\CONTINGENCY-SRC\SRC\GAME\CLIENT\RELEASE_HL2MP\FX_SHELLEJECT.OBJ
C:\USERS\JAMES\DESKTOP\SOURCE CODE\CONTINGENCY-SRC\SRC\GAME\CLIENT\RELEASE_HL2MP\FX_SPARKS.OBJ
C:\USERS\JAMES\DESKTOP\SOURCE CODE\CONTINGENCY-SRC\SRC\GAME\CLIENT\RELEASE_HL2MP\FX_STATICLINE.OBJ
C:\USERS\JAMES\DESKTOP\SOURCE CODE\CONTINGENCY-SRC\SRC\GAME\CLIENT\RELEASE_HL2MP\FX_TRACER.OBJ
C:\USERS\JAMES\DESKTOP\SOURCE CODE\CONTINGENCY-SRC\SRC\GAME\CLIENT\RELEASE_HL2MP\FX_TRAIL.OBJ
C:\USERS\JAMES\DESKTOP\SOURCE CODE\CONTINGENCY-SRC\SRC\GAME\CLIENT\RELEASE_HL2MP\FX_WATER.OBJ
C:\USERS\JAMES\DESKTOP\SOURCE CODE\CONTINGENCY-SRC\SRC\GAME\CLIENT\RELEASE_HL2MP\GAMEMOVEMENT.OBJ
C:\USERS\JAMES\DESKTOP\SOURCE CODE\CONTINGENCY-SRC\SRC\GAME\CLIENT\RELEASE_HL2MP\GAMERULES.OBJ
C:\USERS\JAMES\DESKTOP\SOURCE CODE\CONTINGENCY-SRC\SRC\GAME\CLIENT\RELEASE_HL2MP\GAMERULES_REGISTER.OBJ
C:\USERS\JAMES\DESKTOP\SOURCE CODE\CONTINGENCY-SRC\SRC\GAME\CLIENT\RELEASE_HL2MP\GAMESTATS.OBJ
C:\USERS\JAMES\DESKTOP\SOURCE CODE\CONTINGENCY-SRC\SRC\GAME\CLIENT\RELEASE_HL2MP\GAMESTRINGPOOL.OBJ
C:\USERS\JAMES\DESKTOP\SOURCE CODE\CONTINGENCY-SRC\SRC\GAME\CLIENT\RELEASE_HL2MP\GAMETRACE_CLIENT.OBJ
C:\USERS\JAMES\DESKTOP\SOURCE CODE\CONTINGENCY-SRC\SRC\GAME\CLIENT\RELEASE_HL2MP\GAMEVARS_SHARED.OBJ
C:\USERS\JAMES\DESKTOP\SOURCE CODE\CONTINGENCY-SRC\SRC\GAME\CLIENT\RELEASE_HL2MP\GEIGER.OBJ
C:\USERS\JAMES\DESKTOP\SOURCE CODE\CONTINGENCY-SRC\SRC\GAME\CLIENT\RELEASE_HL2MP\GLOW_OVERLAY.OBJ
C:\USERS\JAMES\DESKTOP\SOURCE CODE\CONTINGENCY-SRC\SRC\GAME\CLIENT\RELEASE_HL2MP\HINTMESSAGE.OBJ
C:\USERS\JAMES\DESKTOP\SOURCE CODE\CONTINGENCY-SRC\SRC\GAME\CLIENT\RELEASE_HL2MP\HINTSYSTEM.OBJ
C:\USERS\JAMES\DESKTOP\SOURCE CODE\CONTINGENCY-SRC\SRC\GAME\CLIENT\RELEASE_HL2MP\HISTORY_RESOURCE.OBJ
C:\USERS\JAMES\DESKTOP\SOURCE CODE\CONTINGENCY-SRC\SRC\GAME\CLIENT\RELEASE_HL2MP\HL_GAMEMOVEMENT.OBJ
C:\USERS\JAMES\DESKTOP\SOURCE CODE\CONTINGENCY-SRC\SRC\GAME\CLIENT\RELEASE_HL2MP\HL_IN_MAIN.OBJ
C:\USERS\JAMES\DESKTOP\SOURCE CODE\CONTINGENCY-SRC\SRC\GAME\CLIENT\RELEASE_HL2MP\HL_PREDICTION.OBJ
C:\USERS\JAMES\DESKTOP\SOURCE CODE\CONTINGENCY-SRC\SRC\GAME\CLIENT\RELEASE_HL2MP\HL2_CLIENTMODE.OBJ
C:\USERS\JAMES\DESKTOP\SOURCE CODE\CONTINGENCY-SRC\SRC\GAME\CLIENT\RELEASE_HL2MP\HL2_GAMERULES.OBJ
C:\USERS\JAMES\DESKTOP\SOURCE CODE\CONTINGENCY-SRC\SRC\GAME\CLIENT\RELEASE_HL2MP\HL2_USERMESSAGES.OBJ
C:\USERS\JAMES\DESKTOP\SOURCE CODE\CONTINGENCY-SRC\SRC\GAME\CLIENT\RELEASE_HL2MP\HL2MP_GAMERULES.OBJ
C:\USERS\JAMES\DESKTOP\SOURCE CODE\CONTINGENCY-SRC\SRC\GAME\CLIENT\RELEASE_HL2MP\HL2MP_HUD_TEAM.OBJ
C:\USERS\JAMES\DESKTOP\SOURCE CODE\CONTINGENCY-SRC\SRC\GAME\CLIENT\RELEASE_HL2MP\HL2MP_PLAYER_SHARED.OBJ
C:\USERS\JAMES\DESKTOP\SOURCE CODE\CONTINGENCY-SRC\SRC\GAME\CLIENT\RELEASE_HL2MP\HL2MP_PLAYERANIMSTATE.OBJ
C:\USERS\JAMES\DESKTOP\SOURCE CODE\CONTINGENCY-SRC\SRC\GAME\CLIENT\RELEASE_HL2MP\HL2MP_WEAPON_PARSE.OBJ
C:\USERS\JAMES\DESKTOP\SOURCE CODE\CONTINGENCY-SRC\SRC\GAME\CLIENT\RELEASE_HL2MP\HL2MPCLIENTSCOREBOARD.OBJ
C:\USERS\JAMES\DESKTOP\SOURCE CODE\CONTINGENCY-SRC\SRC\GAME\CLIENT\RELEASE_HL2MP\HL2MPTEXTWINDOW.OBJ
C:\USERS\JAMES\DESKTOP\SOURCE CODE\CONTINGENCY-SRC\SRC\GAME\CLIENT\RELEASE_HL2MP\HLTVCAMERA.OBJ
C:\USERS\JAMES\DESKTOP\SOURCE CODE\CONTINGENCY-SRC\SRC\GAME\CLIENT\RELEASE_HL2MP\HUD.OBJ
C:\USERS\JAMES\DESKTOP\SOURCE CODE\CONTINGENCY-SRC\SRC\GAME\CLIENT\RELEASE_HL2MP\HUD_ANIMATIONINFO.OBJ
C:\USERS\JAMES\DESKTOP\SOURCE CODE\CONTINGENCY-SRC\SRC\GAME\CLIENT\RELEASE_HL2MP\HUD_AUTOAIM.OBJ
C:\USERS\JAMES\DESKTOP\SOURCE CODE\CONTINGENCY-SRC\SRC\GAME\CLIENT\RELEASE_HL2MP\HUD_BASECHAT.OBJ
C:\USERS\JAMES\DESKTOP\SOURCE CODE\CONTINGENCY-SRC\SRC\GAME\CLIENT\RELEASE_HL2MP\HUD_BASETIMER.OBJ
C:\USERS\JAMES\DESKTOP\SOURCE CODE\CONTINGENCY-SRC\SRC\GAME\CLIENT\RELEASE_HL2MP\HUD_BITMAPNUMERICDISPLAY.OBJ
C:\USERS\JAMES\DESKTOP\SOURCE CODE\CONTINGENCY-SRC\SRC\GAME\CLIENT\RELEASE_HL2MP\HUD_BLOOD.OBJ
C:\USERS\JAMES\DESKTOP\SOURCE CODE\CONTINGENCY-SRC\SRC\GAME\CLIENT\RELEASE_HL2MP\HUD_CLOSECAPTION.OBJ
C:\USERS\JAMES\DESKTOP\SOURCE CODE\CONTINGENCY-SRC\SRC\GAME\CLIENT\RELEASE_HL2MP\HUD_CONTINGENCY_AMMO.OBJ
C:\USERS\JAMES\DESKTOP\SOURCE CODE\CONTINGENCY-SRC\SRC\GAME\CLIENT\RELEASE_HL2MP\HUD_CONTINGENCY_CHAT.OBJ
C:\USERS\JAMES\DESKTOP\SOURCE CODE\CONTINGENCY-SRC\SRC\GAME\CLIENT\RELEASE_HL2MP\HUD_CONTINGENCY_DAMAGEINDICATOR.OBJ
C:\USERS\JAMES\DESKTOP\SOURCE CODE\CONTINGENCY-SRC\SRC\GAME\CLIENT\RELEASE_HL2MP\HUD_CONTINGENCY_LOADOUTDISPLAY.OBJ
C:\USERS\JAMES\DESKTOP\SOURCE CODE\CONTINGENCY-SRC\SRC\GAME\CLIENT\RELEASE_HL2MP\HUD_CONTINGENCY_PHASEDISPLAY.OBJ
C:\USERS\JAMES\DESKTOP\SOURCE CODE\CONTINGENCY-SRC\SRC\GAME\CLIENT\RELEASE_HL2MP\HUD_CONTINGENCY_PLAYERSTATUS.OBJ
C:\USERS\JAMES\DESKTOP\SOURCE CODE\CONTINGENCY-SRC\SRC\GAME\CLIENT\RELEASE_HL2MP\HUD_CONTINGENCY_STAMINA.OBJ
C:\USERS\JAMES\DESKTOP\SOURCE CODE\CONTINGENCY-SRC\SRC\GAME\CLIENT\RELEASE_HL2MP\HUD_CONTINGENCY_TARGET_ID.OBJ
C:\USERS\JAMES\DESKTOP\SOURCE CODE\CONTINGENCY-SRC\SRC\GAME\CLIENT\RELEASE_HL2MP\HUD_CREDITS.OBJ
C:\USERS\JAMES\DESKTOP\SOURCE CODE\CONTINGENCY-SRC\SRC\GAME\CLIENT\RELEASE_HL2MP\HUD_CROSSHAIR.OBJ
C:\USERS\JAMES\DESKTOP\SOURCE CODE\CONTINGENCY-SRC\SRC\GAME\CLIENT\RELEASE_HL2MP\HUD_ELEMENT_HELPER.OBJ
C:\USERS\JAMES\DESKTOP\SOURCE CODE\CONTINGENCY-SRC\SRC\GAME\CLIENT\RELEASE_HL2MP\HUD_FILMDEMO.OBJ
C:\USERS\JAMES\DESKTOP\SOURCE CODE\CONTINGENCY-SRC\SRC\GAME\CLIENT\RELEASE_HL2MP\HUD_FLASHLIGHT.OBJ
C:\USERS\JAMES\DESKTOP\SOURCE CODE\CONTINGENCY-SRC\SRC\GAME\CLIENT\RELEASE_HL2MP\HUD_HDRDEMO.OBJ
C:\USERS\JAMES\DESKTOP\SOURCE CODE\CONTINGENCY-SRC\SRC\GAME\CLIENT\RELEASE_HL2MP\HUD_HINTDISPLAY.OBJ
C:\USERS\JAMES\DESKTOP\SOURCE CODE\CONTINGENCY-SRC\SRC\GAME\CLIENT\RELEASE_HL2MP\HUD_LCD.OBJ
C:\USERS\JAMES\DESKTOP\SOURCE CODE\CONTINGENCY-SRC\SRC\GAME\CLIENT\RELEASE_HL2MP\HUD_MSG.OBJ
C:\USERS\JAMES\DESKTOP\SOURCE CODE\CONTINGENCY-SRC\SRC\GAME\CLIENT\RELEASE_HL2MP\HUD_NUMERICDISPLAY.OBJ
C:\USERS\JAMES\DESKTOP\SOURCE CODE\CONTINGENCY-SRC\SRC\GAME\CLIENT\RELEASE_HL2MP\HUD_PDUMP.OBJ
C:\USERS\JAMES\DESKTOP\SOURCE CODE\CONTINGENCY-SRC\SRC\GAME\CLIENT\RELEASE_HL2MP\HUD_REDRAW.OBJ
C:\USERS\JAMES\DESKTOP\SOURCE CODE\CONTINGENCY-SRC\SRC\GAME\CLIENT\RELEASE_HL2MP\HUD_SQUADSTATUS.OBJ
C:\USERS\JAMES\DESKTOP\SOURCE CODE\CONTINGENCY-SRC\SRC\GAME\CLIENT\RELEASE_HL2MP\HUD_VEHICLE.OBJ
C:\USERS\JAMES\DESKTOP\SOURCE CODE\CONTINGENCY-SRC\SRC\GAME\CLIENT\RELEASE_HL2MP\HUD_VOICESTATUS.OBJ
C:\USERS\JAMES\DESKTOP\SOURCE CODE\CONTINGENCY-SRC\SRC\GAME\CLIENT\RELEASE_HL2MP\HUD_WEAPON.OBJ
C:\USERS\JAMES\DESKTOP\SOURCE CODE\CONTINGENCY-SRC\SRC\GAME\CLIENT\RELEASE_HL2MP\HUD_WEAPONSELECTION.OBJ
C:\USERS\JAMES\DESKTOP\SOURCE CODE\CONTINGENCY-SRC\SRC\GAME\CLIENT\RELEASE_HL2MP\HUD_ZOOM.OBJ
C:\USERS\JAMES\DESKTOP\SOURCE CODE\CONTINGENCY-SRC\SRC\GAME\CLIENT\RELEASE_HL2MP\ICONPANEL.OBJ
C:\USERS\JAMES\DESKTOP\SOURCE CODE\CONTINGENCY-SRC\SRC\GAME\CLIENT\RELEASE_HL2MP\IGAMESYSTEM.OBJ
C:\USERS\JAMES\DESKTOP\SOURCE CODE\CONTINGENCY-SRC\SRC\GAME\CLIENT\RELEASE_HL2MP\IN_CAMERA.OBJ
C:\USERS\JAMES\DESKTOP\SOURCE CODE\CONTINGENCY-SRC\SRC\GAME\CLIENT\RELEASE_HL2MP\IN_JOYSTICK.OBJ
C:\USERS\JAMES\DESKTOP\SOURCE CODE\CONTINGENCY-SRC\SRC\GAME\CLIENT\RELEASE_HL2MP\IN_MAIN.OBJ
C:\USERS\JAMES\DESKTOP\SOURCE CODE\CONTINGENCY-SRC\SRC\GAME\CLIENT\RELEASE_HL2MP\IN_MOUSE.OBJ
C:\USERS\JAMES\DESKTOP\SOURCE CODE\CONTINGENCY-SRC\SRC\GAME\CLIENT\RELEASE_HL2MP\INITIALIZER.OBJ
C:\USERS\JAMES\DESKTOP\SOURCE CODE\CONTINGENCY-SRC\SRC\GAME\CLIENT\RELEASE_HL2MP\INTERPOLATEDVAR.OBJ
C:\USERS\JAMES\DESKTOP\SOURCE CODE\CONTINGENCY-SRC\SRC\GAME\CLIENT\RELEASE_HL2MP\INTERPOLATORTYPES.OBJ
C:\USERS\JAMES\DESKTOP\SOURCE CODE\CONTINGENCY-SRC\SRC\GAME\CLIENT\RELEASE_HL2MP\INTERVAL.OBJ
C:\USERS\JAMES\DESKTOP\SOURCE CODE\CONTINGENCY-SRC\SRC\GAME\CLIENT\RELEASE_HL2MP\INTROMENU.OBJ
C:\USERS\JAMES\DESKTOP\SOURCE CODE\CONTINGENCY-SRC\SRC\GAME\CLIENT\RELEASE_HL2MP\ISNPCPROXY.OBJ
C:\USERS\JAMES\DESKTOP\SOURCE CODE\CONTINGENCY-SRC\SRC\GAME\CLIENT\RELEASE_HL2MP\JIGGLEBONES.OBJ
C:\USERS\JAMES\DESKTOP\SOURCE CODE\CONTINGENCY-SRC\SRC\GAME\CLIENT\RELEASE_HL2MP\LAMPBEAMPROXY.OBJ
C:\USERS\JAMES\DESKTOP\SOURCE CODE\CONTINGENCY-SRC\SRC\GAME\CLIENT\RELEASE_HL2MP\LAMPHALOPROXY.OBJ
C:\Users\James\Desktop\Source Code\contingency-src\src\game\client\Release_hl2mp\link.command.1.tlog
C:\Users\James\Desktop\Source Code\contingency-src\src\game\client\Release_hl2mp\link.read.1.tlog
C:\Users\James\Desktop\Source Code\contingency-src\src\game\client\Release_hl2mp\link.write.1.tlog
C:\USERS\JAMES\DESKTOP\SOURCE CODE\CONTINGENCY-SRC\SRC\GAME\CLIENT\RELEASE_HL2MP\LOADOUTMENU.OBJ
C:\USERS\JAMES\DESKTOP\SOURCE CODE\CONTINGENCY-SRC\SRC\GAME\CLIENT\RELEASE_HL2MP\MAPENTITIES_SHARED.OBJ
C:\USERS\JAMES\DESKTOP\SOURCE CODE\CONTINGENCY-SRC\SRC\GAME\CLIENT\RELEASE_HL2MP\MAPOVERVIEW.OBJ
C:\USERS\JAMES\DESKTOP\SOURCE CODE\CONTINGENCY-SRC\SRC\GAME\CLIENT\RELEASE_HL2MP\MATHPROXY.OBJ
C:\USERS\JAMES\DESKTOP\SOURCE CODE\CONTINGENCY-SRC\SRC\GAME\CLIENT\RELEASE_HL2MP\MATRIXPROXY.OBJ
C:\USERS\JAMES\DESKTOP\SOURCE CODE\CONTINGENCY-SRC\SRC\GAME\CLIENT\RELEASE_HL2MP\MEMOVERRIDE.OBJ
C:\USERS\JAMES\DESKTOP\SOURCE CODE\CONTINGENCY-SRC\SRC\GAME\CLIENT\RELEASE_HL2MP\MENU.OBJ
C:\USERS\JAMES\DESKTOP\SOURCE CODE\CONTINGENCY-SRC\SRC\GAME\CLIENT\RELEASE_HL2MP\MESSAGE.OBJ
C:\USERS\JAMES\DESKTOP\SOURCE CODE\CONTINGENCY-SRC\SRC\GAME\CLIENT\RELEASE_HL2MP\MOVEHELPER_CLIENT.OBJ
C:\USERS\JAMES\DESKTOP\SOURCE CODE\CONTINGENCY-SRC\SRC\GAME\CLIENT\RELEASE_HL2MP\MOVEVARS_SHARED.OBJ
C:\USERS\JAMES\DESKTOP\SOURCE CODE\CONTINGENCY-SRC\SRC\GAME\CLIENT\RELEASE_HL2MP\MP_SHAREDDEFS.OBJ
C:\USERS\JAMES\DESKTOP\SOURCE CODE\CONTINGENCY-SRC\SRC\GAME\CLIENT\RELEASE_HL2MP\MP3PLAYER.OBJ
C:\USERS\JAMES\DESKTOP\SOURCE CODE\CONTINGENCY-SRC\SRC\GAME\CLIENT\RELEASE_HL2MP\MULTIPLAY_GAMERULES.OBJ
C:\USERS\JAMES\DESKTOP\SOURCE CODE\CONTINGENCY-SRC\SRC\GAME\CLIENT\RELEASE_HL2MP\MULTIPLAYER_ANIMSTATE.OBJ
C:\USERS\JAMES\DESKTOP\SOURCE CODE\CONTINGENCY-SRC\SRC\GAME\CLIENT\RELEASE_HL2MP\NAVPROGRESS.OBJ
C:\USERS\JAMES\DESKTOP\SOURCE CODE\CONTINGENCY-SRC\SRC\GAME\CLIENT\RELEASE_HL2MP\NETWORKVAR.OBJ
C:\USERS\JAMES\DESKTOP\SOURCE CODE\CONTINGENCY-SRC\SRC\GAME\CLIENT\RELEASE_HL2MP\OBSTACLE_PUSHAWAY.OBJ
C:\USERS\JAMES\DESKTOP\SOURCE CODE\CONTINGENCY-SRC\SRC\GAME\CLIENT\RELEASE_HL2MP\PANELMETACLASSMGR.OBJ
C:\USERS\JAMES\DESKTOP\SOURCE CODE\CONTINGENCY-SRC\SRC\GAME\CLIENT\RELEASE_HL2MP\PARTICLE_COLLISION.OBJ
C:\USERS\JAMES\DESKTOP\SOURCE CODE\CONTINGENCY-SRC\SRC\GAME\CLIENT\RELEASE_HL2MP\PARTICLE_LITSMOKEEMITTER.OBJ
C:\USERS\JAMES\DESKTOP\SOURCE CODE\CONTINGENCY-SRC\SRC\GAME\CLIENT\RELEASE_HL2MP\PARTICLE_PARSE.OBJ
C:\USERS\JAMES\DESKTOP\SOURCE CODE\CONTINGENCY-SRC\SRC\GAME\CLIENT\RELEASE_HL2MP\PARTICLE_PROPERTY.OBJ
C:\USERS\JAMES\DESKTOP\SOURCE CODE\CONTINGENCY-SRC\SRC\GAME\CLIENT\RELEASE_HL2MP\PARTICLE_PROXIES.OBJ
C:\USERS\JAMES\DESKTOP\SOURCE CODE\CONTINGENCY-SRC\SRC\GAME\CLIENT\RELEASE_HL2MP\PARTICLE_SIMPLE3D.OBJ
C:\USERS\JAMES\DESKTOP\SOURCE CODE\CONTINGENCY-SRC\SRC\GAME\CLIENT\RELEASE_HL2MP\PARTICLEMGR.OBJ
C:\USERS\JAMES\DESKTOP\SOURCE CODE\CONTINGENCY-SRC\SRC\GAME\CLIENT\RELEASE_HL2MP\PARTICLES_ATTRACTOR.OBJ
C:\USERS\JAMES\DESKTOP\SOURCE CODE\CONTINGENCY-SRC\SRC\GAME\CLIENT\RELEASE_HL2MP\PARTICLES_EZ.OBJ
C:\USERS\JAMES\DESKTOP\SOURCE CODE\CONTINGENCY-SRC\SRC\GAME\CLIENT\RELEASE_HL2MP\PARTICLES_LOCALSPACE.OBJ
C:\USERS\JAMES\DESKTOP\SOURCE CODE\CONTINGENCY-SRC\SRC\GAME\CLIENT\RELEASE_HL2MP\PARTICLES_NEW.OBJ
C:\USERS\JAMES\DESKTOP\SOURCE CODE\CONTINGENCY-SRC\SRC\GAME\CLIENT\RELEASE_HL2MP\PARTICLES_SIMPLE.OBJ
C:\USERS\JAMES\DESKTOP\SOURCE CODE\CONTINGENCY-SRC\SRC\GAME\CLIENT\RELEASE_HL2MP\PARTICLESPHERERENDERER.OBJ
C:\USERS\JAMES\DESKTOP\SOURCE CODE\CONTINGENCY-SRC\SRC\GAME\CLIENT\RELEASE_HL2MP\PARTICLESYSTEMQUERY.OBJ
C:\USERS\JAMES\DESKTOP\SOURCE CODE\CONTINGENCY-SRC\SRC\GAME\CLIENT\RELEASE_HL2MP\PERFVISUALBENCHMARK.OBJ
C:\USERS\JAMES\DESKTOP\SOURCE CODE\CONTINGENCY-SRC\SRC\GAME\CLIENT\RELEASE_HL2MP\PHYSICS.OBJ
C:\USERS\JAMES\DESKTOP\SOURCE CODE\CONTINGENCY-SRC\SRC\GAME\CLIENT\RELEASE_HL2MP\PHYSICS_MAIN_CLIENT.OBJ
C:\USERS\JAMES\DESKTOP\SOURCE CODE\CONTINGENCY-SRC\SRC\GAME\CLIENT\RELEASE_HL2MP\PHYSICS_MAIN_SHARED.OBJ
C:\USERS\JAMES\DESKTOP\SOURCE CODE\CONTINGENCY-SRC\SRC\GAME\CLIENT\RELEASE_HL2MP\PHYSICS_SAVERESTORE.OBJ
C:\USERS\JAMES\DESKTOP\SOURCE CODE\CONTINGENCY-SRC\SRC\GAME\CLIENT\RELEASE_HL2MP\PHYSICS_SHARED.OBJ
C:\USERS\JAMES\DESKTOP\SOURCE CODE\CONTINGENCY-SRC\SRC\GAME\CLIENT\RELEASE_HL2MP\PHYSPROPCLIENTSIDE.OBJ
C:\USERS\JAMES\DESKTOP\SOURCE CODE\CONTINGENCY-SRC\SRC\GAME\CLIENT\RELEASE_HL2MP\PLAYERANDOBJECTENUMERATOR.OBJ
C:\USERS\JAMES\DESKTOP\SOURCE CODE\CONTINGENCY-SRC\SRC\GAME\CLIENT\RELEASE_HL2MP\POINT_BONUSMAPS_ACCESSOR.OBJ
C:\USERS\JAMES\DESKTOP\SOURCE CODE\CONTINGENCY-SRC\SRC\GAME\CLIENT\RELEASE_HL2MP\POINT_POSECONTROLLER.OBJ
C:\USERS\JAMES\DESKTOP\SOURCE CODE\CONTINGENCY-SRC\SRC\GAME\CLIENT\RELEASE_HL2MP\POSEDEBUGGER.OBJ
C:\USERS\JAMES\DESKTOP\SOURCE CODE\CONTINGENCY-SRC\SRC\GAME\CLIENT\RELEASE_HL2MP\PRECACHE_REGISTER.OBJ
C:\USERS\JAMES\DESKTOP\SOURCE CODE\CONTINGENCY-SRC\SRC\GAME\CLIENT\RELEASE_HL2MP\PREDICTABLEID.OBJ
C:\USERS\JAMES\DESKTOP\SOURCE CODE\CONTINGENCY-SRC\SRC\GAME\CLIENT\RELEASE_HL2MP\PREDICTED_VIEWMODEL.OBJ
C:\USERS\JAMES\DESKTOP\SOURCE CODE\CONTINGENCY-SRC\SRC\GAME\CLIENT\RELEASE_HL2MP\PREDICTION.OBJ
C:\USERS\JAMES\DESKTOP\SOURCE CODE\CONTINGENCY-SRC\SRC\GAME\CLIENT\RELEASE_HL2MP\PREDICTIONCOPY.OBJ
C:\USERS\JAMES\DESKTOP\SOURCE CODE\CONTINGENCY-SRC\SRC\GAME\CLIENT\RELEASE_HL2MP\PROPS_SHARED.OBJ
C:\USERS\JAMES\DESKTOP\SOURCE CODE\CONTINGENCY-SRC\SRC\GAME\CLIENT\RELEASE_HL2MP\PROXYENTITY.OBJ
C:\USERS\JAMES\DESKTOP\SOURCE CODE\CONTINGENCY-SRC\SRC\GAME\CLIENT\RELEASE_HL2MP\PROXYHEALTH.OBJ
C:\USERS\JAMES\DESKTOP\SOURCE CODE\CONTINGENCY-SRC\SRC\GAME\CLIENT\RELEASE_HL2MP\PROXYPLAYER.OBJ
C:\USERS\JAMES\DESKTOP\SOURCE CODE\CONTINGENCY-SRC\SRC\GAME\CLIENT\RELEASE_HL2MP\PROXYPUPIL.OBJ
C:\USERS\JAMES\DESKTOP\SOURCE CODE\CONTINGENCY-SRC\SRC\GAME\CLIENT\RELEASE_HL2MP\RAGDOLL.OBJ
C:\USERS\JAMES\DESKTOP\SOURCE CODE\CONTINGENCY-SRC\SRC\GAME\CLIENT\RELEASE_HL2MP\RAGDOLL_SHARED.OBJ
C:\USERS\JAMES\DESKTOP\SOURCE CODE\CONTINGENCY-SRC\SRC\GAME\CLIENT\RELEASE_HL2MP\RANDOVERRIDE.OBJ
C:\USERS\JAMES\DESKTOP\SOURCE CODE\CONTINGENCY-SRC\SRC\GAME\CLIENT\RELEASE_HL2MP\RECVPROXY.OBJ
C:\USERS\JAMES\DESKTOP\SOURCE CODE\CONTINGENCY-SRC\SRC\GAME\CLIENT\RELEASE_HL2MP\RENDERTEXTURE.OBJ
C:\USERS\JAMES\DESKTOP\SOURCE CODE\CONTINGENCY-SRC\SRC\GAME\CLIENT\RELEASE_HL2MP\ROPE_HELPERS.OBJ
C:\USERS\JAMES\DESKTOP\SOURCE CODE\CONTINGENCY-SRC\SRC\GAME\CLIENT\RELEASE_HL2MP\ROPE_PHYSICS.OBJ
C:\USERS\JAMES\DESKTOP\SOURCE CODE\CONTINGENCY-SRC\SRC\GAME\CLIENT\RELEASE_HL2MP\SAVERESTORE.OBJ
C:\USERS\JAMES\DESKTOP\SOURCE CODE\CONTINGENCY-SRC\SRC\GAME\CLIENT\RELEASE_HL2MP\SCENEENTITY_SHARED.OBJ
C:\USERS\JAMES\DESKTOP\SOURCE CODE\CONTINGENCY-SRC\SRC\GAME\CLIENT\RELEASE_HL2MP\SCRATCHPAD3D.OBJ
C:\USERS\JAMES\DESKTOP\SOURCE CODE\CONTINGENCY-SRC\SRC\GAME\CLIENT\RELEASE_HL2MP\SCRATCHPADUTILS.OBJ
C:\USERS\JAMES\DESKTOP\SOURCE CODE\CONTINGENCY-SRC\SRC\GAME\CLIENT\RELEASE_HL2MP\SCREENSPACEEFFECTS.OBJ
C:\USERS\JAMES\DESKTOP\SOURCE CODE\CONTINGENCY-SRC\SRC\GAME\CLIENT\RELEASE_HL2MP\SCRIPT_INTRO_SHARED.OBJ
C:\USERS\JAMES\DESKTOP\SOURCE CODE\CONTINGENCY-SRC\SRC\GAME\CLIENT\RELEASE_HL2MP\SENTENCE.OBJ
C:\USERS\JAMES\DESKTOP\SOURCE CODE\CONTINGENCY-SRC\SRC\GAME\CLIENT\RELEASE_HL2MP\SEQUENCE_TRANSITIONER.OBJ
C:\USERS\JAMES\DESKTOP\SOURCE CODE\CONTINGENCY-SRC\SRC\GAME\CLIENT\RELEASE_HL2MP\SHEETSIMULATOR.OBJ
C:\USERS\JAMES\DESKTOP\SOURCE CODE\CONTINGENCY-SRC\SRC\GAME\CLIENT\RELEASE_HL2MP\SHIELDPROXY.OBJ
C:\USERS\JAMES\DESKTOP\SOURCE CODE\CONTINGENCY-SRC\SRC\GAME\CLIENT\RELEASE_HL2MP\SIMPLE_KEYS.OBJ
C:\USERS\JAMES\DESKTOP\SOURCE CODE\CONTINGENCY-SRC\SRC\GAME\CLIENT\RELEASE_HL2MP\SIMPLE_PHYSICS.OBJ
C:\USERS\JAMES\DESKTOP\SOURCE CODE\CONTINGENCY-SRC\SRC\GAME\CLIENT\RELEASE_HL2MP\SIMTIMER.OBJ
C:\USERS\JAMES\DESKTOP\SOURCE CODE\CONTINGENCY-SRC\SRC\GAME\CLIENT\RELEASE_HL2MP\SINGLEPLAY_GAMERULES.OBJ
C:\USERS\JAMES\DESKTOP\SOURCE CODE\CONTINGENCY-SRC\SRC\GAME\CLIENT\RELEASE_HL2MP\SMOKE_FOG_OVERLAY.OBJ
C:\USERS\JAMES\DESKTOP\SOURCE CODE\CONTINGENCY-SRC\SRC\GAME\CLIENT\RELEASE_HL2MP\SOUNDEMITTERSYSTEM.OBJ
C:\USERS\JAMES\DESKTOP\SOURCE CODE\CONTINGENCY-SRC\SRC\GAME\CLIENT\RELEASE_HL2MP\SOUNDENVELOPE.OBJ
C:\USERS\JAMES\DESKTOP\SOURCE CODE\CONTINGENCY-SRC\SRC\GAME\CLIENT\RELEASE_HL2MP\SOUNDPARAMETERSINTERNAL.OBJ
C:\USERS\JAMES\DESKTOP\SOURCE CODE\CONTINGENCY-SRC\SRC\GAME\CLIENT\RELEASE_HL2MP\SPECTATORGUI.OBJ
C:\USERS\JAMES\DESKTOP\SOURCE CODE\CONTINGENCY-SRC\SRC\GAME\CLIENT\RELEASE_HL2MP\SPLINEPATCH.OBJ
C:\USERS\JAMES\DESKTOP\SOURCE CODE\CONTINGENCY-SRC\SRC\GAME\CLIENT\RELEASE_HL2MP\SPRITE.OBJ
C:\USERS\JAMES\DESKTOP\SOURCE CODE\CONTINGENCY-SRC\SRC\GAME\CLIENT\RELEASE_HL2MP\SPRITEMODEL.OBJ
C:\USERS\JAMES\DESKTOP\SOURCE CODE\CONTINGENCY-SRC\SRC\GAME\CLIENT\RELEASE_HL2MP\SPRITETRAIL.OBJ
C:\USERS\JAMES\DESKTOP\SOURCE CODE\CONTINGENCY-SRC\SRC\GAME\CLIENT\RELEASE_HL2MP\STDAFX.OBJ
C:\USERS\JAMES\DESKTOP\SOURCE CODE\CONTINGENCY-SRC\SRC\GAME\CLIENT\RELEASE_HL2MP\STRINGREGISTRY.OBJ
C:\USERS\JAMES\DESKTOP\SOURCE CODE\CONTINGENCY-SRC\SRC\GAME\CLIENT\RELEASE_HL2MP\STUDIO.OBJ
C:\USERS\JAMES\DESKTOP\SOURCE CODE\CONTINGENCY-SRC\SRC\GAME\CLIENT\RELEASE_HL2MP\STUDIO_SHARED.OBJ
C:\USERS\JAMES\DESKTOP\SOURCE CODE\CONTINGENCY-SRC\SRC\GAME\CLIENT\RELEASE_HL2MP\TAKEDAMAGEINFO.OBJ
C:\USERS\JAMES\DESKTOP\SOURCE CODE\CONTINGENCY-SRC\SRC\GAME\CLIENT\RELEASE_HL2MP\TEAMMENU.OBJ
C:\USERS\JAMES\DESKTOP\SOURCE CODE\CONTINGENCY-SRC\SRC\GAME\CLIENT\RELEASE_HL2MP\TEAMPLAY_GAMERULES.OBJ
C:\USERS\JAMES\DESKTOP\SOURCE CODE\CONTINGENCY-SRC\SRC\GAME\CLIENT\RELEASE_HL2MP\TEST_EHANDLE.OBJ
C:\USERS\JAMES\DESKTOP\SOURCE CODE\CONTINGENCY-SRC\SRC\GAME\CLIENT\RELEASE_HL2MP\TEXT_MESSAGE.OBJ
C:\USERS\JAMES\DESKTOP\SOURCE CODE\CONTINGENCY-SRC\SRC\GAME\CLIENT\RELEASE_HL2MP\TEXTURESCROLLMATERIALPROXY.OBJ
C:\USERS\JAMES\DESKTOP\SOURCE CODE\CONTINGENCY-SRC\SRC\GAME\CLIENT\RELEASE_HL2MP\TIMEMATERIALPROXY.OBJ
C:\USERS\JAMES\DESKTOP\SOURCE CODE\CONTINGENCY-SRC\SRC\GAME\CLIENT\RELEASE_HL2MP\TOGGLETEXTUREPROXY.OBJ
C:\USERS\JAMES\DESKTOP\SOURCE CODE\CONTINGENCY-SRC\SRC\GAME\CLIENT\RELEASE_HL2MP\TOOLFRAMEWORK_CLIENT.OBJ
C:\USERS\JAMES\DESKTOP\SOURCE CODE\CONTINGENCY-SRC\SRC\GAME\CLIENT\RELEASE_HL2MP\TRAIN.OBJ
C:\USERS\JAMES\DESKTOP\SOURCE CODE\CONTINGENCY-SRC\SRC\GAME\CLIENT\RELEASE_HL2MP\USERCMD.OBJ
C:\USERS\JAMES\DESKTOP\SOURCE CODE\CONTINGENCY-SRC\SRC\GAME\CLIENT\RELEASE_HL2MP\USERMESSAGES.OBJ
C:\USERS\JAMES\DESKTOP\SOURCE CODE\CONTINGENCY-SRC\SRC\GAME\CLIENT\RELEASE_HL2MP\UTIL_SHARED.OBJ
C:\USERS\JAMES\DESKTOP\SOURCE CODE\CONTINGENCY-SRC\SRC\GAME\CLIENT\RELEASE_HL2MP\VALLOCATOR.OBJ
C:\USERS\JAMES\DESKTOP\SOURCE CODE\CONTINGENCY-SRC\SRC\GAME\CLIENT\RELEASE_HL2MP\VC100.PDB
C:\USERS\JAMES\DESKTOP\SOURCE CODE\CONTINGENCY-SRC\SRC\GAME\CLIENT\RELEASE_HL2MP\VEHICLE_VIEWBLEND_SHARED.OBJ
C:\USERS\JAMES\DESKTOP\SOURCE CODE\CONTINGENCY-SRC\SRC\GAME\CLIENT\RELEASE_HL2MP\VGUI_AVATARIMAGE.OBJ
C:\USERS\JAMES\DESKTOP\SOURCE CODE\CONTINGENCY-SRC\SRC\GAME\CLIENT\RELEASE_HL2MP\VGUI_BASEPANEL.OBJ
C:\USERS\JAMES\DESKTOP\SOURCE CODE\CONTINGENCY-SRC\SRC\GAME\CLIENT\RELEASE_HL2MP\VGUI_BITMAPBUTTON.OBJ
C:\USERS\JAMES\DESKTOP\SOURCE CODE\CONTINGENCY-SRC\SRC\GAME\CLIENT\RELEASE_HL2MP\VGUI_BITMAPIMAGE.OBJ
C:\USERS\JAMES\DESKTOP\SOURCE CODE\CONTINGENCY-SRC\SRC\GAME\CLIENT\RELEASE_HL2MP\VGUI_BITMAPPANEL.OBJ
C:\USERS\JAMES\DESKTOP\SOURCE CODE\CONTINGENCY-SRC\SRC\GAME\CLIENT\RELEASE_HL2MP\VGUI_CENTERSTRINGPANEL.OBJ
C:\USERS\JAMES\DESKTOP\SOURCE CODE\CONTINGENCY-SRC\SRC\GAME\CLIENT\RELEASE_HL2MP\VGUI_CONSOLEPANEL.OBJ
C:\USERS\JAMES\DESKTOP\SOURCE CODE\CONTINGENCY-SRC\SRC\GAME\CLIENT\RELEASE_HL2MP\VGUI_CONTROLS.OBJ
C:\USERS\JAMES\DESKTOP\SOURCE CODE\CONTINGENCY-SRC\SRC\GAME\CLIENT\RELEASE_HL2MP\VGUI_DEBUGOVERLAYPANEL.OBJ
C:\USERS\JAMES\DESKTOP\SOURCE CODE\CONTINGENCY-SRC\SRC\GAME\CLIENT\RELEASE_HL2MP\VGUI_FPSPANEL.OBJ
C:\USERS\JAMES\DESKTOP\SOURCE CODE\CONTINGENCY-SRC\SRC\GAME\CLIENT\RELEASE_HL2MP\VGUI_GAME_VIEWPORT.OBJ
C:\USERS\JAMES\DESKTOP\SOURCE CODE\CONTINGENCY-SRC\SRC\GAME\CLIENT\RELEASE_HL2MP\VGUI_GRID.OBJ
C:\USERS\JAMES\DESKTOP\SOURCE CODE\CONTINGENCY-SRC\SRC\GAME\CLIENT\RELEASE_HL2MP\VGUI_INT.OBJ
C:\USERS\JAMES\DESKTOP\SOURCE CODE\CONTINGENCY-SRC\SRC\GAME\CLIENT\RELEASE_HL2MP\VGUI_LOADINGDISCPANEL.OBJ
C:\USERS\JAMES\DESKTOP\SOURCE CODE\CONTINGENCY-SRC\SRC\GAME\CLIENT\RELEASE_HL2MP\VGUI_MESSAGECHARS.OBJ
C:\USERS\JAMES\DESKTOP\SOURCE CODE\CONTINGENCY-SRC\SRC\GAME\CLIENT\RELEASE_HL2MP\VGUI_NETGRAPHPANEL.OBJ
C:\USERS\JAMES\DESKTOP\SOURCE CODE\CONTINGENCY-SRC\SRC\GAME\CLIENT\RELEASE_HL2MP\VGUI_ROOTPANEL_HL2.OBJ
C:\USERS\JAMES\DESKTOP\SOURCE CODE\CONTINGENCY-SRC\SRC\GAME\CLIENT\RELEASE_HL2MP\VGUI_SLIDESHOW_DISPLAY_SCREEN.OBJ
C:\USERS\JAMES\DESKTOP\SOURCE CODE\CONTINGENCY-SRC\SRC\GAME\CLIENT\RELEASE_HL2MP\VGUITEXTWINDOW.OBJ
C:\USERS\JAMES\DESKTOP\SOURCE CODE\CONTINGENCY-SRC\SRC\GAME\CLIENT\RELEASE_HL2MP\VIEW.OBJ
C:\USERS\JAMES\DESKTOP\SOURCE CODE\CONTINGENCY-SRC\SRC\GAME\CLIENT\RELEASE_HL2MP\VIEW_BEAMS.OBJ
C:\USERS\JAMES\DESKTOP\SOURCE CODE\CONTINGENCY-SRC\SRC\GAME\CLIENT\RELEASE_HL2MP\VIEW_EFFECTS.OBJ
C:\USERS\JAMES\DESKTOP\SOURCE CODE\CONTINGENCY-SRC\SRC\GAME\CLIENT\RELEASE_HL2MP\VIEW_SCENE.OBJ
C:\USERS\JAMES\DESKTOP\SOURCE CODE\CONTINGENCY-SRC\SRC\GAME\CLIENT\RELEASE_HL2MP\VIEWANGLEANIM.OBJ
C:\USERS\JAMES\DESKTOP\SOURCE CODE\CONTINGENCY-SRC\SRC\GAME\CLIENT\RELEASE_HL2MP\VIEWCONEIMAGE.OBJ
C:\USERS\JAMES\DESKTOP\SOURCE CODE\CONTINGENCY-SRC\SRC\GAME\CLIENT\RELEASE_HL2MP\VIEWDEBUG.OBJ
C:\USERS\JAMES\DESKTOP\SOURCE CODE\CONTINGENCY-SRC\SRC\GAME\CLIENT\RELEASE_HL2MP\VIEWPOSTPROCESS.OBJ
C:\USERS\JAMES\DESKTOP\SOURCE CODE\CONTINGENCY-SRC\SRC\GAME\CLIENT\RELEASE_HL2MP\VIEWRENDER.OBJ
C:\USERS\JAMES\DESKTOP\SOURCE CODE\CONTINGENCY-SRC\SRC\GAME\CLIENT\RELEASE_HL2MP\VOICE_BANMGR.OBJ
C:\USERS\JAMES\DESKTOP\SOURCE CODE\CONTINGENCY-SRC\SRC\GAME\CLIENT\RELEASE_HL2MP\VOICE_STATUS.OBJ
C:\USERS\JAMES\DESKTOP\SOURCE CODE\CONTINGENCY-SRC\SRC\GAME\CLIENT\RELEASE_HL2MP\WARP_OVERLAY.OBJ
C:\USERS\JAMES\DESKTOP\SOURCE CODE\CONTINGENCY-SRC\SRC\GAME\CLIENT\RELEASE_HL2MP\WATERLODMATERIALPROXY.OBJ
C:\USERS\JAMES\DESKTOP\SOURCE CODE\CONTINGENCY-SRC\SRC\GAME\CLIENT\RELEASE_HL2MP\WEAPON_357.OBJ
C:\USERS\JAMES\DESKTOP\SOURCE CODE\CONTINGENCY-SRC\SRC\GAME\CLIENT\RELEASE_HL2MP\WEAPON_AR2.OBJ
C:\USERS\JAMES\DESKTOP\SOURCE CODE\CONTINGENCY-SRC\SRC\GAME\CLIENT\RELEASE_HL2MP\WEAPON_CROSSBOW.OBJ
C:\USERS\JAMES\DESKTOP\SOURCE CODE\CONTINGENCY-SRC\SRC\GAME\CLIENT\RELEASE_HL2MP\WEAPON_CROWBAR.OBJ
C:\USERS\JAMES\DESKTOP\SOURCE CODE\CONTINGENCY-SRC\SRC\GAME\CLIENT\RELEASE_HL2MP\WEAPON_FRAG.OBJ
C:\USERS\JAMES\DESKTOP\SOURCE CODE\CONTINGENCY-SRC\SRC\GAME\CLIENT\RELEASE_HL2MP\WEAPON_HEALTHKIT.OBJ
C:\USERS\JAMES\DESKTOP\SOURCE CODE\CONTINGENCY-SRC\SRC\GAME\CLIENT\RELEASE_HL2MP\WEAPON_HL2MPBASE.OBJ
C:\USERS\JAMES\DESKTOP\SOURCE CODE\CONTINGENCY-SRC\SRC\GAME\CLIENT\RELEASE_HL2MP\WEAPON_HL2MPBASE_MACHINEGUN.OBJ
C:\USERS\JAMES\DESKTOP\SOURCE CODE\CONTINGENCY-SRC\SRC\GAME\CLIENT\RELEASE_HL2MP\WEAPON_HL2MPBASEBASEBLUDGEON.OBJ
C:\USERS\JAMES\DESKTOP\SOURCE CODE\CONTINGENCY-SRC\SRC\GAME\CLIENT\RELEASE_HL2MP\WEAPON_HL2MPBASEHLMPCOMBATWEAPON.OBJ
C:\USERS\JAMES\DESKTOP\SOURCE CODE\CONTINGENCY-SRC\SRC\GAME\CLIENT\RELEASE_HL2MP\WEAPON_NYANGUN.OBJ
C:\USERS\JAMES\DESKTOP\SOURCE CODE\CONTINGENCY-SRC\SRC\GAME\CLIENT\RELEASE_HL2MP\WEAPON_PARSE.OBJ
C:\USERS\JAMES\DESKTOP\SOURCE CODE\CONTINGENCY-SRC\SRC\GAME\CLIENT\RELEASE_HL2MP\WEAPON_PHYSCANNON.OBJ
C:\USERS\JAMES\DESKTOP\SOURCE CODE\CONTINGENCY-SRC\SRC\GAME\CLIENT\RELEASE_HL2MP\WEAPON_PISTOL.OBJ
C:\USERS\JAMES\DESKTOP\SOURCE CODE\CONTINGENCY-SRC\SRC\GAME\CLIENT\RELEASE_HL2MP\WEAPON_RPG.OBJ
C:\USERS\JAMES\DESKTOP\SOURCE CODE\CONTINGENCY-SRC\SRC\GAME\CLIENT\RELEASE_HL2MP\WEAPON_SELECTION.OBJ
C:\USERS\JAMES\DESKTOP\SOURCE CODE\CONTINGENCY-SRC\SRC\GAME\CLIENT\RELEASE_HL2MP\WEAPON_SHOTGUN.OBJ
C:\USERS\JAMES\DESKTOP\SOURCE CODE\CONTINGENCY-SRC\SRC\GAME\CLIENT\RELEASE_HL2MP\WEAPON_SLAM.OBJ
C:\USERS\JAMES\DESKTOP\SOURCE CODE\CONTINGENCY-SRC\SRC\GAME\CLIENT\RELEASE_HL2MP\WEAPON_SMG1.OBJ
C:\USERS\JAMES\DESKTOP\SOURCE CODE\CONTINGENCY-SRC\SRC\GAME\CLIENT\RELEASE_HL2MP\WEAPON_STUNSTICK.OBJ
C:\USERS\JAMES\DESKTOP\SOURCE CODE\CONTINGENCY-SRC\SRC\GAME\CLIENT\RELEASE_HL2MP\WEAPONS_RESOURCE.OBJ
C:\USERS\JAMES\DESKTOP\SOURCE CODE\CONTINGENCY-SRC\SRC\GAME\CLIENT\RELEASE_HL2MP\WORLDDIMSPROXY.OBJ
